[0.025s] Invoking command in '/home/jc/carto_ws/src/build/cartographer_ros_msgs': CMAKE_PREFIX_PATH=${CMAKE_PREFIX_PATH}:/home/jc/turtlebot3/install/turtlebot3_teleop:/home/jc/turtlebot3/install/turtlebot3_example:/home/jc/turtlebot3/install/nav2_gazebo_spawner:/home/jc/nav2_ws/install/nav2_gazebo_spawner:/opt/ros/foxy:/home/jc/turtlebot4_ws/install/turtlebot4_tests:/home/jc/turtlebot4_ws/install/turtlebot4_diagnostics /usr/bin/cmake /home/jc/carto_ws/src/cartographer_ros/cartographer_ros_msgs -DCMAKE_INSTALL_PREFIX=/home/jc/carto_ws/src/install/cartographer_ros_msgs
[0.262s] -- The C compiler identification is GNU 9.4.0
[0.365s] -- The CXX compiler identification is GNU 9.4.0
[0.379s] -- Check for working C compiler: /usr/bin/cc
[0.474s] -- Check for working C compiler: /usr/bin/cc -- works
[0.474s] -- Detecting C compiler ABI info
[0.544s] -- Detecting C compiler ABI info - done
[0.551s] -- Detecting C compile features
[0.551s] -- Detecting C compile features - done
[0.553s] -- Check for working CXX compiler: /usr/bin/c++
[0.636s] -- Check for working CXX compiler: /usr/bin/c++ -- works
[0.638s] -- Detecting CXX compiler ABI info
[0.719s] -- Detecting CXX compiler ABI info - done
[0.726s] -- Detecting CXX compile features
[0.727s] -- Detecting CXX compile features - done
[0.743s] -- Found ament_cmake: 0.9.9 (/opt/ros/foxy/share/ament_cmake/cmake)
[0.790s] -- Found PythonInterp: /usr/bin/python3 (found suitable version "3.8.10", minimum required is "3") 
[0.790s] -- Using PYTHON_EXECUTABLE: /usr/bin/python3
[1.217s] -- Found geometry_msgs: 2.0.5 (/opt/ros/foxy/share/geometry_msgs/cmake)
[1.314s] -- Using all available rosidl_typesupport_c: rosidl_typesupport_fastrtps_c;rosidl_typesupport_introspection_c
[1.341s] -- Found rosidl_adapter: 1.2.1 (/opt/ros/foxy/share/rosidl_adapter/cmake)
[1.491s] -- Found OpenSSL: /usr/lib/x86_64-linux-gnu/libcrypto.so (found version "1.1.1f")  
[1.526s] -- Found FastRTPS: /opt/ros/foxy/include  
[1.646s] -- Using all available rosidl_typesupport_cpp: rosidl_typesupport_fastrtps_cpp;rosidl_typesupport_introspection_cpp
[1.792s] -- Found rosidl_default_generators: 1.0.1 (/opt/ros/foxy/share/rosidl_default_generators/cmake)
[1.958s] -- Found PythonInterp: /usr/bin/python3 (found version "3.8.10") 
[2.366s] -- Found ament_cmake_cppcheck: 0.9.6 (/opt/ros/foxy/share/ament_cmake_cppcheck/cmake)
[2.376s] -- Found ament_cmake_cpplint: 0.9.6 (/opt/ros/foxy/share/ament_cmake_cpplint/cmake)
[2.386s] -- Found ament_cmake_uncrustify: 0.9.6 (/opt/ros/foxy/share/ament_cmake_uncrustify/cmake)
[2.398s] -- Found ament_cmake_ros: 0.9.2 (/opt/ros/foxy/share/ament_cmake_ros/cmake)
[2.725s] -- Using all available rosidl_typesupport_c: rosidl_typesupport_fastrtps_c;rosidl_typesupport_introspection_c
[3.074s] -- Using all available rosidl_typesupport_cpp: rosidl_typesupport_fastrtps_cpp;rosidl_typesupport_introspection_cpp
[3.312s] -- Found PythonInterp: /usr/bin/python3 (found suitable version "3.8.10", minimum required is "3.5") 
[3.333s] -- Found python_cmake_module: 0.8.1 (/opt/ros/foxy/share/python_cmake_module/cmake)
[3.477s] -- Found PythonLibs: /usr/lib/x86_64-linux-gnu/libpython3.8.so (found suitable version "3.8.10", minimum required is "3.5") 
[3.477s] -- Using PYTHON_EXECUTABLE: /usr/bin/python3
[3.477s] -- Using PYTHON_INCLUDE_DIRS: /usr/include/python3.8
[3.477s] -- Using PYTHON_LIBRARIES: /usr/lib/x86_64-linux-gnu/libpython3.8.so
[3.543s] -- Found PythonExtra: .so  
[3.941s] -- Found ament_cmake_flake8: 0.9.6 (/opt/ros/foxy/share/ament_cmake_flake8/cmake)
[3.957s] -- Found ament_cmake_pep257: 0.9.6 (/opt/ros/foxy/share/ament_cmake_pep257/cmake)
[4.086s] -- Configuring done
[4.659s] -- Generating done
[4.660s] -- Build files have been written to: /home/jc/carto_ws/src/build/cartographer_ros_msgs
[4.672s] Invoked command in '/home/jc/carto_ws/src/build/cartographer_ros_msgs' returned '0': CMAKE_PREFIX_PATH=${CMAKE_PREFIX_PATH}:/home/jc/turtlebot3/install/turtlebot3_teleop:/home/jc/turtlebot3/install/turtlebot3_example:/home/jc/turtlebot3/install/nav2_gazebo_spawner:/home/jc/nav2_ws/install/nav2_gazebo_spawner:/opt/ros/foxy:/home/jc/turtlebot4_ws/install/turtlebot4_tests:/home/jc/turtlebot4_ws/install/turtlebot4_diagnostics /usr/bin/cmake /home/jc/carto_ws/src/cartographer_ros/cartographer_ros_msgs -DCMAKE_INSTALL_PREFIX=/home/jc/carto_ws/src/install/cartographer_ros_msgs
[4.675s] Invoking command in '/home/jc/carto_ws/src/build/cartographer_ros_msgs': CMAKE_PREFIX_PATH=${CMAKE_PREFIX_PATH}:/home/jc/turtlebot3/install/turtlebot3_teleop:/home/jc/turtlebot3/install/turtlebot3_example:/home/jc/turtlebot3/install/nav2_gazebo_spawner:/home/jc/nav2_ws/install/nav2_gazebo_spawner:/opt/ros/foxy:/home/jc/turtlebot4_ws/install/turtlebot4_tests:/home/jc/turtlebot4_ws/install/turtlebot4_diagnostics /usr/bin/cmake --build /home/jc/carto_ws/src/build/cartographer_ros_msgs -- -j16 -l16
[5.582s] [35m[1mScanning dependencies of target cartographer_ros_msgs__cpp[0m
[5.582s] [  1%] [34m[1mGenerating C code for ROS interfaces[0m
[5.899s] [  1%] [34m[1mGenerating C++ code for ROS interfaces[0m
[13.207s] [  1%] Built target cartographer_ros_msgs__cpp
[13.435s] [35m[1mScanning dependencies of target cartographer_ros_msgs__rosidl_generator_c[0m
[13.553s] [  2%] [34m[1mGenerating C++ type support for eProsima Fast-RTPS[0m
[13.556s] [  2%] [34m[1mGenerating C++ introspection for ROS interfaces[0m
[13.567s] [  3%] [34m[1mGenerating C++ type support dispatch for ROS interfaces[0m
[13.781s] [  4%] [32mBuilding C object CMakeFiles/cartographer_ros_msgs__rosidl_generator_c.dir/rosidl_generator_c/cartographer_ros_msgs/msg/detail/landmark_entry__functions.c.o[0m
[13.996s] [  5%] [32mBuilding C object CMakeFiles/cartographer_ros_msgs__rosidl_generator_c.dir/rosidl_generator_c/cartographer_ros_msgs/msg/detail/status_response__functions.c.o[0m
[13.997s] [  6%] [32mBuilding C object CMakeFiles/cartographer_ros_msgs__rosidl_generator_c.dir/rosidl_generator_c/cartographer_ros_msgs/msg/detail/status_code__functions.c.o[0m
[14.082s] [  6%] [32mBuilding C object CMakeFiles/cartographer_ros_msgs__rosidl_generator_c.dir/rosidl_generator_c/cartographer_ros_msgs/msg/detail/landmark_list__functions.c.o[0m
[14.082s] [  7%] [32mBuilding C object CMakeFiles/cartographer_ros_msgs__rosidl_generator_c.dir/rosidl_generator_c/cartographer_ros_msgs/msg/detail/submap_entry__functions.c.o[0m
[14.100s] [  8%] [32mBuilding C object CMakeFiles/cartographer_ros_msgs__rosidl_generator_c.dir/rosidl_generator_c/cartographer_ros_msgs/msg/detail/sensor_topics__functions.c.o[0m
[14.322s] [  9%] [32mBuilding C object CMakeFiles/cartographer_ros_msgs__rosidl_generator_c.dir/rosidl_generator_c/cartographer_ros_msgs/msg/detail/submap_texture__functions.c.o[0m
[14.555s] [ 10%] [32mBuilding C object CMakeFiles/cartographer_ros_msgs__rosidl_generator_c.dir/rosidl_generator_c/cartographer_ros_msgs/msg/detail/trajectory_options__functions.c.o[0m
[14.556s] [ 11%] [32mBuilding C object CMakeFiles/cartographer_ros_msgs__rosidl_generator_c.dir/rosidl_generator_c/cartographer_ros_msgs/srv/detail/start_trajectory__functions.c.o[0m
[14.556s] [ 11%] [32mBuilding C object CMakeFiles/cartographer_ros_msgs__rosidl_generator_c.dir/rosidl_generator_c/cartographer_ros_msgs/msg/detail/submap_list__functions.c.o[0m
[14.561s] [ 12%] [32mBuilding C object CMakeFiles/cartographer_ros_msgs__rosidl_generator_c.dir/rosidl_generator_c/cartographer_ros_msgs/srv/detail/finish_trajectory__functions.c.o[0m
[14.565s] [ 12%] [32mBuilding C object CMakeFiles/cartographer_ros_msgs__rosidl_generator_c.dir/rosidl_generator_c/cartographer_ros_msgs/srv/detail/submap_query__functions.c.o[0m
[14.570s] [ 13%] [32mBuilding C object CMakeFiles/cartographer_ros_msgs__rosidl_generator_c.dir/rosidl_generator_c/cartographer_ros_msgs/srv/detail/write_state__functions.c.o[0m
[15.046s] [ 14%] [32m[1mLinking C shared library libcartographer_ros_msgs__rosidl_generator_c.so[0m
[15.880s] [ 14%] Built target cartographer_ros_msgs__rosidl_generator_c
[15.999s] [ 15%] [34m[1mGenerating C introspection for ROS interfaces[0m
[16.239s] [ 16%] [34m[1mGenerating C type support dispatch for ROS interfaces[0m
[17.346s] [35m[1mScanning dependencies of target cartographer_ros_msgs__rosidl_typesupport_cpp[0m
[17.688s] [ 17%] [32mBuilding CXX object CMakeFiles/cartographer_ros_msgs__rosidl_typesupport_cpp.dir/rosidl_typesupport_cpp/cartographer_ros_msgs/msg/landmark_entry__type_support.cpp.o[0m
[17.697s] [ 17%] [32mBuilding CXX object CMakeFiles/cartographer_ros_msgs__rosidl_typesupport_cpp.dir/rosidl_typesupport_cpp/cartographer_ros_msgs/msg/sensor_topics__type_support.cpp.o[0m
[17.706s] [ 18%] [32mBuilding CXX object CMakeFiles/cartographer_ros_msgs__rosidl_typesupport_cpp.dir/rosidl_typesupport_cpp/cartographer_ros_msgs/msg/landmark_list__type_support.cpp.o[0m
[17.801s] [ 19%] [32mBuilding CXX object CMakeFiles/cartographer_ros_msgs__rosidl_typesupport_cpp.dir/rosidl_typesupport_cpp/cartographer_ros_msgs/msg/status_code__type_support.cpp.o[0m
[17.808s] [ 20%] [32mBuilding CXX object CMakeFiles/cartographer_ros_msgs__rosidl_typesupport_cpp.dir/rosidl_typesupport_cpp/cartographer_ros_msgs/msg/status_response__type_support.cpp.o[0m
[17.920s] [ 21%] [32mBuilding CXX object CMakeFiles/cartographer_ros_msgs__rosidl_typesupport_cpp.dir/rosidl_typesupport_cpp/cartographer_ros_msgs/msg/submap_entry__type_support.cpp.o[0m
[18.178s] [ 22%] [32mBuilding CXX object CMakeFiles/cartographer_ros_msgs__rosidl_typesupport_cpp.dir/rosidl_typesupport_cpp/cartographer_ros_msgs/msg/submap_list__type_support.cpp.o[0m
[18.392s] [ 22%] [32mBuilding CXX object CMakeFiles/cartographer_ros_msgs__rosidl_typesupport_cpp.dir/rosidl_typesupport_cpp/cartographer_ros_msgs/msg/submap_texture__type_support.cpp.o[0m
[18.701s] [ 23%] [32mBuilding CXX object CMakeFiles/cartographer_ros_msgs__rosidl_typesupport_cpp.dir/rosidl_typesupport_cpp/cartographer_ros_msgs/msg/trajectory_options__type_support.cpp.o[0m
[18.999s] [ 24%] [32mBuilding CXX object CMakeFiles/cartographer_ros_msgs__rosidl_typesupport_cpp.dir/rosidl_typesupport_cpp/cartographer_ros_msgs/srv/start_trajectory__type_support.cpp.o[0m
[19.004s] [ 25%] [32mBuilding CXX object CMakeFiles/cartographer_ros_msgs__rosidl_typesupport_cpp.dir/rosidl_typesupport_cpp/cartographer_ros_msgs/srv/finish_trajectory__type_support.cpp.o[0m
[19.120s] [ 26%] [32mBuilding CXX object CMakeFiles/cartographer_ros_msgs__rosidl_typesupport_cpp.dir/rosidl_typesupport_cpp/cartographer_ros_msgs/srv/submap_query__type_support.cpp.o[0m
[19.136s] [ 26%] [32mBuilding CXX object CMakeFiles/cartographer_ros_msgs__rosidl_typesupport_cpp.dir/rosidl_typesupport_cpp/cartographer_ros_msgs/srv/write_state__type_support.cpp.o[0m
[19.365s] [35m[1mScanning dependencies of target cartographer_ros_msgs__rosidl_typesupport_introspection_cpp[0m
[19.498s] [35m[1mScanning dependencies of target cartographer_ros_msgs__rosidl_typesupport_fastrtps_cpp[0m
[19.717s] [ 27%] [32mBuilding CXX object CMakeFiles/cartographer_ros_msgs__rosidl_typesupport_introspection_cpp.dir/rosidl_typesupport_introspection_cpp/cartographer_ros_msgs/msg/detail/landmark_entry__type_support.cpp.o[0m
[19.720s] [ 28%] [32mBuilding CXX object CMakeFiles/cartographer_ros_msgs__rosidl_typesupport_introspection_cpp.dir/rosidl_typesupport_introspection_cpp/cartographer_ros_msgs/msg/detail/status_code__type_support.cpp.o[0m
[19.842s] [ 29%] [32mBuilding CXX object CMakeFiles/cartographer_ros_msgs__rosidl_typesupport_introspection_cpp.dir/rosidl_typesupport_introspection_cpp/cartographer_ros_msgs/msg/detail/landmark_list__type_support.cpp.o[0m
[19.842s] [ 30%] [32mBuilding CXX object CMakeFiles/cartographer_ros_msgs__rosidl_typesupport_introspection_cpp.dir/rosidl_typesupport_introspection_cpp/cartographer_ros_msgs/msg/detail/sensor_topics__type_support.cpp.o[0m
[20.074s] [ 30%] [32mBuilding CXX object CMakeFiles/cartographer_ros_msgs__rosidl_typesupport_introspection_cpp.dir/rosidl_typesupport_introspection_cpp/cartographer_ros_msgs/msg/detail/status_response__type_support.cpp.o[0m
[20.074s] [ 31%] [32mBuilding CXX object CMakeFiles/cartographer_ros_msgs__rosidl_typesupport_fastrtps_cpp.dir/rosidl_typesupport_fastrtps_cpp/cartographer_ros_msgs/msg/detail/dds_fastrtps/landmark_entry__type_support.cpp.o[0m
[20.218s] [ 32%] [32mBuilding CXX object CMakeFiles/cartographer_ros_msgs__rosidl_typesupport_introspection_cpp.dir/rosidl_typesupport_introspection_cpp/cartographer_ros_msgs/msg/detail/submap_entry__type_support.cpp.o[0m
[20.308s] [ 33%] [32mBuilding CXX object CMakeFiles/cartographer_ros_msgs__rosidl_typesupport_fastrtps_cpp.dir/rosidl_typesupport_fastrtps_cpp/cartographer_ros_msgs/msg/detail/dds_fastrtps/landmark_list__type_support.cpp.o[0m
[20.317s] [ 34%] [32mBuilding CXX object CMakeFiles/cartographer_ros_msgs__rosidl_typesupport_fastrtps_cpp.dir/rosidl_typesupport_fastrtps_cpp/cartographer_ros_msgs/msg/detail/dds_fastrtps/sensor_topics__type_support.cpp.o[0m
[20.546s] [ 35%] [32mBuilding CXX object CMakeFiles/cartographer_ros_msgs__rosidl_typesupport_introspection_cpp.dir/rosidl_typesupport_introspection_cpp/cartographer_ros_msgs/msg/detail/submap_list__type_support.cpp.o[0m
[20.546s] [ 35%] [32mBuilding CXX object CMakeFiles/cartographer_ros_msgs__rosidl_typesupport_fastrtps_cpp.dir/rosidl_typesupport_fastrtps_cpp/cartographer_ros_msgs/msg/detail/dds_fastrtps/status_code__type_support.cpp.o[0m
[20.679s] [ 36%] [32mBuilding CXX object CMakeFiles/cartographer_ros_msgs__rosidl_typesupport_fastrtps_cpp.dir/rosidl_typesupport_fastrtps_cpp/cartographer_ros_msgs/msg/detail/dds_fastrtps/status_response__type_support.cpp.o[0m
[20.929s] [ 37%] [32mBuilding CXX object CMakeFiles/cartographer_ros_msgs__rosidl_typesupport_fastrtps_cpp.dir/rosidl_typesupport_fastrtps_cpp/cartographer_ros_msgs/msg/detail/dds_fastrtps/submap_entry__type_support.cpp.o[0m
[21.018s] [ 38%] [32mBuilding CXX object CMakeFiles/cartographer_ros_msgs__rosidl_typesupport_introspection_cpp.dir/rosidl_typesupport_introspection_cpp/cartographer_ros_msgs/msg/detail/submap_texture__type_support.cpp.o[0m
[21.291s] [ 39%] [32mBuilding CXX object CMakeFiles/cartographer_ros_msgs__rosidl_typesupport_introspection_cpp.dir/rosidl_typesupport_introspection_cpp/cartographer_ros_msgs/msg/detail/trajectory_options__type_support.cpp.o[0m
[21.399s] [ 40%] [32m[1mLinking CXX shared library libcartographer_ros_msgs__rosidl_typesupport_cpp.so[0m
[21.778s] [ 40%] Built target cartographer_ros_msgs__rosidl_typesupport_cpp
[21.999s] [ 41%] [32mBuilding CXX object CMakeFiles/cartographer_ros_msgs__rosidl_typesupport_fastrtps_cpp.dir/rosidl_typesupport_fastrtps_cpp/cartographer_ros_msgs/msg/detail/dds_fastrtps/submap_list__type_support.cpp.o[0m
[22.000s] [ 41%] [32mBuilding CXX object CMakeFiles/cartographer_ros_msgs__rosidl_typesupport_introspection_cpp.dir/rosidl_typesupport_introspection_cpp/cartographer_ros_msgs/srv/detail/finish_trajectory__type_support.cpp.o[0m
[22.119s] [ 42%] [32mBuilding CXX object CMakeFiles/cartographer_ros_msgs__rosidl_typesupport_introspection_cpp.dir/rosidl_typesupport_introspection_cpp/cartographer_ros_msgs/srv/detail/submap_query__type_support.cpp.o[0m
[22.119s] [ 43%] [32mBuilding CXX object CMakeFiles/cartographer_ros_msgs__rosidl_typesupport_introspection_cpp.dir/rosidl_typesupport_introspection_cpp/cartographer_ros_msgs/srv/detail/start_trajectory__type_support.cpp.o[0m
[22.359s] [ 44%] [32mBuilding CXX object CMakeFiles/cartographer_ros_msgs__rosidl_typesupport_introspection_cpp.dir/rosidl_typesupport_introspection_cpp/cartographer_ros_msgs/srv/detail/write_state__type_support.cpp.o[0m
[22.359s] [ 44%] [32mBuilding CXX object CMakeFiles/cartographer_ros_msgs__rosidl_typesupport_fastrtps_cpp.dir/rosidl_typesupport_fastrtps_cpp/cartographer_ros_msgs/msg/detail/dds_fastrtps/trajectory_options__type_support.cpp.o[0m
[22.486s] [ 45%] [32mBuilding CXX object CMakeFiles/cartographer_ros_msgs__rosidl_typesupport_fastrtps_cpp.dir/rosidl_typesupport_fastrtps_cpp/cartographer_ros_msgs/msg/detail/dds_fastrtps/submap_texture__type_support.cpp.o[0m
[22.599s] [35m[1mScanning dependencies of target cartographer_ros_msgs__rosidl_typesupport_introspection_c[0m
[22.600s] [ 46%] [32mBuilding CXX object CMakeFiles/cartographer_ros_msgs__rosidl_typesupport_fastrtps_cpp.dir/rosidl_typesupport_fastrtps_cpp/cartographer_ros_msgs/srv/detail/dds_fastrtps/finish_trajectory__type_support.cpp.o[0m
[22.600s] [35m[1mScanning dependencies of target cartographer_ros_msgs__rosidl_typesupport_c[0m
[22.747s] [ 47%] [32mBuilding CXX object CMakeFiles/cartographer_ros_msgs__rosidl_typesupport_fastrtps_cpp.dir/rosidl_typesupport_fastrtps_cpp/cartographer_ros_msgs/srv/detail/dds_fastrtps/submap_query__type_support.cpp.o[0m
[22.839s] [ 48%] [32mBuilding CXX object CMakeFiles/cartographer_ros_msgs__rosidl_typesupport_c.dir/rosidl_typesupport_c/cartographer_ros_msgs/msg/landmark_list__type_support.cpp.o[0m
[22.854s] [ 48%] [32mBuilding CXX object CMakeFiles/cartographer_ros_msgs__rosidl_typesupport_c.dir/rosidl_typesupport_c/cartographer_ros_msgs/msg/landmark_entry__type_support.cpp.o[0m
[22.930s] [ 49%] [32mBuilding CXX object CMakeFiles/cartographer_ros_msgs__rosidl_typesupport_fastrtps_cpp.dir/rosidl_typesupport_fastrtps_cpp/cartographer_ros_msgs/srv/detail/dds_fastrtps/write_state__type_support.cpp.o[0m
[22.966s] [ 50%] [32mBuilding CXX object CMakeFiles/cartographer_ros_msgs__rosidl_typesupport_fastrtps_cpp.dir/rosidl_typesupport_fastrtps_cpp/cartographer_ros_msgs/srv/detail/dds_fastrtps/start_trajectory__type_support.cpp.o[0m
[22.971s] [ 51%] [32mBuilding C object CMakeFiles/cartographer_ros_msgs__rosidl_typesupport_introspection_c.dir/rosidl_typesupport_introspection_c/cartographer_ros_msgs/msg/detail/landmark_entry__type_support.c.o[0m
[23.080s] [ 52%] [32mBuilding CXX object CMakeFiles/cartographer_ros_msgs__rosidl_typesupport_c.dir/rosidl_typesupport_c/cartographer_ros_msgs/msg/sensor_topics__type_support.cpp.o[0m
[23.107s] [ 53%] [32mBuilding CXX object CMakeFiles/cartographer_ros_msgs__rosidl_typesupport_c.dir/rosidl_typesupport_c/cartographer_ros_msgs/msg/status_code__type_support.cpp.o[0m
[23.213s] [ 54%] [32mBuilding C object CMakeFiles/cartographer_ros_msgs__rosidl_typesupport_introspection_c.dir/rosidl_typesupport_introspection_c/cartographer_ros_msgs/msg/detail/landmark_list__type_support.c.o[0m
[23.453s] [ 54%] [32mBuilding C object CMakeFiles/cartographer_ros_msgs__rosidl_typesupport_introspection_c.dir/rosidl_typesupport_introspection_c/cartographer_ros_msgs/msg/detail/sensor_topics__type_support.c.o[0m
[23.578s] [ 55%] [32mBuilding CXX object CMakeFiles/cartographer_ros_msgs__rosidl_typesupport_c.dir/rosidl_typesupport_c/cartographer_ros_msgs/msg/status_response__type_support.cpp.o[0m
[23.800s] [ 56%] [32mBuilding C object CMakeFiles/cartographer_ros_msgs__rosidl_typesupport_introspection_c.dir/rosidl_typesupport_introspection_c/cartographer_ros_msgs/msg/detail/status_response__type_support.c.o[0m
[23.807s] [ 57%] [32mBuilding C object CMakeFiles/cartographer_ros_msgs__rosidl_typesupport_introspection_c.dir/rosidl_typesupport_introspection_c/cartographer_ros_msgs/msg/detail/status_code__type_support.c.o[0m
[23.841s] [ 58%] [32mBuilding CXX object CMakeFiles/cartographer_ros_msgs__rosidl_typesupport_c.dir/rosidl_typesupport_c/cartographer_ros_msgs/msg/submap_texture__type_support.cpp.o[0m
[23.924s] [ 58%] [32mBuilding CXX object CMakeFiles/cartographer_ros_msgs__rosidl_typesupport_c.dir/rosidl_typesupport_c/cartographer_ros_msgs/msg/submap_entry__type_support.cpp.o[0m
[23.928s] [ 59%] [32mBuilding C object CMakeFiles/cartographer_ros_msgs__rosidl_typesupport_introspection_c.dir/rosidl_typesupport_introspection_c/cartographer_ros_msgs/msg/detail/submap_entry__type_support.c.o[0m
[23.930s] [ 60%] [32mBuilding CXX object CMakeFiles/cartographer_ros_msgs__rosidl_typesupport_c.dir/rosidl_typesupport_c/cartographer_ros_msgs/msg/submap_list__type_support.cpp.o[0m
[24.282s] [ 61%] [32mBuilding C object CMakeFiles/cartographer_ros_msgs__rosidl_typesupport_introspection_c.dir/rosidl_typesupport_introspection_c/cartographer_ros_msgs/msg/detail/submap_list__type_support.c.o[0m
[24.295s] [ 61%] [32mBuilding CXX object CMakeFiles/cartographer_ros_msgs__rosidl_typesupport_c.dir/rosidl_typesupport_c/cartographer_ros_msgs/srv/start_trajectory__type_support.cpp.o[0m
[24.357s] [ 62%] [32mBuilding CXX object CMakeFiles/cartographer_ros_msgs__rosidl_typesupport_c.dir/rosidl_typesupport_c/cartographer_ros_msgs/msg/trajectory_options__type_support.cpp.o[0m
[24.494s] [ 63%] [32mBuilding CXX object CMakeFiles/cartographer_ros_msgs__rosidl_typesupport_c.dir/rosidl_typesupport_c/cartographer_ros_msgs/srv/finish_trajectory__type_support.cpp.o[0m
[24.500s] [ 63%] [32mBuilding C object CMakeFiles/cartographer_ros_msgs__rosidl_typesupport_introspection_c.dir/rosidl_typesupport_introspection_c/cartographer_ros_msgs/msg/detail/submap_texture__type_support.c.o[0m
[24.762s] [ 64%] [32mBuilding C object CMakeFiles/cartographer_ros_msgs__rosidl_typesupport_introspection_c.dir/rosidl_typesupport_introspection_c/cartographer_ros_msgs/msg/detail/trajectory_options__type_support.c.o[0m
[24.890s] [ 65%] [32mBuilding CXX object CMakeFiles/cartographer_ros_msgs__rosidl_typesupport_c.dir/rosidl_typesupport_c/cartographer_ros_msgs/srv/submap_query__type_support.cpp.o[0m
[24.897s] [ 66%] [32mBuilding C object CMakeFiles/cartographer_ros_msgs__rosidl_typesupport_introspection_c.dir/rosidl_typesupport_introspection_c/cartographer_ros_msgs/srv/detail/finish_trajectory__type_support.c.o[0m
[25.001s] [ 67%] [32mBuilding C object CMakeFiles/cartographer_ros_msgs__rosidl_typesupport_introspection_c.dir/rosidl_typesupport_introspection_c/cartographer_ros_msgs/srv/detail/start_trajectory__type_support.c.o[0m
[25.005s] [ 68%] [32mBuilding CXX object CMakeFiles/cartographer_ros_msgs__rosidl_typesupport_c.dir/rosidl_typesupport_c/cartographer_ros_msgs/srv/write_state__type_support.cpp.o[0m
[25.123s] [ 69%] [32mBuilding C object CMakeFiles/cartographer_ros_msgs__rosidl_typesupport_introspection_c.dir/rosidl_typesupport_introspection_c/cartographer_ros_msgs/srv/detail/submap_query__type_support.c.o[0m
[25.145s] [ 69%] [32mBuilding C object CMakeFiles/cartographer_ros_msgs__rosidl_typesupport_introspection_c.dir/rosidl_typesupport_introspection_c/cartographer_ros_msgs/srv/detail/write_state__type_support.c.o[0m
[25.399s] [ 70%] [32m[1mLinking CXX shared library libcartographer_ros_msgs__rosidl_typesupport_introspection_cpp.so[0m
[25.844s] [ 71%] [32m[1mLinking C shared library libcartographer_ros_msgs__rosidl_typesupport_introspection_c.so[0m
[26.130s] [ 72%] [32m[1mLinking CXX shared library libcartographer_ros_msgs__rosidl_typesupport_c.so[0m
[26.679s] [ 72%] Built target cartographer_ros_msgs__rosidl_typesupport_c
[26.799s] [ 72%] Built target cartographer_ros_msgs__rosidl_typesupport_introspection_c
[26.926s] [ 72%] Built target cartographer_ros_msgs__rosidl_typesupport_introspection_cpp
[27.519s] [ 72%] [32m[1mLinking CXX shared library libcartographer_ros_msgs__rosidl_typesupport_fastrtps_cpp.so[0m
[28.273s] [ 72%] Built target cartographer_ros_msgs__rosidl_typesupport_fastrtps_cpp
[28.379s] [ 73%] [34m[1mGenerating C type support for eProsima Fast-RTPS[0m
[32.409s] [35m[1mScanning dependencies of target cartographer_ros_msgs__rosidl_typesupport_fastrtps_c[0m
[32.684s] [ 74%] [32mBuilding CXX object CMakeFiles/cartographer_ros_msgs__rosidl_typesupport_fastrtps_c.dir/rosidl_typesupport_fastrtps_c/cartographer_ros_msgs/msg/detail/landmark_entry__type_support_c.cpp.o[0m
[32.700s] [ 75%] [32mBuilding CXX object CMakeFiles/cartographer_ros_msgs__rosidl_typesupport_fastrtps_c.dir/rosidl_typesupport_fastrtps_c/cartographer_ros_msgs/msg/detail/sensor_topics__type_support_c.cpp.o[0m
[32.804s] [ 75%] [32mBuilding CXX object CMakeFiles/cartographer_ros_msgs__rosidl_typesupport_fastrtps_c.dir/rosidl_typesupport_fastrtps_c/cartographer_ros_msgs/msg/detail/landmark_list__type_support_c.cpp.o[0m
[32.811s] [ 76%] [32mBuilding CXX object CMakeFiles/cartographer_ros_msgs__rosidl_typesupport_fastrtps_c.dir/rosidl_typesupport_fastrtps_c/cartographer_ros_msgs/msg/detail/status_code__type_support_c.cpp.o[0m
[32.825s] [ 77%] [32mBuilding CXX object CMakeFiles/cartographer_ros_msgs__rosidl_typesupport_fastrtps_c.dir/rosidl_typesupport_fastrtps_c/cartographer_ros_msgs/msg/detail/status_response__type_support_c.cpp.o[0m
[32.920s] [ 78%] [32mBuilding CXX object CMakeFiles/cartographer_ros_msgs__rosidl_typesupport_fastrtps_c.dir/rosidl_typesupport_fastrtps_c/cartographer_ros_msgs/msg/detail/submap_entry__type_support_c.cpp.o[0m
[33.055s] [ 79%] [32mBuilding CXX object CMakeFiles/cartographer_ros_msgs__rosidl_typesupport_fastrtps_c.dir/rosidl_typesupport_fastrtps_c/cartographer_ros_msgs/msg/detail/submap_texture__type_support_c.cpp.o[0m
[33.161s] [ 79%] [32mBuilding CXX object CMakeFiles/cartographer_ros_msgs__rosidl_typesupport_fastrtps_c.dir/rosidl_typesupport_fastrtps_c/cartographer_ros_msgs/msg/detail/submap_list__type_support_c.cpp.o[0m
[33.161s] [ 80%] [32mBuilding CXX object CMakeFiles/cartographer_ros_msgs__rosidl_typesupport_fastrtps_c.dir/rosidl_typesupport_fastrtps_c/cartographer_ros_msgs/msg/detail/trajectory_options__type_support_c.cpp.o[0m
[33.248s] [ 81%] [32mBuilding CXX object CMakeFiles/cartographer_ros_msgs__rosidl_typesupport_fastrtps_c.dir/rosidl_typesupport_fastrtps_c/cartographer_ros_msgs/srv/detail/finish_trajectory__type_support_c.cpp.o[0m
[33.419s] [ 82%] [32mBuilding CXX object CMakeFiles/cartographer_ros_msgs__rosidl_typesupport_fastrtps_c.dir/rosidl_typesupport_fastrtps_c/cartographer_ros_msgs/srv/detail/write_state__type_support_c.cpp.o[0m
[33.524s] [ 82%] [32mBuilding CXX object CMakeFiles/cartographer_ros_msgs__rosidl_typesupport_fastrtps_c.dir/rosidl_typesupport_fastrtps_c/cartographer_ros_msgs/srv/detail/submap_query__type_support_c.cpp.o[0m
[33.524s] [ 83%] [32mBuilding CXX object CMakeFiles/cartographer_ros_msgs__rosidl_typesupport_fastrtps_c.dir/rosidl_typesupport_fastrtps_c/cartographer_ros_msgs/srv/detail/start_trajectory__type_support_c.cpp.o[0m
[35.920s] [ 84%] [32m[1mLinking CXX shared library libcartographer_ros_msgs__rosidl_typesupport_fastrtps_c.so[0m
[36.520s] [ 84%] Built target cartographer_ros_msgs__rosidl_typesupport_fastrtps_c
[36.557s] [35m[1mScanning dependencies of target cartographer_ros_msgs[0m
[36.759s] [ 84%] Built target cartographer_ros_msgs
[37.013s] [35m[1mScanning dependencies of target cartographer_ros_msgs__py[0m
[37.240s] [ 85%] [34m[1mGenerating Python code for ROS interfaces[0m
[48.787s] [ 85%] Built target cartographer_ros_msgs__py
[48.893s] [35m[1mScanning dependencies of target cartographer_ros_msgs__python[0m
[49.722s] [ 86%] [32mBuilding C object CMakeFiles/cartographer_ros_msgs__python.dir/rosidl_generator_py/cartographer_ros_msgs/msg/_landmark_entry_s.c.o[0m
[49.723s] [ 87%] [32mBuilding C object CMakeFiles/cartographer_ros_msgs__python.dir/rosidl_generator_py/cartographer_ros_msgs/msg/_landmark_list_s.c.o[0m
[49.724s] [ 87%] [32mBuilding C object CMakeFiles/cartographer_ros_msgs__python.dir/rosidl_generator_py/cartographer_ros_msgs/msg/_sensor_topics_s.c.o[0m
[49.732s] [ 88%] [32mBuilding C object CMakeFiles/cartographer_ros_msgs__python.dir/rosidl_generator_py/cartographer_ros_msgs/msg/_status_code_s.c.o[0m
[49.747s] [ 89%] [32mBuilding C object CMakeFiles/cartographer_ros_msgs__python.dir/rosidl_generator_py/cartographer_ros_msgs/msg/_status_response_s.c.o[0m
[49.814s] [ 90%] [32mBuilding C object CMakeFiles/cartographer_ros_msgs__python.dir/rosidl_generator_py/cartographer_ros_msgs/msg/_submap_entry_s.c.o[0m
[50.097s] [ 91%] [32mBuilding C object CMakeFiles/cartographer_ros_msgs__python.dir/rosidl_generator_py/cartographer_ros_msgs/msg/_submap_list_s.c.o[0m
[50.169s] [ 92%] [32mBuilding C object CMakeFiles/cartographer_ros_msgs__python.dir/rosidl_generator_py/cartographer_ros_msgs/msg/_trajectory_options_s.c.o[0m
[50.216s] [ 93%] [32mBuilding C object CMakeFiles/cartographer_ros_msgs__python.dir/rosidl_generator_py/cartographer_ros_msgs/srv/_start_trajectory_s.c.o[0m
[50.221s] [ 93%] [32mBuilding C object CMakeFiles/cartographer_ros_msgs__python.dir/rosidl_generator_py/cartographer_ros_msgs/msg/_submap_texture_s.c.o[0m
[50.274s] [ 94%] [32mBuilding C object CMakeFiles/cartographer_ros_msgs__python.dir/rosidl_generator_py/cartographer_ros_msgs/srv/_finish_trajectory_s.c.o[0m
[50.274s] [ 95%] [32mBuilding C object CMakeFiles/cartographer_ros_msgs__python.dir/rosidl_generator_py/cartographer_ros_msgs/srv/_submap_query_s.c.o[0m
[50.481s] [ 95%] [32mBuilding C object CMakeFiles/cartographer_ros_msgs__python.dir/rosidl_generator_py/cartographer_ros_msgs/srv/_write_state_s.c.o[0m
[51.164s] [ 96%] [32m[1mLinking C shared library rosidl_generator_py/cartographer_ros_msgs/libcartographer_ros_msgs__python.so[0m
[52.092s] [ 96%] Built target cartographer_ros_msgs__python
[52.198s] [35m[1mScanning dependencies of target cartographer_ros_msgs__rosidl_typesupport_c__pyext[0m
[52.216s] [35m[1mScanning dependencies of target cartographer_ros_msgs__rosidl_typesupport_introspection_c__pyext[0m
[52.332s] [35m[1mScanning dependencies of target cartographer_ros_msgs__rosidl_typesupport_fastrtps_c__pyext[0m
[52.470s] [ 97%] [32mBuilding C object CMakeFiles/cartographer_ros_msgs__rosidl_typesupport_fastrtps_c__pyext.dir/rosidl_generator_py/cartographer_ros_msgs/_cartographer_ros_msgs_s.ep.rosidl_typesupport_fastrtps_c.c.o[0m
[52.556s] [ 98%] [32mBuilding C object CMakeFiles/cartographer_ros_msgs__rosidl_typesupport_c__pyext.dir/rosidl_generator_py/cartographer_ros_msgs/_cartographer_ros_msgs_s.ep.rosidl_typesupport_c.c.o[0m
[52.588s] [ 99%] [32mBuilding C object CMakeFiles/cartographer_ros_msgs__rosidl_typesupport_introspection_c__pyext.dir/rosidl_generator_py/cartographer_ros_msgs/_cartographer_ros_msgs_s.ep.rosidl_typesupport_introspection_c.c.o[0m
[53.435s] [ 99%] [32m[1mLinking CXX shared library rosidl_generator_py/cartographer_ros_msgs/cartographer_ros_msgs_s__rosidl_typesupport_fastrtps_c.cpython-38-x86_64-linux-gnu.so[0m
[53.600s] [100%] [32m[1mLinking C shared library rosidl_generator_py/cartographer_ros_msgs/cartographer_ros_msgs_s__rosidl_typesupport_introspection_c.cpython-38-x86_64-linux-gnu.so[0m
[53.650s] [100%] [32m[1mLinking C shared library rosidl_generator_py/cartographer_ros_msgs/cartographer_ros_msgs_s__rosidl_typesupport_c.cpython-38-x86_64-linux-gnu.so[0m
[53.973s] [100%] Built target cartographer_ros_msgs__rosidl_typesupport_c__pyext
[54.133s] [100%] Built target cartographer_ros_msgs__rosidl_typesupport_fastrtps_c__pyext
[54.142s] [100%] Built target cartographer_ros_msgs__rosidl_typesupport_introspection_c__pyext
[54.258s] Invoked command in '/home/jc/carto_ws/src/build/cartographer_ros_msgs' returned '0': CMAKE_PREFIX_PATH=${CMAKE_PREFIX_PATH}:/home/jc/turtlebot3/install/turtlebot3_teleop:/home/jc/turtlebot3/install/turtlebot3_example:/home/jc/turtlebot3/install/nav2_gazebo_spawner:/home/jc/nav2_ws/install/nav2_gazebo_spawner:/opt/ros/foxy:/home/jc/turtlebot4_ws/install/turtlebot4_tests:/home/jc/turtlebot4_ws/install/turtlebot4_diagnostics /usr/bin/cmake --build /home/jc/carto_ws/src/build/cartographer_ros_msgs -- -j16 -l16
[65.893s] Invoking command in '/home/jc/carto_ws/src/build/cartographer_ros_msgs': CMAKE_PREFIX_PATH=${CMAKE_PREFIX_PATH}:/home/jc/turtlebot3/install/turtlebot3_teleop:/home/jc/turtlebot3/install/turtlebot3_example:/home/jc/turtlebot3/install/nav2_gazebo_spawner:/home/jc/nav2_ws/install/nav2_gazebo_spawner:/opt/ros/foxy:/home/jc/turtlebot4_ws/install/turtlebot4_tests:/home/jc/turtlebot4_ws/install/turtlebot4_diagnostics /usr/bin/cmake --install /home/jc/carto_ws/src/build/cartographer_ros_msgs
[66.002s] -- Install configuration: ""
[66.003s] -- Installing: /home/jc/carto_ws/src/install/cartographer_ros_msgs/share/ament_index/resource_index/rosidl_interfaces/cartographer_ros_msgs
[66.003s] -- Installing: /home/jc/carto_ws/src/install/cartographer_ros_msgs/include/cartographer_ros_msgs
[66.003s] -- Installing: /home/jc/carto_ws/src/install/cartographer_ros_msgs/include/cartographer_ros_msgs/msg
[66.003s] -- Installing: /home/jc/carto_ws/src/install/cartographer_ros_msgs/include/cartographer_ros_msgs/msg/submap_entry.h
[66.003s] -- Installing: /home/jc/carto_ws/src/install/cartographer_ros_msgs/include/cartographer_ros_msgs/msg/submap_texture.h
[66.004s] -- Installing: /home/jc/carto_ws/src/install/cartographer_ros_msgs/include/cartographer_ros_msgs/msg/submap_list.h
[66.004s] -- Installing: /home/jc/carto_ws/src/install/cartographer_ros_msgs/include/cartographer_ros_msgs/msg/trajectory_options.h
[66.004s] -- Installing: /home/jc/carto_ws/src/install/cartographer_ros_msgs/include/cartographer_ros_msgs/msg/rosidl_generator_c__visibility_control.h
[66.004s] -- Installing: /home/jc/carto_ws/src/install/cartographer_ros_msgs/include/cartographer_ros_msgs/msg/sensor_topics.h
[66.004s] -- Installing: /home/jc/carto_ws/src/install/cartographer_ros_msgs/include/cartographer_ros_msgs/msg/landmark_entry.h
[66.004s] -- Installing: /home/jc/carto_ws/src/install/cartographer_ros_msgs/include/cartographer_ros_msgs/msg/landmark_list.h
[66.004s] -- Installing: /home/jc/carto_ws/src/install/cartographer_ros_msgs/include/cartographer_ros_msgs/msg/status_response.h
[66.004s] -- Installing: /home/jc/carto_ws/src/install/cartographer_ros_msgs/include/cartographer_ros_msgs/msg/status_code.h
[66.004s] -- Installing: /home/jc/carto_ws/src/install/cartographer_ros_msgs/include/cartographer_ros_msgs/msg/detail
[66.004s] -- Installing: /home/jc/carto_ws/src/install/cartographer_ros_msgs/include/cartographer_ros_msgs/msg/detail/trajectory_options__type_support.h
[66.005s] -- Installing: /home/jc/carto_ws/src/install/cartographer_ros_msgs/include/cartographer_ros_msgs/msg/detail/status_response__struct.h
[66.005s] -- Installing: /home/jc/carto_ws/src/install/cartographer_ros_msgs/include/cartographer_ros_msgs/msg/detail/submap_texture__type_support.h
[66.005s] -- Installing: /home/jc/carto_ws/src/install/cartographer_ros_msgs/include/cartographer_ros_msgs/msg/detail/status_code__struct.h
[66.005s] -- Installing: /home/jc/carto_ws/src/install/cartographer_ros_msgs/include/cartographer_ros_msgs/msg/detail/landmark_list__functions.h
[66.005s] -- Installing: /home/jc/carto_ws/src/install/cartographer_ros_msgs/include/cartographer_ros_msgs/msg/detail/submap_list__functions.h
[66.005s] -- Installing: /home/jc/carto_ws/src/install/cartographer_ros_msgs/include/cartographer_ros_msgs/msg/detail/submap_texture__functions.h
[66.005s] -- Installing: /home/jc/carto_ws/src/install/cartographer_ros_msgs/include/cartographer_ros_msgs/msg/detail/submap_entry__type_support.h
[66.005s] -- Installing: /home/jc/carto_ws/src/install/cartographer_ros_msgs/include/cartographer_ros_msgs/msg/detail/sensor_topics__functions.h
[66.005s] -- Installing: /home/jc/carto_ws/src/install/cartographer_ros_msgs/include/cartographer_ros_msgs/msg/detail/trajectory_options__functions.c
[66.006s] -- Installing: /home/jc/carto_ws/src/install/cartographer_ros_msgs/include/cartographer_ros_msgs/msg/detail/submap_texture__struct.h
[66.006s] -- Installing: /home/jc/carto_ws/src/install/cartographer_ros_msgs/include/cartographer_ros_msgs/msg/detail/landmark_list__type_support.h
[66.006s] -- Installing: /home/jc/carto_ws/src/install/cartographer_ros_msgs/include/cartographer_ros_msgs/msg/detail/trajectory_options__struct.h
[66.006s] -- Installing: /home/jc/carto_ws/src/install/cartographer_ros_msgs/include/cartographer_ros_msgs/msg/detail/status_code__functions.c
[66.006s] -- Installing: /home/jc/carto_ws/src/install/cartographer_ros_msgs/include/cartographer_ros_msgs/msg/detail/submap_entry__functions.h
[66.006s] -- Installing: /home/jc/carto_ws/src/install/cartographer_ros_msgs/include/cartographer_ros_msgs/msg/detail/status_code__type_support.h
[66.006s] -- Installing: /home/jc/carto_ws/src/install/cartographer_ros_msgs/include/cartographer_ros_msgs/msg/detail/sensor_topics__functions.c
[66.009s] -- Installing: /home/jc/carto_ws/src/install/cartographer_ros_msgs/include/cartographer_ros_msgs/msg/detail/submap_list__type_support.h
[66.010s] -- Installing: /home/jc/carto_ws/src/install/cartographer_ros_msgs/include/cartographer_ros_msgs/msg/detail/status_code__functions.h
[66.010s] -- Installing: /home/jc/carto_ws/src/install/cartographer_ros_msgs/include/cartographer_ros_msgs/msg/detail/submap_list__functions.c
[66.010s] -- Installing: /home/jc/carto_ws/src/install/cartographer_ros_msgs/include/cartographer_ros_msgs/msg/detail/submap_entry__struct.h
[66.010s] -- Installing: /home/jc/carto_ws/src/install/cartographer_ros_msgs/include/cartographer_ros_msgs/msg/detail/landmark_entry__functions.c
[66.010s] -- Installing: /home/jc/carto_ws/src/install/cartographer_ros_msgs/include/cartographer_ros_msgs/msg/detail/trajectory_options__functions.h
[66.011s] -- Installing: /home/jc/carto_ws/src/install/cartographer_ros_msgs/include/cartographer_ros_msgs/msg/detail/landmark_entry__struct.h
[66.011s] -- Installing: /home/jc/carto_ws/src/install/cartographer_ros_msgs/include/cartographer_ros_msgs/msg/detail/status_response__functions.c
[66.011s] -- Installing: /home/jc/carto_ws/src/install/cartographer_ros_msgs/include/cartographer_ros_msgs/msg/detail/status_response__type_support.h
[66.011s] -- Installing: /home/jc/carto_ws/src/install/cartographer_ros_msgs/include/cartographer_ros_msgs/msg/detail/landmark_list__functions.c
[66.011s] -- Installing: /home/jc/carto_ws/src/install/cartographer_ros_msgs/include/cartographer_ros_msgs/msg/detail/submap_entry__functions.c
[66.011s] -- Installing: /home/jc/carto_ws/src/install/cartographer_ros_msgs/include/cartographer_ros_msgs/msg/detail/landmark_list__struct.h
[66.011s] -- Installing: /home/jc/carto_ws/src/install/cartographer_ros_msgs/include/cartographer_ros_msgs/msg/detail/sensor_topics__struct.h
[66.012s] -- Installing: /home/jc/carto_ws/src/install/cartographer_ros_msgs/include/cartographer_ros_msgs/msg/detail/landmark_entry__type_support.h
[66.012s] -- Installing: /home/jc/carto_ws/src/install/cartographer_ros_msgs/include/cartographer_ros_msgs/msg/detail/status_response__functions.h
[66.012s] -- Installing: /home/jc/carto_ws/src/install/cartographer_ros_msgs/include/cartographer_ros_msgs/msg/detail/submap_list__struct.h
[66.012s] -- Installing: /home/jc/carto_ws/src/install/cartographer_ros_msgs/include/cartographer_ros_msgs/msg/detail/sensor_topics__type_support.h
[66.012s] -- Installing: /home/jc/carto_ws/src/install/cartographer_ros_msgs/include/cartographer_ros_msgs/msg/detail/submap_texture__functions.c
[66.012s] -- Installing: /home/jc/carto_ws/src/install/cartographer_ros_msgs/include/cartographer_ros_msgs/msg/detail/landmark_entry__functions.h
[66.013s] -- Installing: /home/jc/carto_ws/src/install/cartographer_ros_msgs/include/cartographer_ros_msgs/srv
[66.013s] -- Installing: /home/jc/carto_ws/src/install/cartographer_ros_msgs/include/cartographer_ros_msgs/srv/start_trajectory.h
[66.013s] -- Installing: /home/jc/carto_ws/src/install/cartographer_ros_msgs/include/cartographer_ros_msgs/srv/submap_query.h
[66.013s] -- Installing: /home/jc/carto_ws/src/install/cartographer_ros_msgs/include/cartographer_ros_msgs/srv/write_state.h
[66.013s] -- Installing: /home/jc/carto_ws/src/install/cartographer_ros_msgs/include/cartographer_ros_msgs/srv/detail
[66.013s] -- Installing: /home/jc/carto_ws/src/install/cartographer_ros_msgs/include/cartographer_ros_msgs/srv/detail/submap_query__type_support.h
[66.013s] -- Installing: /home/jc/carto_ws/src/install/cartographer_ros_msgs/include/cartographer_ros_msgs/srv/detail/start_trajectory__type_support.h
[66.014s] -- Installing: /home/jc/carto_ws/src/install/cartographer_ros_msgs/include/cartographer_ros_msgs/srv/detail/write_state__type_support.h
[66.014s] -- Installing: /home/jc/carto_ws/src/install/cartographer_ros_msgs/include/cartographer_ros_msgs/srv/detail/finish_trajectory__functions.c
[66.014s] -- Installing: /home/jc/carto_ws/src/install/cartographer_ros_msgs/include/cartographer_ros_msgs/srv/detail/start_trajectory__functions.h
[66.014s] -- Installing: /home/jc/carto_ws/src/install/cartographer_ros_msgs/include/cartographer_ros_msgs/srv/detail/start_trajectory__functions.c
[66.014s] -- Installing: /home/jc/carto_ws/src/install/cartographer_ros_msgs/include/cartographer_ros_msgs/srv/detail/finish_trajectory__functions.h
[66.014s] -- Installing: /home/jc/carto_ws/src/install/cartographer_ros_msgs/include/cartographer_ros_msgs/srv/detail/start_trajectory__struct.h
[66.014s] -- Installing: /home/jc/carto_ws/src/install/cartographer_ros_msgs/include/cartographer_ros_msgs/srv/detail/write_state__struct.h
[66.015s] -- Installing: /home/jc/carto_ws/src/install/cartographer_ros_msgs/include/cartographer_ros_msgs/srv/detail/submap_query__functions.c
[66.015s] -- Installing: /home/jc/carto_ws/src/install/cartographer_ros_msgs/include/cartographer_ros_msgs/srv/detail/finish_trajectory__struct.h
[66.015s] -- Installing: /home/jc/carto_ws/src/install/cartographer_ros_msgs/include/cartographer_ros_msgs/srv/detail/finish_trajectory__type_support.h
[66.015s] -- Installing: /home/jc/carto_ws/src/install/cartographer_ros_msgs/include/cartographer_ros_msgs/srv/detail/submap_query__functions.h
[66.015s] -- Installing: /home/jc/carto_ws/src/install/cartographer_ros_msgs/include/cartographer_ros_msgs/srv/detail/write_state__functions.c
[66.015s] -- Installing: /home/jc/carto_ws/src/install/cartographer_ros_msgs/include/cartographer_ros_msgs/srv/detail/submap_query__struct.h
[66.015s] -- Installing: /home/jc/carto_ws/src/install/cartographer_ros_msgs/include/cartographer_ros_msgs/srv/detail/write_state__functions.h
[66.015s] -- Installing: /home/jc/carto_ws/src/install/cartographer_ros_msgs/include/cartographer_ros_msgs/srv/finish_trajectory.h
[66.015s] -- Installing: /home/jc/carto_ws/src/install/cartographer_ros_msgs/share/cartographer_ros_msgs/environment/library_path.sh
[66.016s] -- Installing: /home/jc/carto_ws/src/install/cartographer_ros_msgs/share/cartographer_ros_msgs/environment/library_path.dsv
[66.016s] -- Installing: /home/jc/carto_ws/src/install/cartographer_ros_msgs/lib/libcartographer_ros_msgs__rosidl_generator_c.so
[66.017s] -- Set runtime path of "/home/jc/carto_ws/src/install/cartographer_ros_msgs/lib/libcartographer_ros_msgs__rosidl_generator_c.so" to ""
[66.017s] -- Up-to-date: /home/jc/carto_ws/src/install/cartographer_ros_msgs/include/cartographer_ros_msgs
[66.017s] -- Up-to-date: /home/jc/carto_ws/src/install/cartographer_ros_msgs/include/cartographer_ros_msgs/msg
[66.017s] -- Up-to-date: /home/jc/carto_ws/src/install/cartographer_ros_msgs/include/cartographer_ros_msgs/msg/detail
[66.017s] -- Installing: /home/jc/carto_ws/src/install/cartographer_ros_msgs/include/cartographer_ros_msgs/msg/detail/sensor_topics__rosidl_typesupport_fastrtps_c.h
[66.018s] -- Installing: /home/jc/carto_ws/src/install/cartographer_ros_msgs/include/cartographer_ros_msgs/msg/detail/status_response__rosidl_typesupport_fastrtps_c.h
[66.018s] -- Installing: /home/jc/carto_ws/src/install/cartographer_ros_msgs/include/cartographer_ros_msgs/msg/detail/landmark_list__rosidl_typesupport_fastrtps_c.h
[66.018s] -- Installing: /home/jc/carto_ws/src/install/cartographer_ros_msgs/include/cartographer_ros_msgs/msg/detail/submap_list__rosidl_typesupport_fastrtps_c.h
[66.018s] -- Installing: /home/jc/carto_ws/src/install/cartographer_ros_msgs/include/cartographer_ros_msgs/msg/detail/trajectory_options__rosidl_typesupport_fastrtps_c.h
[66.018s] -- Installing: /home/jc/carto_ws/src/install/cartographer_ros_msgs/include/cartographer_ros_msgs/msg/detail/submap_texture__rosidl_typesupport_fastrtps_c.h
[66.018s] -- Installing: /home/jc/carto_ws/src/install/cartographer_ros_msgs/include/cartographer_ros_msgs/msg/detail/submap_entry__rosidl_typesupport_fastrtps_c.h
[66.018s] -- Installing: /home/jc/carto_ws/src/install/cartographer_ros_msgs/include/cartographer_ros_msgs/msg/detail/status_code__rosidl_typesupport_fastrtps_c.h
[66.018s] -- Installing: /home/jc/carto_ws/src/install/cartographer_ros_msgs/include/cartographer_ros_msgs/msg/detail/landmark_entry__rosidl_typesupport_fastrtps_c.h
[66.019s] -- Installing: /home/jc/carto_ws/src/install/cartographer_ros_msgs/include/cartographer_ros_msgs/msg/rosidl_typesupport_fastrtps_c__visibility_control.h
[66.019s] -- Up-to-date: /home/jc/carto_ws/src/install/cartographer_ros_msgs/include/cartographer_ros_msgs/srv
[66.019s] -- Up-to-date: /home/jc/carto_ws/src/install/cartographer_ros_msgs/include/cartographer_ros_msgs/srv/detail
[66.029s] -- Installing: /home/jc/carto_ws/src/install/cartographer_ros_msgs/include/cartographer_ros_msgs/srv/detail/submap_query__rosidl_typesupport_fastrtps_c.h
[66.030s] -- Installing: /home/jc/carto_ws/src/install/cartographer_ros_msgs/include/cartographer_ros_msgs/srv/detail/finish_trajectory__rosidl_typesupport_fastrtps_c.h
[66.030s] -- Installing: /home/jc/carto_ws/src/install/cartographer_ros_msgs/include/cartographer_ros_msgs/srv/detail/write_state__rosidl_typesupport_fastrtps_c.h
[66.030s] -- Installing: /home/jc/carto_ws/src/install/cartographer_ros_msgs/include/cartographer_ros_msgs/srv/detail/start_trajectory__rosidl_typesupport_fastrtps_c.h
[66.030s] -- Installing: /home/jc/carto_ws/src/install/cartographer_ros_msgs/lib/libcartographer_ros_msgs__rosidl_typesupport_fastrtps_c.so
[66.030s] -- Set runtime path of "/home/jc/carto_ws/src/install/cartographer_ros_msgs/lib/libcartographer_ros_msgs__rosidl_typesupport_fastrtps_c.so" to ""
[66.030s] -- Up-to-date: /home/jc/carto_ws/src/install/cartographer_ros_msgs/include/cartographer_ros_msgs
[66.030s] -- Up-to-date: /home/jc/carto_ws/src/install/cartographer_ros_msgs/include/cartographer_ros_msgs/msg
[66.031s] -- Installing: /home/jc/carto_ws/src/install/cartographer_ros_msgs/include/cartographer_ros_msgs/msg/rosidl_typesupport_fastrtps_cpp__visibility_control.h
[66.031s] -- Up-to-date: /home/jc/carto_ws/src/install/cartographer_ros_msgs/include/cartographer_ros_msgs/msg/detail
[66.031s] -- Installing: /home/jc/carto_ws/src/install/cartographer_ros_msgs/include/cartographer_ros_msgs/msg/detail/submap_list__rosidl_typesupport_fastrtps_cpp.hpp
[66.031s] -- Installing: /home/jc/carto_ws/src/install/cartographer_ros_msgs/include/cartographer_ros_msgs/msg/detail/landmark_entry__rosidl_typesupport_fastrtps_cpp.hpp
[66.031s] -- Installing: /home/jc/carto_ws/src/install/cartographer_ros_msgs/include/cartographer_ros_msgs/msg/detail/status_code__rosidl_typesupport_fastrtps_cpp.hpp
[66.031s] -- Installing: /home/jc/carto_ws/src/install/cartographer_ros_msgs/include/cartographer_ros_msgs/msg/detail/submap_texture__rosidl_typesupport_fastrtps_cpp.hpp
[66.031s] -- Installing: /home/jc/carto_ws/src/install/cartographer_ros_msgs/include/cartographer_ros_msgs/msg/detail/submap_entry__rosidl_typesupport_fastrtps_cpp.hpp
[66.031s] -- Installing: /home/jc/carto_ws/src/install/cartographer_ros_msgs/include/cartographer_ros_msgs/msg/detail/landmark_list__rosidl_typesupport_fastrtps_cpp.hpp
[66.031s] -- Installing: /home/jc/carto_ws/src/install/cartographer_ros_msgs/include/cartographer_ros_msgs/msg/detail/status_response__rosidl_typesupport_fastrtps_cpp.hpp
[66.031s] -- Installing: /home/jc/carto_ws/src/install/cartographer_ros_msgs/include/cartographer_ros_msgs/msg/detail/sensor_topics__rosidl_typesupport_fastrtps_cpp.hpp
[66.032s] -- Installing: /home/jc/carto_ws/src/install/cartographer_ros_msgs/include/cartographer_ros_msgs/msg/detail/dds_fastrtps
[66.032s] -- Installing: /home/jc/carto_ws/src/install/cartographer_ros_msgs/include/cartographer_ros_msgs/msg/detail/trajectory_options__rosidl_typesupport_fastrtps_cpp.hpp
[66.038s] -- Up-to-date: /home/jc/carto_ws/src/install/cartographer_ros_msgs/include/cartographer_ros_msgs/srv
[66.038s] -- Up-to-date: /home/jc/carto_ws/src/install/cartographer_ros_msgs/include/cartographer_ros_msgs/srv/detail
[66.038s] -- Installing: /home/jc/carto_ws/src/install/cartographer_ros_msgs/include/cartographer_ros_msgs/srv/detail/finish_trajectory__rosidl_typesupport_fastrtps_cpp.hpp
[66.038s] -- Installing: /home/jc/carto_ws/src/install/cartographer_ros_msgs/include/cartographer_ros_msgs/srv/detail/write_state__rosidl_typesupport_fastrtps_cpp.hpp
[66.038s] -- Installing: /home/jc/carto_ws/src/install/cartographer_ros_msgs/include/cartographer_ros_msgs/srv/detail/submap_query__rosidl_typesupport_fastrtps_cpp.hpp
[66.038s] -- Installing: /home/jc/carto_ws/src/install/cartographer_ros_msgs/include/cartographer_ros_msgs/srv/detail/start_trajectory__rosidl_typesupport_fastrtps_cpp.hpp
[66.039s] -- Installing: /home/jc/carto_ws/src/install/cartographer_ros_msgs/include/cartographer_ros_msgs/srv/detail/dds_fastrtps
[66.039s] -- Installing: /home/jc/carto_ws/src/install/cartographer_ros_msgs/lib/libcartographer_ros_msgs__rosidl_typesupport_fastrtps_cpp.so
[66.041s] -- Set runtime path of "/home/jc/carto_ws/src/install/cartographer_ros_msgs/lib/libcartographer_ros_msgs__rosidl_typesupport_fastrtps_cpp.so" to ""
[66.041s] -- Up-to-date: /home/jc/carto_ws/src/install/cartographer_ros_msgs/include/cartographer_ros_msgs
[66.041s] -- Up-to-date: /home/jc/carto_ws/src/install/cartographer_ros_msgs/include/cartographer_ros_msgs/msg
[66.042s] -- Installing: /home/jc/carto_ws/src/install/cartographer_ros_msgs/include/cartographer_ros_msgs/msg/rosidl_typesupport_introspection_c__visibility_control.h
[66.042s] -- Up-to-date: /home/jc/carto_ws/src/install/cartographer_ros_msgs/include/cartographer_ros_msgs/msg/detail
[66.042s] -- Installing: /home/jc/carto_ws/src/install/cartographer_ros_msgs/include/cartographer_ros_msgs/msg/detail/landmark_entry__type_support.c
[66.042s] -- Installing: /home/jc/carto_ws/src/install/cartographer_ros_msgs/include/cartographer_ros_msgs/msg/detail/landmark_entry__rosidl_typesupport_introspection_c.h
[66.042s] -- Installing: /home/jc/carto_ws/src/install/cartographer_ros_msgs/include/cartographer_ros_msgs/msg/detail/status_response__rosidl_typesupport_introspection_c.h
[66.042s] -- Installing: /home/jc/carto_ws/src/install/cartographer_ros_msgs/include/cartographer_ros_msgs/msg/detail/sensor_topics__rosidl_typesupport_introspection_c.h
[66.042s] -- Installing: /home/jc/carto_ws/src/install/cartographer_ros_msgs/include/cartographer_ros_msgs/msg/detail/status_response__type_support.c
[66.042s] -- Installing: /home/jc/carto_ws/src/install/cartographer_ros_msgs/include/cartographer_ros_msgs/msg/detail/landmark_list__rosidl_typesupport_introspection_c.h
[66.043s] -- Installing: /home/jc/carto_ws/src/install/cartographer_ros_msgs/include/cartographer_ros_msgs/msg/detail/submap_entry__type_support.c
[66.043s] -- Installing: /home/jc/carto_ws/src/install/cartographer_ros_msgs/include/cartographer_ros_msgs/msg/detail/submap_texture__rosidl_typesupport_introspection_c.h
[66.043s] -- Installing: /home/jc/carto_ws/src/install/cartographer_ros_msgs/include/cartographer_ros_msgs/msg/detail/trajectory_options__rosidl_typesupport_introspection_c.h
[66.043s] -- Installing: /home/jc/carto_ws/src/install/cartographer_ros_msgs/include/cartographer_ros_msgs/msg/detail/trajectory_options__type_support.c
[66.043s] -- Installing: /home/jc/carto_ws/src/install/cartographer_ros_msgs/include/cartographer_ros_msgs/msg/detail/submap_list__rosidl_typesupport_introspection_c.h
[66.043s] -- Installing: /home/jc/carto_ws/src/install/cartographer_ros_msgs/include/cartographer_ros_msgs/msg/detail/landmark_list__type_support.c
[66.043s] -- Installing: /home/jc/carto_ws/src/install/cartographer_ros_msgs/include/cartographer_ros_msgs/msg/detail/submap_entry__rosidl_typesupport_introspection_c.h
[66.043s] -- Installing: /home/jc/carto_ws/src/install/cartographer_ros_msgs/include/cartographer_ros_msgs/msg/detail/status_code__rosidl_typesupport_introspection_c.h
[66.043s] -- Installing: /home/jc/carto_ws/src/install/cartographer_ros_msgs/include/cartographer_ros_msgs/msg/detail/submap_texture__type_support.c
[66.043s] -- Installing: /home/jc/carto_ws/src/install/cartographer_ros_msgs/include/cartographer_ros_msgs/msg/detail/submap_list__type_support.c
[66.129s] -- Installing: /home/jc/carto_ws/src/install/cartographer_ros_msgs/include/cartographer_ros_msgs/msg/detail/status_code__type_support.c
[66.130s] -- Installing: /home/jc/carto_ws/src/install/cartographer_ros_msgs/include/cartographer_ros_msgs/msg/detail/sensor_topics__type_support.c
[66.130s] -- Up-to-date: /home/jc/carto_ws/src/install/cartographer_ros_msgs/include/cartographer_ros_msgs/srv
[66.130s] -- Up-to-date: /home/jc/carto_ws/src/install/cartographer_ros_msgs/include/cartographer_ros_msgs/srv/detail
[66.130s] -- Installing: /home/jc/carto_ws/src/install/cartographer_ros_msgs/include/cartographer_ros_msgs/srv/detail/submap_query__type_support.c
[66.130s] -- Installing: /home/jc/carto_ws/src/install/cartographer_ros_msgs/include/cartographer_ros_msgs/srv/detail/submap_query__rosidl_typesupport_introspection_c.h
[66.131s] -- Installing: /home/jc/carto_ws/src/install/cartographer_ros_msgs/include/cartographer_ros_msgs/srv/detail/start_trajectory__rosidl_typesupport_introspection_c.h
[66.131s] -- Installing: /home/jc/carto_ws/src/install/cartographer_ros_msgs/include/cartographer_ros_msgs/srv/detail/finish_trajectory__type_support.c
[66.131s] -- Installing: /home/jc/carto_ws/src/install/cartographer_ros_msgs/include/cartographer_ros_msgs/srv/detail/finish_trajectory__rosidl_typesupport_introspection_c.h
[66.131s] -- Installing: /home/jc/carto_ws/src/install/cartographer_ros_msgs/include/cartographer_ros_msgs/srv/detail/write_state__rosidl_typesupport_introspection_c.h
[66.131s] -- Installing: /home/jc/carto_ws/src/install/cartographer_ros_msgs/include/cartographer_ros_msgs/srv/detail/write_state__type_support.c
[66.131s] -- Installing: /home/jc/carto_ws/src/install/cartographer_ros_msgs/include/cartographer_ros_msgs/srv/detail/start_trajectory__type_support.c
[66.131s] -- Installing: /home/jc/carto_ws/src/install/cartographer_ros_msgs/lib/libcartographer_ros_msgs__rosidl_typesupport_introspection_c.so
[66.131s] -- Set runtime path of "/home/jc/carto_ws/src/install/cartographer_ros_msgs/lib/libcartographer_ros_msgs__rosidl_typesupport_introspection_c.so" to ""
[66.131s] -- Installing: /home/jc/carto_ws/src/install/cartographer_ros_msgs/lib/libcartographer_ros_msgs__rosidl_typesupport_c.so
[66.131s] -- Set runtime path of "/home/jc/carto_ws/src/install/cartographer_ros_msgs/lib/libcartographer_ros_msgs__rosidl_typesupport_c.so" to ""
[66.131s] -- Up-to-date: /home/jc/carto_ws/src/install/cartographer_ros_msgs/include/cartographer_ros_msgs
[66.131s] -- Up-to-date: /home/jc/carto_ws/src/install/cartographer_ros_msgs/include/cartographer_ros_msgs/msg
[66.131s] -- Installing: /home/jc/carto_ws/src/install/cartographer_ros_msgs/include/cartographer_ros_msgs/msg/landmark_list.hpp
[66.131s] -- Installing: /home/jc/carto_ws/src/install/cartographer_ros_msgs/include/cartographer_ros_msgs/msg/status_code.hpp
[66.132s] -- Installing: /home/jc/carto_ws/src/install/cartographer_ros_msgs/include/cartographer_ros_msgs/msg/submap_entry.hpp
[66.132s] -- Installing: /home/jc/carto_ws/src/install/cartographer_ros_msgs/include/cartographer_ros_msgs/msg/status_response.hpp
[66.132s] -- Installing: /home/jc/carto_ws/src/install/cartographer_ros_msgs/include/cartographer_ros_msgs/msg/submap_list.hpp
[66.132s] -- Installing: /home/jc/carto_ws/src/install/cartographer_ros_msgs/include/cartographer_ros_msgs/msg/landmark_entry.hpp
[66.132s] -- Installing: /home/jc/carto_ws/src/install/cartographer_ros_msgs/include/cartographer_ros_msgs/msg/submap_texture.hpp
[66.132s] -- Installing: /home/jc/carto_ws/src/install/cartographer_ros_msgs/include/cartographer_ros_msgs/msg/trajectory_options.hpp
[66.132s] -- Up-to-date: /home/jc/carto_ws/src/install/cartographer_ros_msgs/include/cartographer_ros_msgs/msg/detail
[66.132s] -- Installing: /home/jc/carto_ws/src/install/cartographer_ros_msgs/include/cartographer_ros_msgs/msg/detail/landmark_entry__builder.hpp
[66.132s] -- Installing: /home/jc/carto_ws/src/install/cartographer_ros_msgs/include/cartographer_ros_msgs/msg/detail/landmark_list__traits.hpp
[66.132s] -- Installing: /home/jc/carto_ws/src/install/cartographer_ros_msgs/include/cartographer_ros_msgs/msg/detail/trajectory_options__struct.hpp
[66.134s] -- Installing: /home/jc/carto_ws/src/install/cartographer_ros_msgs/include/cartographer_ros_msgs/msg/detail/status_code__struct.hpp
[66.134s] -- Installing: /home/jc/carto_ws/src/install/cartographer_ros_msgs/include/cartographer_ros_msgs/msg/detail/status_response__traits.hpp
[66.134s] -- Installing: /home/jc/carto_ws/src/install/cartographer_ros_msgs/include/cartographer_ros_msgs/msg/detail/submap_entry__struct.hpp
[66.134s] -- Installing: /home/jc/carto_ws/src/install/cartographer_ros_msgs/include/cartographer_ros_msgs/msg/detail/sensor_topics__traits.hpp
[66.134s] -- Installing: /home/jc/carto_ws/src/install/cartographer_ros_msgs/include/cartographer_ros_msgs/msg/detail/landmark_list__builder.hpp
[66.135s] -- Installing: /home/jc/carto_ws/src/install/cartographer_ros_msgs/include/cartographer_ros_msgs/msg/detail/sensor_topics__struct.hpp
[66.135s] -- Installing: /home/jc/carto_ws/src/install/cartographer_ros_msgs/include/cartographer_ros_msgs/msg/detail/submap_entry__traits.hpp
[66.135s] -- Installing: /home/jc/carto_ws/src/install/cartographer_ros_msgs/include/cartographer_ros_msgs/msg/detail/landmark_entry__traits.hpp
[66.135s] -- Installing: /home/jc/carto_ws/src/install/cartographer_ros_msgs/include/cartographer_ros_msgs/msg/detail/sensor_topics__builder.hpp
[66.135s] -- Installing: /home/jc/carto_ws/src/install/cartographer_ros_msgs/include/cartographer_ros_msgs/msg/detail/submap_texture__traits.hpp
[66.135s] -- Installing: /home/jc/carto_ws/src/install/cartographer_ros_msgs/include/cartographer_ros_msgs/msg/detail/status_response__builder.hpp
[66.135s] -- Installing: /home/jc/carto_ws/src/install/cartographer_ros_msgs/include/cartographer_ros_msgs/msg/detail/submap_texture__struct.hpp
[66.135s] -- Installing: /home/jc/carto_ws/src/install/cartographer_ros_msgs/include/cartographer_ros_msgs/msg/detail/submap_texture__builder.hpp
[66.135s] -- Installing: /home/jc/carto_ws/src/install/cartographer_ros_msgs/include/cartographer_ros_msgs/msg/detail/landmark_list__struct.hpp
[66.136s] -- Installing: /home/jc/carto_ws/src/install/cartographer_ros_msgs/include/cartographer_ros_msgs/msg/detail/submap_entry__builder.hpp
[66.136s] -- Installing: /home/jc/carto_ws/src/install/cartographer_ros_msgs/include/cartographer_ros_msgs/msg/detail/submap_list__builder.hpp
[66.136s] -- Installing: /home/jc/carto_ws/src/install/cartographer_ros_msgs/include/cartographer_ros_msgs/msg/detail/status_response__struct.hpp
[66.136s] -- Installing: /home/jc/carto_ws/src/install/cartographer_ros_msgs/include/cartographer_ros_msgs/msg/detail/landmark_entry__struct.hpp
[66.136s] -- Installing: /home/jc/carto_ws/src/install/cartographer_ros_msgs/include/cartographer_ros_msgs/msg/detail/trajectory_options__traits.hpp
[66.136s] -- Installing: /home/jc/carto_ws/src/install/cartographer_ros_msgs/include/cartographer_ros_msgs/msg/detail/trajectory_options__builder.hpp
[66.136s] -- Installing: /home/jc/carto_ws/src/install/cartographer_ros_msgs/include/cartographer_ros_msgs/msg/detail/submap_list__traits.hpp
[66.136s] -- Installing: /home/jc/carto_ws/src/install/cartographer_ros_msgs/include/cartographer_ros_msgs/msg/detail/status_code__traits.hpp
[66.136s] -- Installing: /home/jc/carto_ws/src/install/cartographer_ros_msgs/include/cartographer_ros_msgs/msg/detail/submap_list__struct.hpp
[66.137s] -- Installing: /home/jc/carto_ws/src/install/cartographer_ros_msgs/include/cartographer_ros_msgs/msg/detail/status_code__builder.hpp
[66.137s] -- Installing: /home/jc/carto_ws/src/install/cartographer_ros_msgs/include/cartographer_ros_msgs/msg/sensor_topics.hpp
[66.137s] -- Up-to-date: /home/jc/carto_ws/src/install/cartographer_ros_msgs/include/cartographer_ros_msgs/srv
[66.137s] -- Installing: /home/jc/carto_ws/src/install/cartographer_ros_msgs/include/cartographer_ros_msgs/srv/start_trajectory.hpp
[66.137s] -- Installing: /home/jc/carto_ws/src/install/cartographer_ros_msgs/include/cartographer_ros_msgs/srv/finish_trajectory.hpp
[66.137s] -- Installing: /home/jc/carto_ws/src/install/cartographer_ros_msgs/include/cartographer_ros_msgs/srv/submap_query.hpp
[66.137s] -- Up-to-date: /home/jc/carto_ws/src/install/cartographer_ros_msgs/include/cartographer_ros_msgs/srv/detail
[66.137s] -- Installing: /home/jc/carto_ws/src/install/cartographer_ros_msgs/include/cartographer_ros_msgs/srv/detail/finish_trajectory__builder.hpp
[66.137s] -- Installing: /home/jc/carto_ws/src/install/cartographer_ros_msgs/include/cartographer_ros_msgs/srv/detail/submap_query__builder.hpp
[66.137s] -- Installing: /home/jc/carto_ws/src/install/cartographer_ros_msgs/include/cartographer_ros_msgs/srv/detail/finish_trajectory__traits.hpp
[66.138s] -- Installing: /home/jc/carto_ws/src/install/cartographer_ros_msgs/include/cartographer_ros_msgs/srv/detail/write_state__struct.hpp
[66.138s] -- Installing: /home/jc/carto_ws/src/install/cartographer_ros_msgs/include/cartographer_ros_msgs/srv/detail/start_trajectory__traits.hpp
[66.138s] -- Installing: /home/jc/carto_ws/src/install/cartographer_ros_msgs/include/cartographer_ros_msgs/srv/detail/finish_trajectory__struct.hpp
[66.139s] -- Installing: /home/jc/carto_ws/src/install/cartographer_ros_msgs/include/cartographer_ros_msgs/srv/detail/submap_query__traits.hpp
[66.139s] -- Installing: /home/jc/carto_ws/src/install/cartographer_ros_msgs/include/cartographer_ros_msgs/srv/detail/start_trajectory__builder.hpp
[66.139s] -- Installing: /home/jc/carto_ws/src/install/cartographer_ros_msgs/include/cartographer_ros_msgs/srv/detail/write_state__builder.hpp
[66.139s] -- Installing: /home/jc/carto_ws/src/install/cartographer_ros_msgs/include/cartographer_ros_msgs/srv/detail/start_trajectory__struct.hpp
[66.139s] -- Installing: /home/jc/carto_ws/src/install/cartographer_ros_msgs/include/cartographer_ros_msgs/srv/detail/submap_query__struct.hpp
[66.139s] -- Installing: /home/jc/carto_ws/src/install/cartographer_ros_msgs/include/cartographer_ros_msgs/srv/detail/write_state__traits.hpp
[66.139s] -- Installing: /home/jc/carto_ws/src/install/cartographer_ros_msgs/include/cartographer_ros_msgs/srv/write_state.hpp
[66.139s] -- Up-to-date: /home/jc/carto_ws/src/install/cartographer_ros_msgs/include/cartographer_ros_msgs
[66.139s] -- Up-to-date: /home/jc/carto_ws/src/install/cartographer_ros_msgs/include/cartographer_ros_msgs/msg
[66.139s] -- Up-to-date: /home/jc/carto_ws/src/install/cartographer_ros_msgs/include/cartographer_ros_msgs/msg/detail
[66.139s] -- Installing: /home/jc/carto_ws/src/install/cartographer_ros_msgs/include/cartographer_ros_msgs/msg/detail/landmark_list__type_support.cpp
[66.139s] -- Installing: /home/jc/carto_ws/src/install/cartographer_ros_msgs/include/cartographer_ros_msgs/msg/detail/submap_texture__type_support.cpp
[66.140s] -- Installing: /home/jc/carto_ws/src/install/cartographer_ros_msgs/include/cartographer_ros_msgs/msg/detail/sensor_topics__type_support.cpp
[66.140s] -- Installing: /home/jc/carto_ws/src/install/cartographer_ros_msgs/include/cartographer_ros_msgs/msg/detail/submap_entry__type_support.cpp
[66.140s] -- Installing: /home/jc/carto_ws/src/install/cartographer_ros_msgs/include/cartographer_ros_msgs/msg/detail/submap_list__rosidl_typesupport_introspection_cpp.hpp
[66.140s] -- Installing: /home/jc/carto_ws/src/install/cartographer_ros_msgs/include/cartographer_ros_msgs/msg/detail/trajectory_options__rosidl_typesupport_introspection_cpp.hpp
[66.140s] -- Installing: /home/jc/carto_ws/src/install/cartographer_ros_msgs/include/cartographer_ros_msgs/msg/detail/sensor_topics__rosidl_typesupport_introspection_cpp.hpp
[66.140s] -- Installing: /home/jc/carto_ws/src/install/cartographer_ros_msgs/include/cartographer_ros_msgs/msg/detail/submap_entry__rosidl_typesupport_introspection_cpp.hpp
[66.140s] -- Installing: /home/jc/carto_ws/src/install/cartographer_ros_msgs/include/cartographer_ros_msgs/msg/detail/status_code__rosidl_typesupport_introspection_cpp.hpp
[66.140s] -- Installing: /home/jc/carto_ws/src/install/cartographer_ros_msgs/include/cartographer_ros_msgs/msg/detail/landmark_list__rosidl_typesupport_introspection_cpp.hpp
[66.140s] -- Installing: /home/jc/carto_ws/src/install/cartographer_ros_msgs/include/cartographer_ros_msgs/msg/detail/status_code__type_support.cpp
[66.140s] -- Installing: /home/jc/carto_ws/src/install/cartographer_ros_msgs/include/cartographer_ros_msgs/msg/detail/status_response__type_support.cpp
[66.140s] -- Installing: /home/jc/carto_ws/src/install/cartographer_ros_msgs/include/cartographer_ros_msgs/msg/detail/landmark_entry__type_support.cpp
[66.140s] -- Installing: /home/jc/carto_ws/src/install/cartographer_ros_msgs/include/cartographer_ros_msgs/msg/detail/status_response__rosidl_typesupport_introspection_cpp.hpp
[66.140s] -- Installing: /home/jc/carto_ws/src/install/cartographer_ros_msgs/include/cartographer_ros_msgs/msg/detail/landmark_entry__rosidl_typesupport_introspection_cpp.hpp
[66.141s] -- Installing: /home/jc/carto_ws/src/install/cartographer_ros_msgs/include/cartographer_ros_msgs/msg/detail/trajectory_options__type_support.cpp
[66.141s] -- Installing: /home/jc/carto_ws/src/install/cartographer_ros_msgs/include/cartographer_ros_msgs/msg/detail/submap_list__type_support.cpp
[66.141s] -- Installing: /home/jc/carto_ws/src/install/cartographer_ros_msgs/include/cartographer_ros_msgs/msg/detail/submap_texture__rosidl_typesupport_introspection_cpp.hpp
[66.141s] -- Up-to-date: /home/jc/carto_ws/src/install/cartographer_ros_msgs/include/cartographer_ros_msgs/srv
[66.141s] -- Up-to-date: /home/jc/carto_ws/src/install/cartographer_ros_msgs/include/cartographer_ros_msgs/srv/detail
[66.141s] -- Installing: /home/jc/carto_ws/src/install/cartographer_ros_msgs/include/cartographer_ros_msgs/srv/detail/start_trajectory__rosidl_typesupport_introspection_cpp.hpp
[66.141s] -- Installing: /home/jc/carto_ws/src/install/cartographer_ros_msgs/include/cartographer_ros_msgs/srv/detail/finish_trajectory__type_support.cpp
[66.142s] -- Installing: /home/jc/carto_ws/src/install/cartographer_ros_msgs/include/cartographer_ros_msgs/srv/detail/submap_query__type_support.cpp
[66.142s] -- Installing: /home/jc/carto_ws/src/install/cartographer_ros_msgs/include/cartographer_ros_msgs/srv/detail/start_trajectory__type_support.cpp
[66.142s] -- Installing: /home/jc/carto_ws/src/install/cartographer_ros_msgs/include/cartographer_ros_msgs/srv/detail/submap_query__rosidl_typesupport_introspection_cpp.hpp
[66.142s] -- Installing: /home/jc/carto_ws/src/install/cartographer_ros_msgs/include/cartographer_ros_msgs/srv/detail/write_state__type_support.cpp
[66.142s] -- Installing: /home/jc/carto_ws/src/install/cartographer_ros_msgs/include/cartographer_ros_msgs/srv/detail/finish_trajectory__rosidl_typesupport_introspection_cpp.hpp
[66.142s] -- Installing: /home/jc/carto_ws/src/install/cartographer_ros_msgs/include/cartographer_ros_msgs/srv/detail/write_state__rosidl_typesupport_introspection_cpp.hpp
[66.142s] -- Installing: /home/jc/carto_ws/src/install/cartographer_ros_msgs/lib/libcartographer_ros_msgs__rosidl_typesupport_introspection_cpp.so
[66.142s] -- Set runtime path of "/home/jc/carto_ws/src/install/cartographer_ros_msgs/lib/libcartographer_ros_msgs__rosidl_typesupport_introspection_cpp.so" to ""
[66.142s] -- Installing: /home/jc/carto_ws/src/install/cartographer_ros_msgs/lib/libcartographer_ros_msgs__rosidl_typesupport_cpp.so
[66.142s] -- Set runtime path of "/home/jc/carto_ws/src/install/cartographer_ros_msgs/lib/libcartographer_ros_msgs__rosidl_typesupport_cpp.so" to ""
[66.143s] -- Installing: /home/jc/carto_ws/src/install/cartographer_ros_msgs/share/cartographer_ros_msgs/environment/pythonpath.sh
[66.143s] -- Installing: /home/jc/carto_ws/src/install/cartographer_ros_msgs/share/cartographer_ros_msgs/environment/pythonpath.dsv
[66.143s] -- Installing: /home/jc/carto_ws/src/install/cartographer_ros_msgs/lib/python3.8/site-packages/cartographer_ros_msgs/__init__.py
[66.271s] Compiling '/home/jc/carto_ws/src/install/cartographer_ros_msgs/lib/python3.8/site-packages/cartographer_ros_msgs/__init__.py'...
[66.278s] -- Installing: /home/jc/carto_ws/src/install/cartographer_ros_msgs/lib/python3.8/site-packages/cartographer_ros_msgs/msg
[66.278s] -- Installing: /home/jc/carto_ws/src/install/cartographer_ros_msgs/lib/python3.8/site-packages/cartographer_ros_msgs/msg/_submap_list.py
[66.278s] -- Installing: /home/jc/carto_ws/src/install/cartographer_ros_msgs/lib/python3.8/site-packages/cartographer_ros_msgs/msg/_status_response.py
[66.279s] -- Installing: /home/jc/carto_ws/src/install/cartographer_ros_msgs/lib/python3.8/site-packages/cartographer_ros_msgs/msg/_landmark_list_s.c
[66.279s] -- Installing: /home/jc/carto_ws/src/install/cartographer_ros_msgs/lib/python3.8/site-packages/cartographer_ros_msgs/msg/_sensor_topics_s.c
[66.283s] -- Installing: /home/jc/carto_ws/src/install/cartographer_ros_msgs/lib/python3.8/site-packages/cartographer_ros_msgs/msg/_submap_entry.py
[66.285s] -- Installing: /home/jc/carto_ws/src/install/cartographer_ros_msgs/lib/python3.8/site-packages/cartographer_ros_msgs/msg/_submap_texture.py
[66.285s] -- Installing: /home/jc/carto_ws/src/install/cartographer_ros_msgs/lib/python3.8/site-packages/cartographer_ros_msgs/msg/_submap_entry_s.c
[66.285s] -- Installing: /home/jc/carto_ws/src/install/cartographer_ros_msgs/lib/python3.8/site-packages/cartographer_ros_msgs/msg/_trajectory_options_s.c
[66.286s] -- Installing: /home/jc/carto_ws/src/install/cartographer_ros_msgs/lib/python3.8/site-packages/cartographer_ros_msgs/msg/_status_code.py
[66.286s] -- Installing: /home/jc/carto_ws/src/install/cartographer_ros_msgs/lib/python3.8/site-packages/cartographer_ros_msgs/msg/_status_code_s.c
[66.381s] -- Installing: /home/jc/carto_ws/src/install/cartographer_ros_msgs/lib/python3.8/site-packages/cartographer_ros_msgs/msg/_sensor_topics.py
[66.382s] -- Installing: /home/jc/carto_ws/src/install/cartographer_ros_msgs/lib/python3.8/site-packages/cartographer_ros_msgs/msg/_submap_list_s.c
[66.382s] -- Installing: /home/jc/carto_ws/src/install/cartographer_ros_msgs/lib/python3.8/site-packages/cartographer_ros_msgs/msg/_landmark_entry_s.c
[66.382s] -- Installing: /home/jc/carto_ws/src/install/cartographer_ros_msgs/lib/python3.8/site-packages/cartographer_ros_msgs/msg/_status_response_s.c
[66.383s] -- Installing: /home/jc/carto_ws/src/install/cartographer_ros_msgs/lib/python3.8/site-packages/cartographer_ros_msgs/msg/_landmark_list.py
[66.383s] -- Installing: /home/jc/carto_ws/src/install/cartographer_ros_msgs/lib/python3.8/site-packages/cartographer_ros_msgs/msg/_submap_texture_s.c
[66.383s] -- Installing: /home/jc/carto_ws/src/install/cartographer_ros_msgs/lib/python3.8/site-packages/cartographer_ros_msgs/msg/_trajectory_options.py
[66.383s] -- Installing: /home/jc/carto_ws/src/install/cartographer_ros_msgs/lib/python3.8/site-packages/cartographer_ros_msgs/msg/_landmark_entry.py
[66.383s] -- Installing: /home/jc/carto_ws/src/install/cartographer_ros_msgs/lib/python3.8/site-packages/cartographer_ros_msgs/msg/__init__.py
[66.383s] -- Installing: /home/jc/carto_ws/src/install/cartographer_ros_msgs/lib/python3.8/site-packages/cartographer_ros_msgs/srv
[66.383s] -- Installing: /home/jc/carto_ws/src/install/cartographer_ros_msgs/lib/python3.8/site-packages/cartographer_ros_msgs/srv/_submap_query.py
[66.383s] -- Installing: /home/jc/carto_ws/src/install/cartographer_ros_msgs/lib/python3.8/site-packages/cartographer_ros_msgs/srv/_finish_trajectory.py
[66.384s] -- Installing: /home/jc/carto_ws/src/install/cartographer_ros_msgs/lib/python3.8/site-packages/cartographer_ros_msgs/srv/_finish_trajectory_s.c
[66.384s] -- Installing: /home/jc/carto_ws/src/install/cartographer_ros_msgs/lib/python3.8/site-packages/cartographer_ros_msgs/srv/_start_trajectory_s.c
[66.384s] -- Installing: /home/jc/carto_ws/src/install/cartographer_ros_msgs/lib/python3.8/site-packages/cartographer_ros_msgs/srv/_write_state.py
[66.385s] -- Installing: /home/jc/carto_ws/src/install/cartographer_ros_msgs/lib/python3.8/site-packages/cartographer_ros_msgs/srv/_start_trajectory.py
[66.385s] -- Installing: /home/jc/carto_ws/src/install/cartographer_ros_msgs/lib/python3.8/site-packages/cartographer_ros_msgs/srv/_submap_query_s.c
[66.385s] -- Installing: /home/jc/carto_ws/src/install/cartographer_ros_msgs/lib/python3.8/site-packages/cartographer_ros_msgs/srv/_write_state_s.c
[66.385s] -- Installing: /home/jc/carto_ws/src/install/cartographer_ros_msgs/lib/python3.8/site-packages/cartographer_ros_msgs/srv/__init__.py
[66.394s] -- Installing: /home/jc/carto_ws/src/install/cartographer_ros_msgs/lib/python3.8/site-packages/cartographer_ros_msgs/cartographer_ros_msgs_s__rosidl_typesupport_fastrtps_c.cpython-38-x86_64-linux-gnu.so
[66.394s] -- Set runtime path of "/home/jc/carto_ws/src/install/cartographer_ros_msgs/lib/python3.8/site-packages/cartographer_ros_msgs/cartographer_ros_msgs_s__rosidl_typesupport_fastrtps_c.cpython-38-x86_64-linux-gnu.so" to ""
[66.394s] -- Installing: /home/jc/carto_ws/src/install/cartographer_ros_msgs/lib/python3.8/site-packages/cartographer_ros_msgs/cartographer_ros_msgs_s__rosidl_typesupport_introspection_c.cpython-38-x86_64-linux-gnu.so
[66.394s] -- Set runtime path of "/home/jc/carto_ws/src/install/cartographer_ros_msgs/lib/python3.8/site-packages/cartographer_ros_msgs/cartographer_ros_msgs_s__rosidl_typesupport_introspection_c.cpython-38-x86_64-linux-gnu.so" to ""
[66.394s] -- Installing: /home/jc/carto_ws/src/install/cartographer_ros_msgs/lib/python3.8/site-packages/cartographer_ros_msgs/cartographer_ros_msgs_s__rosidl_typesupport_c.cpython-38-x86_64-linux-gnu.so
[66.394s] -- Set runtime path of "/home/jc/carto_ws/src/install/cartographer_ros_msgs/lib/python3.8/site-packages/cartographer_ros_msgs/cartographer_ros_msgs_s__rosidl_typesupport_c.cpython-38-x86_64-linux-gnu.so" to ""
[66.394s] -- Installing: /home/jc/carto_ws/src/install/cartographer_ros_msgs/lib/libcartographer_ros_msgs__python.so
[66.394s] -- Set runtime path of "/home/jc/carto_ws/src/install/cartographer_ros_msgs/lib/libcartographer_ros_msgs__python.so" to ""
[66.395s] -- Installing: /home/jc/carto_ws/src/install/cartographer_ros_msgs/share/cartographer_ros_msgs/msg/LandmarkEntry.idl
[66.395s] -- Installing: /home/jc/carto_ws/src/install/cartographer_ros_msgs/share/cartographer_ros_msgs/msg/LandmarkList.idl
[66.395s] -- Installing: /home/jc/carto_ws/src/install/cartographer_ros_msgs/share/cartographer_ros_msgs/msg/SensorTopics.idl
[66.395s] -- Installing: /home/jc/carto_ws/src/install/cartographer_ros_msgs/share/cartographer_ros_msgs/msg/StatusCode.idl
[66.395s] -- Installing: /home/jc/carto_ws/src/install/cartographer_ros_msgs/share/cartographer_ros_msgs/msg/StatusResponse.idl
[66.395s] -- Installing: /home/jc/carto_ws/src/install/cartographer_ros_msgs/share/cartographer_ros_msgs/msg/SubmapEntry.idl
[66.395s] -- Installing: /home/jc/carto_ws/src/install/cartographer_ros_msgs/share/cartographer_ros_msgs/msg/SubmapList.idl
[66.395s] -- Installing: /home/jc/carto_ws/src/install/cartographer_ros_msgs/share/cartographer_ros_msgs/msg/SubmapTexture.idl
[66.395s] -- Installing: /home/jc/carto_ws/src/install/cartographer_ros_msgs/share/cartographer_ros_msgs/msg/TrajectoryOptions.idl
[66.395s] -- Installing: /home/jc/carto_ws/src/install/cartographer_ros_msgs/share/cartographer_ros_msgs/srv/FinishTrajectory.idl
[66.395s] -- Installing: /home/jc/carto_ws/src/install/cartographer_ros_msgs/share/cartographer_ros_msgs/srv/StartTrajectory.idl
[66.395s] -- Installing: /home/jc/carto_ws/src/install/cartographer_ros_msgs/share/cartographer_ros_msgs/srv/SubmapQuery.idl
[66.396s] -- Installing: /home/jc/carto_ws/src/install/cartographer_ros_msgs/share/cartographer_ros_msgs/srv/WriteState.idl
[66.396s] -- Installing: /home/jc/carto_ws/src/install/cartographer_ros_msgs/share/cartographer_ros_msgs/msg/LandmarkEntry.msg
[66.396s] -- Installing: /home/jc/carto_ws/src/install/cartographer_ros_msgs/share/cartographer_ros_msgs/msg/LandmarkList.msg
[66.396s] -- Installing: /home/jc/carto_ws/src/install/cartographer_ros_msgs/share/cartographer_ros_msgs/msg/SensorTopics.msg
[66.396s] -- Installing: /home/jc/carto_ws/src/install/cartographer_ros_msgs/share/cartographer_ros_msgs/msg/StatusCode.msg
[66.396s] -- Installing: /home/jc/carto_ws/src/install/cartographer_ros_msgs/share/cartographer_ros_msgs/msg/StatusResponse.msg
[66.396s] -- Installing: /home/jc/carto_ws/src/install/cartographer_ros_msgs/share/cartographer_ros_msgs/msg/SubmapEntry.msg
[66.396s] -- Installing: /home/jc/carto_ws/src/install/cartographer_ros_msgs/share/cartographer_ros_msgs/msg/SubmapList.msg
[66.396s] -- Installing: /home/jc/carto_ws/src/install/cartographer_ros_msgs/share/cartographer_ros_msgs/msg/SubmapTexture.msg
[66.396s] -- Installing: /home/jc/carto_ws/src/install/cartographer_ros_msgs/share/cartographer_ros_msgs/msg/TrajectoryOptions.msg
[66.396s] -- Installing: /home/jc/carto_ws/src/install/cartographer_ros_msgs/share/cartographer_ros_msgs/srv/FinishTrajectory.srv
[66.397s] -- Installing: /home/jc/carto_ws/src/install/cartographer_ros_msgs/share/cartographer_ros_msgs/srv/FinishTrajectory_Request.msg
[66.397s] -- Installing: /home/jc/carto_ws/src/install/cartographer_ros_msgs/share/cartographer_ros_msgs/srv/FinishTrajectory_Response.msg
[66.397s] -- Installing: /home/jc/carto_ws/src/install/cartographer_ros_msgs/share/cartographer_ros_msgs/srv/StartTrajectory.srv
[66.397s] -- Installing: /home/jc/carto_ws/src/install/cartographer_ros_msgs/share/cartographer_ros_msgs/srv/StartTrajectory_Request.msg
[66.397s] -- Installing: /home/jc/carto_ws/src/install/cartographer_ros_msgs/share/cartographer_ros_msgs/srv/StartTrajectory_Response.msg
[66.397s] -- Installing: /home/jc/carto_ws/src/install/cartographer_ros_msgs/share/cartographer_ros_msgs/srv/SubmapQuery.srv
[66.397s] -- Installing: /home/jc/carto_ws/src/install/cartographer_ros_msgs/share/cartographer_ros_msgs/srv/SubmapQuery_Request.msg
[66.397s] -- Installing: /home/jc/carto_ws/src/install/cartographer_ros_msgs/share/cartographer_ros_msgs/srv/SubmapQuery_Response.msg
[66.397s] -- Installing: /home/jc/carto_ws/src/install/cartographer_ros_msgs/share/cartographer_ros_msgs/srv/WriteState.srv
[66.398s] -- Installing: /home/jc/carto_ws/src/install/cartographer_ros_msgs/share/cartographer_ros_msgs/srv/WriteState_Request.msg
[66.398s] -- Installing: /home/jc/carto_ws/src/install/cartographer_ros_msgs/share/cartographer_ros_msgs/srv/WriteState_Response.msg
[66.398s] -- Installing: /home/jc/carto_ws/src/install/cartographer_ros_msgs/share/ament_index/resource_index/package_run_dependencies/cartographer_ros_msgs
[66.399s] -- Installing: /home/jc/carto_ws/src/install/cartographer_ros_msgs/share/ament_index/resource_index/parent_prefix_path/cartographer_ros_msgs
[66.399s] -- Installing: /home/jc/carto_ws/src/install/cartographer_ros_msgs/share/cartographer_ros_msgs/environment/ament_prefix_path.sh
[66.399s] -- Installing: /home/jc/carto_ws/src/install/cartographer_ros_msgs/share/cartographer_ros_msgs/environment/ament_prefix_path.dsv
[66.399s] -- Installing: /home/jc/carto_ws/src/install/cartographer_ros_msgs/share/cartographer_ros_msgs/environment/path.sh
[66.399s] -- Installing: /home/jc/carto_ws/src/install/cartographer_ros_msgs/share/cartographer_ros_msgs/environment/path.dsv
[66.399s] -- Installing: /home/jc/carto_ws/src/install/cartographer_ros_msgs/share/cartographer_ros_msgs/local_setup.bash
[66.399s] -- Installing: /home/jc/carto_ws/src/install/cartographer_ros_msgs/share/cartographer_ros_msgs/local_setup.sh
[66.399s] -- Installing: /home/jc/carto_ws/src/install/cartographer_ros_msgs/share/cartographer_ros_msgs/local_setup.zsh
[66.399s] -- Installing: /home/jc/carto_ws/src/install/cartographer_ros_msgs/share/cartographer_ros_msgs/local_setup.dsv
[66.400s] -- Installing: /home/jc/carto_ws/src/install/cartographer_ros_msgs/share/cartographer_ros_msgs/package.dsv
[66.400s] -- Installing: /home/jc/carto_ws/src/install/cartographer_ros_msgs/share/ament_index/resource_index/packages/cartographer_ros_msgs
[66.400s] -- Installing: /home/jc/carto_ws/src/install/cartographer_ros_msgs/share/cartographer_ros_msgs/cmake/cartographer_ros_msgs__rosidl_generator_cExport.cmake
[66.400s] -- Installing: /home/jc/carto_ws/src/install/cartographer_ros_msgs/share/cartographer_ros_msgs/cmake/cartographer_ros_msgs__rosidl_generator_cExport-noconfig.cmake
[66.400s] -- Installing: /home/jc/carto_ws/src/install/cartographer_ros_msgs/share/cartographer_ros_msgs/cmake/cartographer_ros_msgs__rosidl_typesupport_introspection_cExport.cmake
[66.400s] -- Installing: /home/jc/carto_ws/src/install/cartographer_ros_msgs/share/cartographer_ros_msgs/cmake/cartographer_ros_msgs__rosidl_typesupport_introspection_cExport-noconfig.cmake
[66.400s] -- Installing: /home/jc/carto_ws/src/install/cartographer_ros_msgs/share/cartographer_ros_msgs/cmake/cartographer_ros_msgs__rosidl_typesupport_cExport.cmake
[66.400s] -- Installing: /home/jc/carto_ws/src/install/cartographer_ros_msgs/share/cartographer_ros_msgs/cmake/cartographer_ros_msgs__rosidl_typesupport_cExport-noconfig.cmake
[66.400s] -- Installing: /home/jc/carto_ws/src/install/cartographer_ros_msgs/share/cartographer_ros_msgs/cmake/cartographer_ros_msgs__rosidl_generator_cppExport.cmake
[66.400s] -- Installing: /home/jc/carto_ws/src/install/cartographer_ros_msgs/share/cartographer_ros_msgs/cmake/cartographer_ros_msgs__rosidl_typesupport_introspection_cppExport.cmake
[66.400s] -- Installing: /home/jc/carto_ws/src/install/cartographer_ros_msgs/share/cartographer_ros_msgs/cmake/cartographer_ros_msgs__rosidl_typesupport_introspection_cppExport-noconfig.cmake
[66.401s] -- Installing: /home/jc/carto_ws/src/install/cartographer_ros_msgs/share/cartographer_ros_msgs/cmake/cartographer_ros_msgs__rosidl_typesupport_cppExport.cmake
[66.401s] -- Installing: /home/jc/carto_ws/src/install/cartographer_ros_msgs/share/cartographer_ros_msgs/cmake/cartographer_ros_msgs__rosidl_typesupport_cppExport-noconfig.cmake
[66.401s] -- Installing: /home/jc/carto_ws/src/install/cartographer_ros_msgs/share/cartographer_ros_msgs/cmake/rosidl_cmake-extras.cmake
[66.453s] -- Installing: /home/jc/carto_ws/src/install/cartographer_ros_msgs/share/cartographer_ros_msgs/cmake/ament_cmake_export_dependencies-extras.cmake
[66.454s] -- Installing: /home/jc/carto_ws/src/install/cartographer_ros_msgs/share/cartographer_ros_msgs/cmake/ament_cmake_export_libraries-extras.cmake
[66.454s] -- Installing: /home/jc/carto_ws/src/install/cartographer_ros_msgs/share/cartographer_ros_msgs/cmake/ament_cmake_export_targets-extras.cmake
[66.454s] -- Installing: /home/jc/carto_ws/src/install/cartographer_ros_msgs/share/cartographer_ros_msgs/cmake/ament_cmake_export_include_directories-extras.cmake
[66.454s] -- Installing: /home/jc/carto_ws/src/install/cartographer_ros_msgs/share/cartographer_ros_msgs/cmake/rosidl_cmake_export_typesupport_libraries-extras.cmake
[66.454s] -- Installing: /home/jc/carto_ws/src/install/cartographer_ros_msgs/share/cartographer_ros_msgs/cmake/rosidl_cmake_export_typesupport_targets-extras.cmake
[66.454s] -- Installing: /home/jc/carto_ws/src/install/cartographer_ros_msgs/share/cartographer_ros_msgs/cmake/cartographer_ros_msgsConfig.cmake
[66.454s] -- Installing: /home/jc/carto_ws/src/install/cartographer_ros_msgs/share/cartographer_ros_msgs/cmake/cartographer_ros_msgsConfig-version.cmake
[66.454s] -- Installing: /home/jc/carto_ws/src/install/cartographer_ros_msgs/share/cartographer_ros_msgs/package.xml
[66.455s] Invoked command in '/home/jc/carto_ws/src/build/cartographer_ros_msgs' returned '0': CMAKE_PREFIX_PATH=${CMAKE_PREFIX_PATH}:/home/jc/turtlebot3/install/turtlebot3_teleop:/home/jc/turtlebot3/install/turtlebot3_example:/home/jc/turtlebot3/install/nav2_gazebo_spawner:/home/jc/nav2_ws/install/nav2_gazebo_spawner:/opt/ros/foxy:/home/jc/turtlebot4_ws/install/turtlebot4_tests:/home/jc/turtlebot4_ws/install/turtlebot4_diagnostics /usr/bin/cmake --install /home/jc/carto_ws/src/build/cartographer_ros_msgs
