[0.021s] Invoking command in '/home/jc/carto_ws/src/build/cartographer_ros': AMENT_PREFIX_PATH=/home/jc/carto_ws/src/install/cartographer_ros_msgs:${AMENT_PREFIX_PATH} CMAKE_PREFIX_PATH=/home/jc/carto_ws/src/install/cartographer_ros_msgs:/home/jc/carto_ws/src/install/cartographer:/home/jc/turtlebot3/install/turtlebot3:/home/jc/turtlebot3/install/turtlebot3_simulations:/home/jc/turtlebot3/install/turtlebot3_bringup:/home/jc/turtlebot3/install/turtlebot3_node:/home/jc/turtlebot3/install/turtlebot3_navigation2:/home/jc/turtlebot3/install/turtlebot3_fake_node:/home/jc/turtlebot3/install/turtlebot3_msgs:/home/jc/turtlebot3/install/turtlebot3_gazebo:/home/jc/turtlebot3/install/turtlebot3_description:/home/jc/turtlebot3/install/turtlebot3_cartographer:/home/jc/turtlebot3/install/test:/home/jc/turtlebot3/install/nav2_system_tests:/home/jc/turtlebot3/install/nav2_bringup:/home/jc/turtlebot3/install/navigation2:/home/jc/turtlebot3/install/smac_planner:/home/jc/turtlebot3/install/nav2_dwb_controller:/home/jc/turtlebot3/install/nav2_controller:/home/jc/turtlebot3/install/dwb_plugins:/home/jc/turtlebot3/install/dwb_critics:/home/jc/turtlebot3/install/dwb_core:/home/jc/turtlebot3/install/nav_2d_utils:/home/jc/turtlebot3/install/dwb_msgs:/home/jc/turtlebot3/install/nav_2d_msgs:/home/jc/turtlebot3/install/nav2_waypoint_follower:/home/jc/turtlebot3/install/nav2_regulated_pure_pursuit_controller:/home/jc/turtlebot3/install/nav2_recoveries:/home/jc/turtlebot3/install/nav2_planner:/home/jc/turtlebot3/install/nav2_navfn_planner:/home/jc/turtlebot3/install/nav2_core:/home/jc/turtlebot3/install/costmap_queue:/home/jc/turtlebot3/install/nav2_costmap_2d:/home/jc/turtlebot3/install/nav2_voxel_grid:/home/jc/turtlebot3/install/nav2_rviz_plugins:/home/jc/turtlebot3/install/nav2_map_server:/home/jc/turtlebot3/install/nav2_lifecycle_manager:/home/jc/turtlebot3/install/nav2_bt_navigator:/home/jc/turtlebot3/install/nav2_behavior_tree:/home/jc/turtlebot3/install/nav2_amcl:/home/jc/turtlebot3/install/nav2_util:/home/jc/turtlebot3/install/nav2_msgs:/home/jc/turtlebot3/install/nav2_common:/home/jc/nav2_ws/install/nav2_system_tests:/home/jc/nav2_ws/install/nav2_bringup:/home/jc/nav2_ws/install/navigation2:/home/jc/nav2_ws/install/smac_planner:/home/jc/nav2_ws/install/nav2_dwb_controller:/home/jc/nav2_ws/install/nav2_controller:/home/jc/nav2_ws/install/dwb_plugins:/home/jc/nav2_ws/install/dwb_critics:/home/jc/nav2_ws/install/dwb_core:/home/jc/nav2_ws/install/nav_2d_utils:/home/jc/nav2_ws/install/dwb_msgs:/home/jc/nav2_ws/install/nav_2d_msgs:/home/jc/nav2_ws/install/nav2_waypoint_follower:/home/jc/nav2_ws/install/nav2_regulated_pure_pursuit_controller:/home/jc/nav2_ws/install/nav2_recoveries:/home/jc/nav2_ws/install/nav2_planner:/home/jc/nav2_ws/install/nav2_navfn_planner:/home/jc/nav2_ws/install/nav2_core:/home/jc/nav2_ws/install/costmap_queue:/home/jc/nav2_ws/install/nav2_costmap_2d:/home/jc/nav2_ws/install/nav2_voxel_grid:/home/jc/nav2_ws/install/nav2_rviz_plugins:/home/jc/nav2_ws/install/nav2_map_server:/home/jc/nav2_ws/install/nav2_lifecycle_manager:/home/jc/nav2_ws/install/nav2_bt_navigator:/home/jc/nav2_ws/install/nav2_behavior_tree:/home/jc/nav2_ws/install/nav2_amcl:/home/jc/nav2_ws/install/nav2_util:/home/jc/nav2_ws/install/nav2_msgs:/home/jc/nav2_ws/install/nav2_common:/home/jc/carto_ws/install/cartographer_ros:/home/jc/carto_ws/install/cartographer_ros_msgs:/home/jc/carto_ws/install/cartographer:/home/jc/turtlebot4_ws/install/turtlebot4_simulator:/home/jc/turtlebot4_ws/install/turtlebot4_ignition_bringup:/home/jc/turtlebot4_ws/install/turtlebot4_desktop:/home/jc/turtlebot4_ws/install/turtlebot4_viz:/home/jc/turtlebot4_ws/install/turtlebot4_robot:/home/jc/turtlebot4_ws/install/turtlebot4_bringup:/home/jc/turtlebot4_ws/install/turtlebot4_base:/home/jc/turtlebot4_ws/install/turtlebot4_node:/home/jc/turtlebot4_ws/install/turtlebot4_navigation:/home/jc/turtlebot4_ws/install/turtlebot4_ignition_toolbox:/home/jc/turtlebot4_ws/install/turtlebot4_msgs:/home/jc/turtlebot4_ws/install/turtlebot4_ignition_gui_plugins:/home/jc/turtlebot4_ws/install/turtlebot4_description:/home/jc/turtlebot4_ws/install/irobot_create_toolbox:/home/jc/turtlebot4_ws/install/irobot_create_msgs:/home/jc/turtlebot4_ws/install/irobot_create_ignition_plugins:/home/jc/turtlebot4_ws/install/irobot_create_description:/home/jc/turtlebot4_ws/install/irobot_create_control:/home/jc/turtlebot3/install/turtlebot3_teleop:/home/jc/turtlebot3/install/turtlebot3_example:/home/jc/turtlebot3/install/nav2_gazebo_spawner:/home/jc/nav2_ws/install/nav2_gazebo_spawner:/opt/ros/foxy:/home/jc/turtlebot4_ws/install/turtlebot4_tests:/home/jc/turtlebot4_ws/install/turtlebot4_diagnostics LD_LIBRARY_PATH=/home/jc/carto_ws/src/install/cartographer_ros_msgs/lib:${LD_LIBRARY_PATH} PATH=/home/jc/carto_ws/src/install/cartographer/bin:${PATH} PKG_CONFIG_PATH=/home/jc/carto_ws/src/install/cartographer/lib/x86_64-linux-gnu/pkgconfig:/home/jc/carto_ws/src/install/cartographer/lib/pkgconfig:${PKG_CONFIG_PATH} PYTHONPATH=/home/jc/carto_ws/src/install/cartographer_ros_msgs/lib/python3.8/site-packages:${PYTHONPATH} /usr/bin/cmake /home/jc/carto_ws/src/cartographer_ros/cartographer_ros -DCMAKE_INSTALL_PREFIX=/home/jc/carto_ws/src/install/cartographer_ros
[0.078s] -- The C compiler identification is GNU 9.4.0
[0.138s] -- The CXX compiler identification is GNU 9.4.0
[0.144s] -- Check for working C compiler: /usr/bin/cc
[0.222s] -- Check for working C compiler: /usr/bin/cc -- works
[0.222s] -- Detecting C compiler ABI info
[0.301s] -- Detecting C compiler ABI info - done
[0.307s] -- Detecting C compile features
[0.308s] -- Detecting C compile features - done
[0.309s] -- Check for working CXX compiler: /usr/bin/c++
[0.401s] -- Check for working CXX compiler: /usr/bin/c++ -- works
[0.401s] -- Detecting CXX compiler ABI info
[0.496s] -- Detecting CXX compiler ABI info - done
[0.502s] -- Detecting CXX compile features
[0.502s] -- Detecting CXX compile features - done
[0.508s] -- Found ament_cmake: 0.9.9 (/opt/ros/foxy/share/ament_cmake/cmake)
[0.542s] -- Found PythonInterp: /usr/bin/python3 (found suitable version "3.8.10", minimum required is "3") 
[0.542s] -- Using PYTHON_EXECUTABLE: /usr/bin/python3
[0.736s] -- Found installed version of Eigen: /usr/lib/cmake/eigen3
[0.736s] -- Found required Ceres dependency: Eigen version 3.3.7 in /usr/include/eigen3
[0.748s] -- Found required Ceres dependency: glog
[0.749s] -- Found installed version of gflags: /usr/lib/x86_64-linux-gnu/cmake/gflags
[0.749s] -- Detected gflags version: 2.2.2
[0.750s] -- Found required Ceres dependency: gflags
[0.750s] -- Found Ceres version: 1.14.0 installed in: /usr with components: [EigenSparse, SparseLinearAlgebraLibrary, LAPACK, SuiteSparse, CXSparse, SchurSpecializations, OpenMP, Multithreading]
[0.751s] -- Build type: Release
[0.763s] Files /home/jc/carto_ws/src/build/cartographer_ros/AllFiles.cmake and - differ
[0.769s] -- Found cartographer_ros_msgs: 1.0.9003 (/home/jc/carto_ws/src/install/cartographer_ros_msgs/share/cartographer_ros_msgs/cmake)
[0.840s] -- Using all available rosidl_typesupport_c: rosidl_typesupport_fastrtps_c;rosidl_typesupport_introspection_c
[0.863s] -- Found rosidl_adapter: 1.2.1 (/opt/ros/foxy/share/rosidl_adapter/cmake)
[0.998s] -- Found OpenSSL: /usr/lib/x86_64-linux-gnu/libcrypto.so (found version "1.1.1f")  
[1.035s] -- Found FastRTPS: /opt/ros/foxy/include  
[1.140s] -- Using all available rosidl_typesupport_cpp: rosidl_typesupport_fastrtps_cpp;rosidl_typesupport_introspection_cpp
[1.268s] -- Found nav_msgs: 2.0.5 (/opt/ros/foxy/share/nav_msgs/cmake)
[1.334s] -- Found pcl_conversions: 2.2.1 (/opt/ros/foxy/share/pcl_conversions/cmake)
[1.654s] -- Found rmw_implementation_cmake: 1.0.3 (/opt/ros/foxy/share/rmw_implementation_cmake/cmake)
[1.665s] -- Using RMW implementation 'rmw_fastrtps_cpp' as default
[1.667s] -- Looking for pthread.h
[1.760s] -- Looking for pthread.h - found
[1.760s] -- Performing Test CMAKE_HAVE_LIBC_PTHREAD
[1.842s] -- Performing Test CMAKE_HAVE_LIBC_PTHREAD - Failed
[1.842s] -- Looking for pthread_create in pthreads
[1.912s] -- Looking for pthread_create in pthreads - not found
[1.912s] -- Looking for pthread_create in pthread
[1.986s] -- Looking for pthread_create in pthread - found
[1.987s] -- Found Threads: TRUE  
[2.176s] -- Found tf2: 0.13.13 (/opt/ros/foxy/share/tf2/cmake)
[2.203s] -- Found tf2_ros: 0.13.13 (/opt/ros/foxy/share/tf2_ros/cmake)
[2.528s] -- Found tf2_eigen: 0.13.13 (/opt/ros/foxy/share/tf2_eigen/cmake)
[2.546s] -- Found visualization_msgs: 2.0.5 (/opt/ros/foxy/share/visualization_msgs/cmake)
[2.604s] -- Found Lua: /usr/lib/x86_64-linux-gnu/liblua5.3.so;/usr/lib/x86_64-linux-gnu/libm.so (found version "5.3.3") 
[2.625s] -- Checking for module 'eigen3'
[2.653s] --   Found eigen3, version 3.3.7
[2.702s] -- Found Eigen: /usr/include/eigen3 (Required is at least version "3.1") 
[2.702s] -- Eigen found (include: /usr/include/eigen3, version: 3.3.7)
[2.850s] -- Found Boost: /usr/include (found suitable version "1.71.0", minimum required is "1.55.0") found components: system filesystem date_time iostreams regex 
[2.850s] -- looking for PCL_COMMON
[2.851s] -- Found PCL_COMMON: /usr/lib/x86_64-linux-gnu/libpcl_common.so  
[2.851s] -- Found PCL: pcl_common;/usr/lib/x86_64-linux-gnu/libboost_system.so;/usr/lib/x86_64-linux-gnu/libboost_filesystem.so;/usr/lib/x86_64-linux-gnu/libboost_date_time.so;/usr/lib/x86_64-linux-gnu/libboost_iostreams.so;/usr/lib/x86_64-linux-gnu/libboost_regex.so  
[2.853s] -- Found Eigen3: TRUE (found version "3.3.7") 
[2.991s] -- Configuring done
[3.065s] -- Generating done
[3.066s] -- Build files have been written to: /home/jc/carto_ws/src/build/cartographer_ros
[3.075s] Invoked command in '/home/jc/carto_ws/src/build/cartographer_ros' returned '0': AMENT_PREFIX_PATH=/home/jc/carto_ws/src/install/cartographer_ros_msgs:${AMENT_PREFIX_PATH} CMAKE_PREFIX_PATH=/home/jc/carto_ws/src/install/cartographer_ros_msgs:/home/jc/carto_ws/src/install/cartographer:/home/jc/turtlebot3/install/turtlebot3:/home/jc/turtlebot3/install/turtlebot3_simulations:/home/jc/turtlebot3/install/turtlebot3_bringup:/home/jc/turtlebot3/install/turtlebot3_node:/home/jc/turtlebot3/install/turtlebot3_navigation2:/home/jc/turtlebot3/install/turtlebot3_fake_node:/home/jc/turtlebot3/install/turtlebot3_msgs:/home/jc/turtlebot3/install/turtlebot3_gazebo:/home/jc/turtlebot3/install/turtlebot3_description:/home/jc/turtlebot3/install/turtlebot3_cartographer:/home/jc/turtlebot3/install/test:/home/jc/turtlebot3/install/nav2_system_tests:/home/jc/turtlebot3/install/nav2_bringup:/home/jc/turtlebot3/install/navigation2:/home/jc/turtlebot3/install/smac_planner:/home/jc/turtlebot3/install/nav2_dwb_controller:/home/jc/turtlebot3/install/nav2_controller:/home/jc/turtlebot3/install/dwb_plugins:/home/jc/turtlebot3/install/dwb_critics:/home/jc/turtlebot3/install/dwb_core:/home/jc/turtlebot3/install/nav_2d_utils:/home/jc/turtlebot3/install/dwb_msgs:/home/jc/turtlebot3/install/nav_2d_msgs:/home/jc/turtlebot3/install/nav2_waypoint_follower:/home/jc/turtlebot3/install/nav2_regulated_pure_pursuit_controller:/home/jc/turtlebot3/install/nav2_recoveries:/home/jc/turtlebot3/install/nav2_planner:/home/jc/turtlebot3/install/nav2_navfn_planner:/home/jc/turtlebot3/install/nav2_core:/home/jc/turtlebot3/install/costmap_queue:/home/jc/turtlebot3/install/nav2_costmap_2d:/home/jc/turtlebot3/install/nav2_voxel_grid:/home/jc/turtlebot3/install/nav2_rviz_plugins:/home/jc/turtlebot3/install/nav2_map_server:/home/jc/turtlebot3/install/nav2_lifecycle_manager:/home/jc/turtlebot3/install/nav2_bt_navigator:/home/jc/turtlebot3/install/nav2_behavior_tree:/home/jc/turtlebot3/install/nav2_amcl:/home/jc/turtlebot3/install/nav2_util:/home/jc/turtlebot3/install/nav2_msgs:/home/jc/turtlebot3/install/nav2_common:/home/jc/nav2_ws/install/nav2_system_tests:/home/jc/nav2_ws/install/nav2_bringup:/home/jc/nav2_ws/install/navigation2:/home/jc/nav2_ws/install/smac_planner:/home/jc/nav2_ws/install/nav2_dwb_controller:/home/jc/nav2_ws/install/nav2_controller:/home/jc/nav2_ws/install/dwb_plugins:/home/jc/nav2_ws/install/dwb_critics:/home/jc/nav2_ws/install/dwb_core:/home/jc/nav2_ws/install/nav_2d_utils:/home/jc/nav2_ws/install/dwb_msgs:/home/jc/nav2_ws/install/nav_2d_msgs:/home/jc/nav2_ws/install/nav2_waypoint_follower:/home/jc/nav2_ws/install/nav2_regulated_pure_pursuit_controller:/home/jc/nav2_ws/install/nav2_recoveries:/home/jc/nav2_ws/install/nav2_planner:/home/jc/nav2_ws/install/nav2_navfn_planner:/home/jc/nav2_ws/install/nav2_core:/home/jc/nav2_ws/install/costmap_queue:/home/jc/nav2_ws/install/nav2_costmap_2d:/home/jc/nav2_ws/install/nav2_voxel_grid:/home/jc/nav2_ws/install/nav2_rviz_plugins:/home/jc/nav2_ws/install/nav2_map_server:/home/jc/nav2_ws/install/nav2_lifecycle_manager:/home/jc/nav2_ws/install/nav2_bt_navigator:/home/jc/nav2_ws/install/nav2_behavior_tree:/home/jc/nav2_ws/install/nav2_amcl:/home/jc/nav2_ws/install/nav2_util:/home/jc/nav2_ws/install/nav2_msgs:/home/jc/nav2_ws/install/nav2_common:/home/jc/carto_ws/install/cartographer_ros:/home/jc/carto_ws/install/cartographer_ros_msgs:/home/jc/carto_ws/install/cartographer:/home/jc/turtlebot4_ws/install/turtlebot4_simulator:/home/jc/turtlebot4_ws/install/turtlebot4_ignition_bringup:/home/jc/turtlebot4_ws/install/turtlebot4_desktop:/home/jc/turtlebot4_ws/install/turtlebot4_viz:/home/jc/turtlebot4_ws/install/turtlebot4_robot:/home/jc/turtlebot4_ws/install/turtlebot4_bringup:/home/jc/turtlebot4_ws/install/turtlebot4_base:/home/jc/turtlebot4_ws/install/turtlebot4_node:/home/jc/turtlebot4_ws/install/turtlebot4_navigation:/home/jc/turtlebot4_ws/install/turtlebot4_ignition_toolbox:/home/jc/turtlebot4_ws/install/turtlebot4_msgs:/home/jc/turtlebot4_ws/install/turtlebot4_ignition_gui_plugins:/home/jc/turtlebot4_ws/install/turtlebot4_description:/home/jc/turtlebot4_ws/install/irobot_create_toolbox:/home/jc/turtlebot4_ws/install/irobot_create_msgs:/home/jc/turtlebot4_ws/install/irobot_create_ignition_plugins:/home/jc/turtlebot4_ws/install/irobot_create_description:/home/jc/turtlebot4_ws/install/irobot_create_control:/home/jc/turtlebot3/install/turtlebot3_teleop:/home/jc/turtlebot3/install/turtlebot3_example:/home/jc/turtlebot3/install/nav2_gazebo_spawner:/home/jc/nav2_ws/install/nav2_gazebo_spawner:/opt/ros/foxy:/home/jc/turtlebot4_ws/install/turtlebot4_tests:/home/jc/turtlebot4_ws/install/turtlebot4_diagnostics LD_LIBRARY_PATH=/home/jc/carto_ws/src/install/cartographer_ros_msgs/lib:${LD_LIBRARY_PATH} PATH=/home/jc/carto_ws/src/install/cartographer/bin:${PATH} PKG_CONFIG_PATH=/home/jc/carto_ws/src/install/cartographer/lib/x86_64-linux-gnu/pkgconfig:/home/jc/carto_ws/src/install/cartographer/lib/pkgconfig:${PKG_CONFIG_PATH} PYTHONPATH=/home/jc/carto_ws/src/install/cartographer_ros_msgs/lib/python3.8/site-packages:${PYTHONPATH} /usr/bin/cmake /home/jc/carto_ws/src/cartographer_ros/cartographer_ros -DCMAKE_INSTALL_PREFIX=/home/jc/carto_ws/src/install/cartographer_ros
[3.078s] Invoking command in '/home/jc/carto_ws/src/build/cartographer_ros': AMENT_PREFIX_PATH=/home/jc/carto_ws/src/install/cartographer_ros_msgs:${AMENT_PREFIX_PATH} CMAKE_PREFIX_PATH=/home/jc/carto_ws/src/install/cartographer_ros_msgs:/home/jc/carto_ws/src/install/cartographer:/home/jc/turtlebot3/install/turtlebot3:/home/jc/turtlebot3/install/turtlebot3_simulations:/home/jc/turtlebot3/install/turtlebot3_bringup:/home/jc/turtlebot3/install/turtlebot3_node:/home/jc/turtlebot3/install/turtlebot3_navigation2:/home/jc/turtlebot3/install/turtlebot3_fake_node:/home/jc/turtlebot3/install/turtlebot3_msgs:/home/jc/turtlebot3/install/turtlebot3_gazebo:/home/jc/turtlebot3/install/turtlebot3_description:/home/jc/turtlebot3/install/turtlebot3_cartographer:/home/jc/turtlebot3/install/test:/home/jc/turtlebot3/install/nav2_system_tests:/home/jc/turtlebot3/install/nav2_bringup:/home/jc/turtlebot3/install/navigation2:/home/jc/turtlebot3/install/smac_planner:/home/jc/turtlebot3/install/nav2_dwb_controller:/home/jc/turtlebot3/install/nav2_controller:/home/jc/turtlebot3/install/dwb_plugins:/home/jc/turtlebot3/install/dwb_critics:/home/jc/turtlebot3/install/dwb_core:/home/jc/turtlebot3/install/nav_2d_utils:/home/jc/turtlebot3/install/dwb_msgs:/home/jc/turtlebot3/install/nav_2d_msgs:/home/jc/turtlebot3/install/nav2_waypoint_follower:/home/jc/turtlebot3/install/nav2_regulated_pure_pursuit_controller:/home/jc/turtlebot3/install/nav2_recoveries:/home/jc/turtlebot3/install/nav2_planner:/home/jc/turtlebot3/install/nav2_navfn_planner:/home/jc/turtlebot3/install/nav2_core:/home/jc/turtlebot3/install/costmap_queue:/home/jc/turtlebot3/install/nav2_costmap_2d:/home/jc/turtlebot3/install/nav2_voxel_grid:/home/jc/turtlebot3/install/nav2_rviz_plugins:/home/jc/turtlebot3/install/nav2_map_server:/home/jc/turtlebot3/install/nav2_lifecycle_manager:/home/jc/turtlebot3/install/nav2_bt_navigator:/home/jc/turtlebot3/install/nav2_behavior_tree:/home/jc/turtlebot3/install/nav2_amcl:/home/jc/turtlebot3/install/nav2_util:/home/jc/turtlebot3/install/nav2_msgs:/home/jc/turtlebot3/install/nav2_common:/home/jc/nav2_ws/install/nav2_system_tests:/home/jc/nav2_ws/install/nav2_bringup:/home/jc/nav2_ws/install/navigation2:/home/jc/nav2_ws/install/smac_planner:/home/jc/nav2_ws/install/nav2_dwb_controller:/home/jc/nav2_ws/install/nav2_controller:/home/jc/nav2_ws/install/dwb_plugins:/home/jc/nav2_ws/install/dwb_critics:/home/jc/nav2_ws/install/dwb_core:/home/jc/nav2_ws/install/nav_2d_utils:/home/jc/nav2_ws/install/dwb_msgs:/home/jc/nav2_ws/install/nav_2d_msgs:/home/jc/nav2_ws/install/nav2_waypoint_follower:/home/jc/nav2_ws/install/nav2_regulated_pure_pursuit_controller:/home/jc/nav2_ws/install/nav2_recoveries:/home/jc/nav2_ws/install/nav2_planner:/home/jc/nav2_ws/install/nav2_navfn_planner:/home/jc/nav2_ws/install/nav2_core:/home/jc/nav2_ws/install/costmap_queue:/home/jc/nav2_ws/install/nav2_costmap_2d:/home/jc/nav2_ws/install/nav2_voxel_grid:/home/jc/nav2_ws/install/nav2_rviz_plugins:/home/jc/nav2_ws/install/nav2_map_server:/home/jc/nav2_ws/install/nav2_lifecycle_manager:/home/jc/nav2_ws/install/nav2_bt_navigator:/home/jc/nav2_ws/install/nav2_behavior_tree:/home/jc/nav2_ws/install/nav2_amcl:/home/jc/nav2_ws/install/nav2_util:/home/jc/nav2_ws/install/nav2_msgs:/home/jc/nav2_ws/install/nav2_common:/home/jc/carto_ws/install/cartographer_ros:/home/jc/carto_ws/install/cartographer_ros_msgs:/home/jc/carto_ws/install/cartographer:/home/jc/turtlebot4_ws/install/turtlebot4_simulator:/home/jc/turtlebot4_ws/install/turtlebot4_ignition_bringup:/home/jc/turtlebot4_ws/install/turtlebot4_desktop:/home/jc/turtlebot4_ws/install/turtlebot4_viz:/home/jc/turtlebot4_ws/install/turtlebot4_robot:/home/jc/turtlebot4_ws/install/turtlebot4_bringup:/home/jc/turtlebot4_ws/install/turtlebot4_base:/home/jc/turtlebot4_ws/install/turtlebot4_node:/home/jc/turtlebot4_ws/install/turtlebot4_navigation:/home/jc/turtlebot4_ws/install/turtlebot4_ignition_toolbox:/home/jc/turtlebot4_ws/install/turtlebot4_msgs:/home/jc/turtlebot4_ws/install/turtlebot4_ignition_gui_plugins:/home/jc/turtlebot4_ws/install/turtlebot4_description:/home/jc/turtlebot4_ws/install/irobot_create_toolbox:/home/jc/turtlebot4_ws/install/irobot_create_msgs:/home/jc/turtlebot4_ws/install/irobot_create_ignition_plugins:/home/jc/turtlebot4_ws/install/irobot_create_description:/home/jc/turtlebot4_ws/install/irobot_create_control:/home/jc/turtlebot3/install/turtlebot3_teleop:/home/jc/turtlebot3/install/turtlebot3_example:/home/jc/turtlebot3/install/nav2_gazebo_spawner:/home/jc/nav2_ws/install/nav2_gazebo_spawner:/opt/ros/foxy:/home/jc/turtlebot4_ws/install/turtlebot4_tests:/home/jc/turtlebot4_ws/install/turtlebot4_diagnostics LD_LIBRARY_PATH=/home/jc/carto_ws/src/install/cartographer_ros_msgs/lib:${LD_LIBRARY_PATH} PATH=/home/jc/carto_ws/src/install/cartographer/bin:${PATH} PKG_CONFIG_PATH=/home/jc/carto_ws/src/install/cartographer/lib/x86_64-linux-gnu/pkgconfig:/home/jc/carto_ws/src/install/cartographer/lib/pkgconfig:${PKG_CONFIG_PATH} PYTHONPATH=/home/jc/carto_ws/src/install/cartographer_ros_msgs/lib/python3.8/site-packages:${PYTHONPATH} /usr/bin/cmake --build /home/jc/carto_ws/src/build/cartographer_ros -- -j16 -l16
[3.128s] [35m[1mScanning dependencies of target cartographer_ros[0m
[3.131s] [35m[1mScanning dependencies of target cartographer_ros_detect_changes[0m
[3.153s] [  0%] Built target cartographer_ros_detect_changes
[3.359s] [  5%] [32mBuilding CXX object CMakeFiles/cartographer_ros.dir/cartographer_ros/map_builder_bridge.cc.o[0m
[3.361s] [ 15%] [32mBuilding CXX object CMakeFiles/cartographer_ros.dir/cartographer_ros/ros_log_sink.cc.o[0m
[3.362s] [ 15%] [32mBuilding CXX object CMakeFiles/cartographer_ros.dir/cartographer_ros/node_constants.cc.o[0m
[3.362s] [ 21%] [32mBuilding CXX object CMakeFiles/cartographer_ros.dir/cartographer_ros/tf_bridge.cc.o[0m
[3.363s] [ 26%] [32mBuilding CXX object CMakeFiles/cartographer_ros.dir/cartographer_ros/ros_map.cc.o[0m
[3.363s] [ 31%] [32mBuilding CXX object CMakeFiles/cartographer_ros.dir/cartographer_ros/submap.cc.o[0m
[3.367s] [ 36%] [32mBuilding CXX object CMakeFiles/cartographer_ros.dir/cartographer_ros/msg_conversion.cc.o[0m
[3.367s] [ 42%] [32mBuilding CXX object CMakeFiles/cartographer_ros.dir/cartographer_ros/node_options.cc.o[0m
[3.367s] [ 47%] [32mBuilding CXX object CMakeFiles/cartographer_ros.dir/cartographer_ros/trajectory_options.cc.o[0m
[3.367s] [ 57%] [32mBuilding CXX object CMakeFiles/cartographer_ros.dir/cartographer_ros/time_conversion.cc.o[0m
[3.367s] [ 57%] [32mBuilding CXX object CMakeFiles/cartographer_ros.dir/cartographer_ros/sensor_bridge.cc.o[0m
[3.398s] [ 63%] [32mBuilding CXX object CMakeFiles/cartographer_ros.dir/cartographer_ros/node.cc.o[0m
[42.407s] [ 68%] [32m[1mLinking CXX static library libcartographer_ros.a[0m
[42.488s] [ 68%] Built target cartographer_ros
[42.502s] [35m[1mScanning dependencies of target occupancy_grid_node[0m
[42.504s] [35m[1mScanning dependencies of target pbstream_to_ros_map_node[0m
[42.508s] [35m[1mScanning dependencies of target cartographer_node[0m
[42.564s] [ 73%] [32mBuilding CXX object cartographer_ros/CMakeFiles/pbstream_to_ros_map_node.dir/pbstream_to_ros_map_main.cc.o[0m
[42.568s] [ 78%] [32mBuilding CXX object cartographer_ros/CMakeFiles/occupancy_grid_node.dir/occupancy_grid_node_main.cc.o[0m
[42.589s] [ 84%] [32mBuilding CXX object cartographer_ros/CMakeFiles/cartographer_node.dir/node_main.cc.o[0m
[48.790s] [ 89%] [32m[1mLinking CXX executable pbstream_to_ros_map_node[0m
[49.148s] [ 89%] Built target pbstream_to_ros_map_node
[52.925s] [ 94%] [32m[1mLinking CXX executable cartographer_node[0m
[53.279s] [ 94%] Built target cartographer_node
[56.415s] [100%] [32m[1mLinking CXX executable occupancy_grid_node[0m
[56.673s] [100%] Built target occupancy_grid_node
[56.688s] Invoked command in '/home/jc/carto_ws/src/build/cartographer_ros' returned '0': AMENT_PREFIX_PATH=/home/jc/carto_ws/src/install/cartographer_ros_msgs:${AMENT_PREFIX_PATH} CMAKE_PREFIX_PATH=/home/jc/carto_ws/src/install/cartographer_ros_msgs:/home/jc/carto_ws/src/install/cartographer:/home/jc/turtlebot3/install/turtlebot3:/home/jc/turtlebot3/install/turtlebot3_simulations:/home/jc/turtlebot3/install/turtlebot3_bringup:/home/jc/turtlebot3/install/turtlebot3_node:/home/jc/turtlebot3/install/turtlebot3_navigation2:/home/jc/turtlebot3/install/turtlebot3_fake_node:/home/jc/turtlebot3/install/turtlebot3_msgs:/home/jc/turtlebot3/install/turtlebot3_gazebo:/home/jc/turtlebot3/install/turtlebot3_description:/home/jc/turtlebot3/install/turtlebot3_cartographer:/home/jc/turtlebot3/install/test:/home/jc/turtlebot3/install/nav2_system_tests:/home/jc/turtlebot3/install/nav2_bringup:/home/jc/turtlebot3/install/navigation2:/home/jc/turtlebot3/install/smac_planner:/home/jc/turtlebot3/install/nav2_dwb_controller:/home/jc/turtlebot3/install/nav2_controller:/home/jc/turtlebot3/install/dwb_plugins:/home/jc/turtlebot3/install/dwb_critics:/home/jc/turtlebot3/install/dwb_core:/home/jc/turtlebot3/install/nav_2d_utils:/home/jc/turtlebot3/install/dwb_msgs:/home/jc/turtlebot3/install/nav_2d_msgs:/home/jc/turtlebot3/install/nav2_waypoint_follower:/home/jc/turtlebot3/install/nav2_regulated_pure_pursuit_controller:/home/jc/turtlebot3/install/nav2_recoveries:/home/jc/turtlebot3/install/nav2_planner:/home/jc/turtlebot3/install/nav2_navfn_planner:/home/jc/turtlebot3/install/nav2_core:/home/jc/turtlebot3/install/costmap_queue:/home/jc/turtlebot3/install/nav2_costmap_2d:/home/jc/turtlebot3/install/nav2_voxel_grid:/home/jc/turtlebot3/install/nav2_rviz_plugins:/home/jc/turtlebot3/install/nav2_map_server:/home/jc/turtlebot3/install/nav2_lifecycle_manager:/home/jc/turtlebot3/install/nav2_bt_navigator:/home/jc/turtlebot3/install/nav2_behavior_tree:/home/jc/turtlebot3/install/nav2_amcl:/home/jc/turtlebot3/install/nav2_util:/home/jc/turtlebot3/install/nav2_msgs:/home/jc/turtlebot3/install/nav2_common:/home/jc/nav2_ws/install/nav2_system_tests:/home/jc/nav2_ws/install/nav2_bringup:/home/jc/nav2_ws/install/navigation2:/home/jc/nav2_ws/install/smac_planner:/home/jc/nav2_ws/install/nav2_dwb_controller:/home/jc/nav2_ws/install/nav2_controller:/home/jc/nav2_ws/install/dwb_plugins:/home/jc/nav2_ws/install/dwb_critics:/home/jc/nav2_ws/install/dwb_core:/home/jc/nav2_ws/install/nav_2d_utils:/home/jc/nav2_ws/install/dwb_msgs:/home/jc/nav2_ws/install/nav_2d_msgs:/home/jc/nav2_ws/install/nav2_waypoint_follower:/home/jc/nav2_ws/install/nav2_regulated_pure_pursuit_controller:/home/jc/nav2_ws/install/nav2_recoveries:/home/jc/nav2_ws/install/nav2_planner:/home/jc/nav2_ws/install/nav2_navfn_planner:/home/jc/nav2_ws/install/nav2_core:/home/jc/nav2_ws/install/costmap_queue:/home/jc/nav2_ws/install/nav2_costmap_2d:/home/jc/nav2_ws/install/nav2_voxel_grid:/home/jc/nav2_ws/install/nav2_rviz_plugins:/home/jc/nav2_ws/install/nav2_map_server:/home/jc/nav2_ws/install/nav2_lifecycle_manager:/home/jc/nav2_ws/install/nav2_bt_navigator:/home/jc/nav2_ws/install/nav2_behavior_tree:/home/jc/nav2_ws/install/nav2_amcl:/home/jc/nav2_ws/install/nav2_util:/home/jc/nav2_ws/install/nav2_msgs:/home/jc/nav2_ws/install/nav2_common:/home/jc/carto_ws/install/cartographer_ros:/home/jc/carto_ws/install/cartographer_ros_msgs:/home/jc/carto_ws/install/cartographer:/home/jc/turtlebot4_ws/install/turtlebot4_simulator:/home/jc/turtlebot4_ws/install/turtlebot4_ignition_bringup:/home/jc/turtlebot4_ws/install/turtlebot4_desktop:/home/jc/turtlebot4_ws/install/turtlebot4_viz:/home/jc/turtlebot4_ws/install/turtlebot4_robot:/home/jc/turtlebot4_ws/install/turtlebot4_bringup:/home/jc/turtlebot4_ws/install/turtlebot4_base:/home/jc/turtlebot4_ws/install/turtlebot4_node:/home/jc/turtlebot4_ws/install/turtlebot4_navigation:/home/jc/turtlebot4_ws/install/turtlebot4_ignition_toolbox:/home/jc/turtlebot4_ws/install/turtlebot4_msgs:/home/jc/turtlebot4_ws/install/turtlebot4_ignition_gui_plugins:/home/jc/turtlebot4_ws/install/turtlebot4_description:/home/jc/turtlebot4_ws/install/irobot_create_toolbox:/home/jc/turtlebot4_ws/install/irobot_create_msgs:/home/jc/turtlebot4_ws/install/irobot_create_ignition_plugins:/home/jc/turtlebot4_ws/install/irobot_create_description:/home/jc/turtlebot4_ws/install/irobot_create_control:/home/jc/turtlebot3/install/turtlebot3_teleop:/home/jc/turtlebot3/install/turtlebot3_example:/home/jc/turtlebot3/install/nav2_gazebo_spawner:/home/jc/nav2_ws/install/nav2_gazebo_spawner:/opt/ros/foxy:/home/jc/turtlebot4_ws/install/turtlebot4_tests:/home/jc/turtlebot4_ws/install/turtlebot4_diagnostics LD_LIBRARY_PATH=/home/jc/carto_ws/src/install/cartographer_ros_msgs/lib:${LD_LIBRARY_PATH} PATH=/home/jc/carto_ws/src/install/cartographer/bin:${PATH} PKG_CONFIG_PATH=/home/jc/carto_ws/src/install/cartographer/lib/x86_64-linux-gnu/pkgconfig:/home/jc/carto_ws/src/install/cartographer/lib/pkgconfig:${PKG_CONFIG_PATH} PYTHONPATH=/home/jc/carto_ws/src/install/cartographer_ros_msgs/lib/python3.8/site-packages:${PYTHONPATH} /usr/bin/cmake --build /home/jc/carto_ws/src/build/cartographer_ros -- -j16 -l16
[56.787s] Invoking command in '/home/jc/carto_ws/src/build/cartographer_ros': AMENT_PREFIX_PATH=/home/jc/carto_ws/src/install/cartographer_ros_msgs:${AMENT_PREFIX_PATH} CMAKE_PREFIX_PATH=/home/jc/carto_ws/src/install/cartographer_ros_msgs:/home/jc/carto_ws/src/install/cartographer:/home/jc/turtlebot3/install/turtlebot3:/home/jc/turtlebot3/install/turtlebot3_simulations:/home/jc/turtlebot3/install/turtlebot3_bringup:/home/jc/turtlebot3/install/turtlebot3_node:/home/jc/turtlebot3/install/turtlebot3_navigation2:/home/jc/turtlebot3/install/turtlebot3_fake_node:/home/jc/turtlebot3/install/turtlebot3_msgs:/home/jc/turtlebot3/install/turtlebot3_gazebo:/home/jc/turtlebot3/install/turtlebot3_description:/home/jc/turtlebot3/install/turtlebot3_cartographer:/home/jc/turtlebot3/install/test:/home/jc/turtlebot3/install/nav2_system_tests:/home/jc/turtlebot3/install/nav2_bringup:/home/jc/turtlebot3/install/navigation2:/home/jc/turtlebot3/install/smac_planner:/home/jc/turtlebot3/install/nav2_dwb_controller:/home/jc/turtlebot3/install/nav2_controller:/home/jc/turtlebot3/install/dwb_plugins:/home/jc/turtlebot3/install/dwb_critics:/home/jc/turtlebot3/install/dwb_core:/home/jc/turtlebot3/install/nav_2d_utils:/home/jc/turtlebot3/install/dwb_msgs:/home/jc/turtlebot3/install/nav_2d_msgs:/home/jc/turtlebot3/install/nav2_waypoint_follower:/home/jc/turtlebot3/install/nav2_regulated_pure_pursuit_controller:/home/jc/turtlebot3/install/nav2_recoveries:/home/jc/turtlebot3/install/nav2_planner:/home/jc/turtlebot3/install/nav2_navfn_planner:/home/jc/turtlebot3/install/nav2_core:/home/jc/turtlebot3/install/costmap_queue:/home/jc/turtlebot3/install/nav2_costmap_2d:/home/jc/turtlebot3/install/nav2_voxel_grid:/home/jc/turtlebot3/install/nav2_rviz_plugins:/home/jc/turtlebot3/install/nav2_map_server:/home/jc/turtlebot3/install/nav2_lifecycle_manager:/home/jc/turtlebot3/install/nav2_bt_navigator:/home/jc/turtlebot3/install/nav2_behavior_tree:/home/jc/turtlebot3/install/nav2_amcl:/home/jc/turtlebot3/install/nav2_util:/home/jc/turtlebot3/install/nav2_msgs:/home/jc/turtlebot3/install/nav2_common:/home/jc/nav2_ws/install/nav2_system_tests:/home/jc/nav2_ws/install/nav2_bringup:/home/jc/nav2_ws/install/navigation2:/home/jc/nav2_ws/install/smac_planner:/home/jc/nav2_ws/install/nav2_dwb_controller:/home/jc/nav2_ws/install/nav2_controller:/home/jc/nav2_ws/install/dwb_plugins:/home/jc/nav2_ws/install/dwb_critics:/home/jc/nav2_ws/install/dwb_core:/home/jc/nav2_ws/install/nav_2d_utils:/home/jc/nav2_ws/install/dwb_msgs:/home/jc/nav2_ws/install/nav_2d_msgs:/home/jc/nav2_ws/install/nav2_waypoint_follower:/home/jc/nav2_ws/install/nav2_regulated_pure_pursuit_controller:/home/jc/nav2_ws/install/nav2_recoveries:/home/jc/nav2_ws/install/nav2_planner:/home/jc/nav2_ws/install/nav2_navfn_planner:/home/jc/nav2_ws/install/nav2_core:/home/jc/nav2_ws/install/costmap_queue:/home/jc/nav2_ws/install/nav2_costmap_2d:/home/jc/nav2_ws/install/nav2_voxel_grid:/home/jc/nav2_ws/install/nav2_rviz_plugins:/home/jc/nav2_ws/install/nav2_map_server:/home/jc/nav2_ws/install/nav2_lifecycle_manager:/home/jc/nav2_ws/install/nav2_bt_navigator:/home/jc/nav2_ws/install/nav2_behavior_tree:/home/jc/nav2_ws/install/nav2_amcl:/home/jc/nav2_ws/install/nav2_util:/home/jc/nav2_ws/install/nav2_msgs:/home/jc/nav2_ws/install/nav2_common:/home/jc/carto_ws/install/cartographer_ros:/home/jc/carto_ws/install/cartographer_ros_msgs:/home/jc/carto_ws/install/cartographer:/home/jc/turtlebot4_ws/install/turtlebot4_simulator:/home/jc/turtlebot4_ws/install/turtlebot4_ignition_bringup:/home/jc/turtlebot4_ws/install/turtlebot4_desktop:/home/jc/turtlebot4_ws/install/turtlebot4_viz:/home/jc/turtlebot4_ws/install/turtlebot4_robot:/home/jc/turtlebot4_ws/install/turtlebot4_bringup:/home/jc/turtlebot4_ws/install/turtlebot4_base:/home/jc/turtlebot4_ws/install/turtlebot4_node:/home/jc/turtlebot4_ws/install/turtlebot4_navigation:/home/jc/turtlebot4_ws/install/turtlebot4_ignition_toolbox:/home/jc/turtlebot4_ws/install/turtlebot4_msgs:/home/jc/turtlebot4_ws/install/turtlebot4_ignition_gui_plugins:/home/jc/turtlebot4_ws/install/turtlebot4_description:/home/jc/turtlebot4_ws/install/irobot_create_toolbox:/home/jc/turtlebot4_ws/install/irobot_create_msgs:/home/jc/turtlebot4_ws/install/irobot_create_ignition_plugins:/home/jc/turtlebot4_ws/install/irobot_create_description:/home/jc/turtlebot4_ws/install/irobot_create_control:/home/jc/turtlebot3/install/turtlebot3_teleop:/home/jc/turtlebot3/install/turtlebot3_example:/home/jc/turtlebot3/install/nav2_gazebo_spawner:/home/jc/nav2_ws/install/nav2_gazebo_spawner:/opt/ros/foxy:/home/jc/turtlebot4_ws/install/turtlebot4_tests:/home/jc/turtlebot4_ws/install/turtlebot4_diagnostics LD_LIBRARY_PATH=/home/jc/carto_ws/src/install/cartographer_ros_msgs/lib:${LD_LIBRARY_PATH} PATH=/home/jc/carto_ws/src/install/cartographer/bin:${PATH} PKG_CONFIG_PATH=/home/jc/carto_ws/src/install/cartographer/lib/x86_64-linux-gnu/pkgconfig:/home/jc/carto_ws/src/install/cartographer/lib/pkgconfig:${PKG_CONFIG_PATH} PYTHONPATH=/home/jc/carto_ws/src/install/cartographer_ros_msgs/lib/python3.8/site-packages:${PYTHONPATH} /usr/bin/cmake --install /home/jc/carto_ws/src/build/cartographer_ros
[56.797s] -- Install configuration: "Release"
[56.798s] -- Installing: /home/jc/carto_ws/src/install/cartographer_ros/share/cartographer_ros//configuration_files
[56.798s] -- Installing: /home/jc/carto_ws/src/install/cartographer_ros/share/cartographer_ros//configuration_files/backpack_2d.lua
[56.801s] -- Installing: /home/jc/carto_ws/src/install/cartographer_ros/share/cartographer_ros//configuration_files/assets_writer_backpack_2d.lua
[56.802s] -- Installing: /home/jc/carto_ws/src/install/cartographer_ros/share/cartographer_ros//configuration_files/taurob_tracker.lua
[56.802s] -- Installing: /home/jc/carto_ws/src/install/cartographer_ros/share/cartographer_ros//configuration_files/transform.lua
[56.802s] -- Installing: /home/jc/carto_ws/src/install/cartographer_ros/share/cartographer_ros//configuration_files/pr2.lua
[56.802s] -- Installing: /home/jc/carto_ws/src/install/cartographer_ros/share/cartographer_ros//configuration_files/backpack_2d_localization.lua
[56.803s] -- Installing: /home/jc/carto_ws/src/install/cartographer_ros/share/cartographer_ros//configuration_files/visualize_pbstream.lua
[56.803s] -- Installing: /home/jc/carto_ws/src/install/cartographer_ros/share/cartographer_ros//configuration_files/assets_writer_backpack_3d.lua
[56.804s] -- Installing: /home/jc/carto_ws/src/install/cartographer_ros/share/cartographer_ros//configuration_files/demo_3d.rviz
[56.804s] -- Installing: /home/jc/carto_ws/src/install/cartographer_ros/share/cartographer_ros//configuration_files/backpack_3d_localization.lua
[56.804s] -- Installing: /home/jc/carto_ws/src/install/cartographer_ros/share/cartographer_ros//configuration_files/backpack_2d_localization_evaluation.lua
[56.805s] -- Installing: /home/jc/carto_ws/src/install/cartographer_ros/share/cartographer_ros//configuration_files/my_lds_2d.lua
[56.806s] -- Installing: /home/jc/carto_ws/src/install/cartographer_ros/share/cartographer_ros//configuration_files/backpack_3d.lua
[56.806s] -- Installing: /home/jc/carto_ws/src/install/cartographer_ros/share/cartographer_ros//configuration_files/backpack_2d_server.lua
[56.807s] -- Installing: /home/jc/carto_ws/src/install/cartographer_ros/share/cartographer_ros//configuration_files/assets_writer_backpack_2d_ci.lua
[56.807s] -- Installing: /home/jc/carto_ws/src/install/cartographer_ros/share/cartographer_ros//configuration_files/demo_2d.rviz
[56.807s] -- Installing: /home/jc/carto_ws/src/install/cartographer_ros/share/cartographer_ros//configuration_files/assets_writer_ros_map.lua
[56.807s] -- Installing: /home/jc/carto_ws/src/install/cartographer_ros/share/cartographer_ros//configuration_files/revo_lds.lua
[56.808s] -- Installing: /home/jc/carto_ws/src/install/cartographer_ros/share/cartographer_ros//launch
[56.808s] -- Installing: /home/jc/carto_ws/src/install/cartographer_ros/share/cartographer_ros//launch/cartographer.launch.py
[56.808s] -- Installing: /home/jc/carto_ws/src/install/cartographer_ros/share/cartographer_ros//launch/demo_revo_lds.launch
[56.808s] -- Installing: /home/jc/carto_ws/src/install/cartographer_ros/share/cartographer_ros//launch/demo_taurob_tracker.launch
[56.808s] -- Installing: /home/jc/carto_ws/src/install/cartographer_ros/share/cartographer_ros//launch/grpc_demo_backpack_2d.launch
[56.808s] -- Installing: /home/jc/carto_ws/src/install/cartographer_ros/share/cartographer_ros//launch/assets_writer_backpack_2d.launch
[56.809s] -- Installing: /home/jc/carto_ws/src/install/cartographer_ros/share/cartographer_ros//launch/demo_backpack_2d_localization.launch
[56.809s] -- Installing: /home/jc/carto_ws/src/install/cartographer_ros/share/cartographer_ros//launch/demo_backpack_3d.launch
[56.809s] -- Installing: /home/jc/carto_ws/src/install/cartographer_ros/share/cartographer_ros//launch/backpack_2d.launch.py
[56.809s] -- Installing: /home/jc/carto_ws/src/install/cartographer_ros/share/cartographer_ros//launch/demo_backpack_2d_localization.launch.py
[56.809s] -- Installing: /home/jc/carto_ws/src/install/cartographer_ros/share/cartographer_ros//launch/assets_writer_backpack_3d.launch
[56.809s] -- Installing: /home/jc/carto_ws/src/install/cartographer_ros/share/cartographer_ros//launch/taurob_tracker.launch
[56.809s] -- Installing: /home/jc/carto_ws/src/install/cartographer_ros/share/cartographer_ros//launch/backpack_2d.launch
[56.809s] -- Installing: /home/jc/carto_ws/src/install/cartographer_ros/share/cartographer_ros//launch/demo_backpack_2d.launch.py
[56.809s] -- Installing: /home/jc/carto_ws/src/install/cartographer_ros/share/cartographer_ros//launch/demo_backpack_2d.launch
[56.809s] -- Installing: /home/jc/carto_ws/src/install/cartographer_ros/share/cartographer_ros//launch/visualize_pbstream.launch
[56.809s] -- Installing: /home/jc/carto_ws/src/install/cartographer_ros/share/cartographer_ros//launch/offline_backpack_2d.launch
[56.809s] -- Installing: /home/jc/carto_ws/src/install/cartographer_ros/share/cartographer_ros//launch/backpack_3d.launch
[56.809s] -- Installing: /home/jc/carto_ws/src/install/cartographer_ros/share/cartographer_ros//launch/assets_writer_ros_map.launch
[56.809s] -- Installing: /home/jc/carto_ws/src/install/cartographer_ros/share/cartographer_ros//launch/grpc_demo_backpack_2d_localization.launch
[56.810s] -- Installing: /home/jc/carto_ws/src/install/cartographer_ros/share/cartographer_ros//launch/offline_backpack_3d.launch
[56.810s] -- Installing: /home/jc/carto_ws/src/install/cartographer_ros/share/cartographer_ros//launch/demo_pr2.launch
[56.810s] -- Installing: /home/jc/carto_ws/src/install/cartographer_ros/share/cartographer_ros//launch/occupancy_grid.launch.py
[56.810s] -- Installing: /home/jc/carto_ws/src/install/cartographer_ros/share/cartographer_ros//launch/demo_backpack_3d_localization.launch
[56.810s] -- Installing: /home/jc/carto_ws/src/install/cartographer_ros/share/cartographer_ros//urdf
[56.810s] -- Installing: /home/jc/carto_ws/src/install/cartographer_ros/share/cartographer_ros//urdf/backpack_2d.urdf
[56.810s] -- Installing: /home/jc/carto_ws/src/install/cartographer_ros/share/cartographer_ros//urdf/backpack_3d.urdf
[56.810s] -- Installing: /home/jc/carto_ws/src/install/cartographer_ros/share/cartographer_ros//rviz
[56.810s] -- Installing: /home/jc/carto_ws/src/install/cartographer_ros/share/cartographer_ros//rviz/mycarto.rviz
[56.810s] -- Installing: /home/jc/carto_ws/src/install/cartographer_ros/share/cartographer_ros//rviz/cartographer.rviz
[56.810s] -- Installing: /home/jc/carto_ws/src/install/cartographer_ros/lib/libcartographer_ros.a
[56.814s] -- Installing: /home/jc/carto_ws/src/install/cartographer_ros/share/ament_index/resource_index/package_run_dependencies/cartographer_ros
[56.815s] -- Installing: /home/jc/carto_ws/src/install/cartographer_ros/share/ament_index/resource_index/parent_prefix_path/cartographer_ros
[56.815s] -- Installing: /home/jc/carto_ws/src/install/cartographer_ros/share/cartographer_ros/environment/ament_prefix_path.sh
[56.815s] -- Installing: /home/jc/carto_ws/src/install/cartographer_ros/share/cartographer_ros/environment/ament_prefix_path.dsv
[56.815s] -- Installing: /home/jc/carto_ws/src/install/cartographer_ros/share/cartographer_ros/environment/path.sh
[56.815s] -- Installing: /home/jc/carto_ws/src/install/cartographer_ros/share/cartographer_ros/environment/path.dsv
[56.815s] -- Installing: /home/jc/carto_ws/src/install/cartographer_ros/share/cartographer_ros/local_setup.bash
[56.816s] -- Installing: /home/jc/carto_ws/src/install/cartographer_ros/share/cartographer_ros/local_setup.sh
[56.816s] -- Installing: /home/jc/carto_ws/src/install/cartographer_ros/share/cartographer_ros/local_setup.zsh
[56.816s] -- Installing: /home/jc/carto_ws/src/install/cartographer_ros/share/cartographer_ros/local_setup.dsv
[56.816s] -- Installing: /home/jc/carto_ws/src/install/cartographer_ros/share/cartographer_ros/package.dsv
[56.816s] -- Installing: /home/jc/carto_ws/src/install/cartographer_ros/share/ament_index/resource_index/packages/cartographer_ros
[56.816s] -- Installing: /home/jc/carto_ws/src/install/cartographer_ros/share/cartographer_ros/cmake/cartographer_rosConfig.cmake
[56.816s] -- Installing: /home/jc/carto_ws/src/install/cartographer_ros/share/cartographer_ros/cmake/cartographer_rosConfig-version.cmake
[56.816s] -- Installing: /home/jc/carto_ws/src/install/cartographer_ros/share/cartographer_ros/package.xml
[56.816s] -- Installing: /home/jc/carto_ws/src/install/cartographer_ros/lib/cartographer_ros/cartographer_node
[56.820s] -- Set runtime path of "/home/jc/carto_ws/src/install/cartographer_ros/lib/cartographer_ros/cartographer_node" to ""
[56.820s] -- Installing: /home/jc/carto_ws/src/install/cartographer_ros/lib/cartographer_ros/occupancy_grid_node
[56.823s] -- Set runtime path of "/home/jc/carto_ws/src/install/cartographer_ros/lib/cartographer_ros/occupancy_grid_node" to ""
[56.823s] -- Installing: /home/jc/carto_ws/src/install/cartographer_ros/lib/cartographer_ros/pbstream_to_ros_map_node
[56.824s] -- Set runtime path of "/home/jc/carto_ws/src/install/cartographer_ros/lib/cartographer_ros/pbstream_to_ros_map_node" to ""
[56.827s] Invoked command in '/home/jc/carto_ws/src/build/cartographer_ros' returned '0': AMENT_PREFIX_PATH=/home/jc/carto_ws/src/install/cartographer_ros_msgs:${AMENT_PREFIX_PATH} CMAKE_PREFIX_PATH=/home/jc/carto_ws/src/install/cartographer_ros_msgs:/home/jc/carto_ws/src/install/cartographer:/home/jc/turtlebot3/install/turtlebot3:/home/jc/turtlebot3/install/turtlebot3_simulations:/home/jc/turtlebot3/install/turtlebot3_bringup:/home/jc/turtlebot3/install/turtlebot3_node:/home/jc/turtlebot3/install/turtlebot3_navigation2:/home/jc/turtlebot3/install/turtlebot3_fake_node:/home/jc/turtlebot3/install/turtlebot3_msgs:/home/jc/turtlebot3/install/turtlebot3_gazebo:/home/jc/turtlebot3/install/turtlebot3_description:/home/jc/turtlebot3/install/turtlebot3_cartographer:/home/jc/turtlebot3/install/test:/home/jc/turtlebot3/install/nav2_system_tests:/home/jc/turtlebot3/install/nav2_bringup:/home/jc/turtlebot3/install/navigation2:/home/jc/turtlebot3/install/smac_planner:/home/jc/turtlebot3/install/nav2_dwb_controller:/home/jc/turtlebot3/install/nav2_controller:/home/jc/turtlebot3/install/dwb_plugins:/home/jc/turtlebot3/install/dwb_critics:/home/jc/turtlebot3/install/dwb_core:/home/jc/turtlebot3/install/nav_2d_utils:/home/jc/turtlebot3/install/dwb_msgs:/home/jc/turtlebot3/install/nav_2d_msgs:/home/jc/turtlebot3/install/nav2_waypoint_follower:/home/jc/turtlebot3/install/nav2_regulated_pure_pursuit_controller:/home/jc/turtlebot3/install/nav2_recoveries:/home/jc/turtlebot3/install/nav2_planner:/home/jc/turtlebot3/install/nav2_navfn_planner:/home/jc/turtlebot3/install/nav2_core:/home/jc/turtlebot3/install/costmap_queue:/home/jc/turtlebot3/install/nav2_costmap_2d:/home/jc/turtlebot3/install/nav2_voxel_grid:/home/jc/turtlebot3/install/nav2_rviz_plugins:/home/jc/turtlebot3/install/nav2_map_server:/home/jc/turtlebot3/install/nav2_lifecycle_manager:/home/jc/turtlebot3/install/nav2_bt_navigator:/home/jc/turtlebot3/install/nav2_behavior_tree:/home/jc/turtlebot3/install/nav2_amcl:/home/jc/turtlebot3/install/nav2_util:/home/jc/turtlebot3/install/nav2_msgs:/home/jc/turtlebot3/install/nav2_common:/home/jc/nav2_ws/install/nav2_system_tests:/home/jc/nav2_ws/install/nav2_bringup:/home/jc/nav2_ws/install/navigation2:/home/jc/nav2_ws/install/smac_planner:/home/jc/nav2_ws/install/nav2_dwb_controller:/home/jc/nav2_ws/install/nav2_controller:/home/jc/nav2_ws/install/dwb_plugins:/home/jc/nav2_ws/install/dwb_critics:/home/jc/nav2_ws/install/dwb_core:/home/jc/nav2_ws/install/nav_2d_utils:/home/jc/nav2_ws/install/dwb_msgs:/home/jc/nav2_ws/install/nav_2d_msgs:/home/jc/nav2_ws/install/nav2_waypoint_follower:/home/jc/nav2_ws/install/nav2_regulated_pure_pursuit_controller:/home/jc/nav2_ws/install/nav2_recoveries:/home/jc/nav2_ws/install/nav2_planner:/home/jc/nav2_ws/install/nav2_navfn_planner:/home/jc/nav2_ws/install/nav2_core:/home/jc/nav2_ws/install/costmap_queue:/home/jc/nav2_ws/install/nav2_costmap_2d:/home/jc/nav2_ws/install/nav2_voxel_grid:/home/jc/nav2_ws/install/nav2_rviz_plugins:/home/jc/nav2_ws/install/nav2_map_server:/home/jc/nav2_ws/install/nav2_lifecycle_manager:/home/jc/nav2_ws/install/nav2_bt_navigator:/home/jc/nav2_ws/install/nav2_behavior_tree:/home/jc/nav2_ws/install/nav2_amcl:/home/jc/nav2_ws/install/nav2_util:/home/jc/nav2_ws/install/nav2_msgs:/home/jc/nav2_ws/install/nav2_common:/home/jc/carto_ws/install/cartographer_ros:/home/jc/carto_ws/install/cartographer_ros_msgs:/home/jc/carto_ws/install/cartographer:/home/jc/turtlebot4_ws/install/turtlebot4_simulator:/home/jc/turtlebot4_ws/install/turtlebot4_ignition_bringup:/home/jc/turtlebot4_ws/install/turtlebot4_desktop:/home/jc/turtlebot4_ws/install/turtlebot4_viz:/home/jc/turtlebot4_ws/install/turtlebot4_robot:/home/jc/turtlebot4_ws/install/turtlebot4_bringup:/home/jc/turtlebot4_ws/install/turtlebot4_base:/home/jc/turtlebot4_ws/install/turtlebot4_node:/home/jc/turtlebot4_ws/install/turtlebot4_navigation:/home/jc/turtlebot4_ws/install/turtlebot4_ignition_toolbox:/home/jc/turtlebot4_ws/install/turtlebot4_msgs:/home/jc/turtlebot4_ws/install/turtlebot4_ignition_gui_plugins:/home/jc/turtlebot4_ws/install/turtlebot4_description:/home/jc/turtlebot4_ws/install/irobot_create_toolbox:/home/jc/turtlebot4_ws/install/irobot_create_msgs:/home/jc/turtlebot4_ws/install/irobot_create_ignition_plugins:/home/jc/turtlebot4_ws/install/irobot_create_description:/home/jc/turtlebot4_ws/install/irobot_create_control:/home/jc/turtlebot3/install/turtlebot3_teleop:/home/jc/turtlebot3/install/turtlebot3_example:/home/jc/turtlebot3/install/nav2_gazebo_spawner:/home/jc/nav2_ws/install/nav2_gazebo_spawner:/opt/ros/foxy:/home/jc/turtlebot4_ws/install/turtlebot4_tests:/home/jc/turtlebot4_ws/install/turtlebot4_diagnostics LD_LIBRARY_PATH=/home/jc/carto_ws/src/install/cartographer_ros_msgs/lib:${LD_LIBRARY_PATH} PATH=/home/jc/carto_ws/src/install/cartographer/bin:${PATH} PKG_CONFIG_PATH=/home/jc/carto_ws/src/install/cartographer/lib/x86_64-linux-gnu/pkgconfig:/home/jc/carto_ws/src/install/cartographer/lib/pkgconfig:${PKG_CONFIG_PATH} PYTHONPATH=/home/jc/carto_ws/src/install/cartographer_ros_msgs/lib/python3.8/site-packages:${PYTHONPATH} /usr/bin/cmake --install /home/jc/carto_ws/src/build/cartographer_ros
