[0.036s] Invoking command in '/home/jc/carto_ws/src/build/cartographer': CMAKE_PREFIX_PATH=${CMAKE_PREFIX_PATH}:/home/jc/turtlebot3/install/turtlebot3_teleop:/home/jc/turtlebot3/install/turtlebot3_example:/home/jc/turtlebot3/install/nav2_gazebo_spawner:/home/jc/nav2_ws/install/nav2_gazebo_spawner:/opt/ros/foxy:/home/jc/turtlebot4_ws/install/turtlebot4_tests:/home/jc/turtlebot4_ws/install/turtlebot4_diagnostics /usr/bin/cmake /home/jc/carto_ws/src/cartographer -DCMAKE_INSTALL_PREFIX=/home/jc/carto_ws/src/install/cartographer
[0.286s] -- The C compiler identification is GNU 9.4.0
[0.389s] -- The CXX compiler identification is GNU 9.4.0
[0.401s] -- Check for working C compiler: /usr/bin/cc
[0.478s] -- Check for working C compiler: /usr/bin/cc -- works
[0.480s] -- Detecting C compiler ABI info
[0.557s] -- Detecting C compiler ABI info - done
[0.565s] -- Detecting C compile features
[0.566s] -- Detecting C compile features - done
[0.570s] -- Check for working CXX compiler: /usr/bin/c++
[0.650s] -- Check for working CXX compiler: /usr/bin/c++ -- works
[0.650s] -- Detecting CXX compiler ABI info
[0.728s] -- Detecting CXX compiler ABI info - done
[0.743s] -- Detecting CXX compile features
[0.744s] -- Detecting CXX compile features - done
[0.747s] -- Build type: Release
[0.755s] Files /home/jc/carto_ws/src/build/cartographer/AllFiles.cmake and - differ
[0.812s] -- Found PythonInterp: /usr/bin/python (found version "3.8.10") 
[0.815s] -- Looking for pthread.h
[0.899s] -- Looking for pthread.h - found
[0.899s] -- Performing Test CMAKE_HAVE_LIBC_PTHREAD
[0.973s] -- Performing Test CMAKE_HAVE_LIBC_PTHREAD - Failed
[0.973s] -- Looking for pthread_create in pthreads
[1.041s] -- Looking for pthread_create in pthreads - not found
[1.042s] -- Looking for pthread_create in pthread
[1.115s] -- Looking for pthread_create in pthread - found
[1.115s] -- Found Threads: TRUE  
[1.120s] -- Found GMock: gmock_main;-lpthread  
[1.266s] -- Found Boost: /usr/lib/x86_64-linux-gnu/cmake/Boost-1.71.0/BoostConfig.cmake (found version "1.71.0") found components: iostreams 
[1.278s] -- Found installed version of Eigen: /usr/lib/cmake/eigen3
[1.280s] -- Found required Ceres dependency: Eigen version 3.3.7 in /usr/include/eigen3
[1.292s] -- Found required Ceres dependency: glog
[1.297s] -- Found installed version of gflags: /usr/lib/x86_64-linux-gnu/cmake/gflags
[1.297s] -- Detected gflags version: 2.2.2
[1.299s] -- Found required Ceres dependency: gflags
[1.300s] -- Found Ceres version: 1.14.0 installed in: /usr with components: [EigenSparse, SparseLinearAlgebraLibrary, LAPACK, SuiteSparse, CXSparse, SchurSpecializations, OpenMP, Multithreading]
[1.311s] -- Found Lua: /usr/lib/x86_64-linux-gnu/liblua5.3.so;/usr/lib/x86_64-linux-gnu/libm.so (found version "5.3.3") 
[1.345s] -- Found Protobuf: /usr/lib/x86_64-linux-gnu/libprotobuf.so;-lpthread (found suitable version "3.6.1", minimum required is "3.0.0") 
[1.354s] -- Found PkgConfig: /usr/bin/pkg-config (found version "0.29.1") 
[1.354s] -- Checking for one of the modules 'cairo>=1.12.16'
[1.460s] -- Found Sphinx: /home/jc/.local/bin/sphinx-build  
[1.496s] -- Configuring done
[1.672s] -- Generating done
[1.681s] -- Build files have been written to: /home/jc/carto_ws/src/build/cartographer
[1.687s] Invoked command in '/home/jc/carto_ws/src/build/cartographer' returned '0': CMAKE_PREFIX_PATH=${CMAKE_PREFIX_PATH}:/home/jc/turtlebot3/install/turtlebot3_teleop:/home/jc/turtlebot3/install/turtlebot3_example:/home/jc/turtlebot3/install/nav2_gazebo_spawner:/home/jc/nav2_ws/install/nav2_gazebo_spawner:/opt/ros/foxy:/home/jc/turtlebot4_ws/install/turtlebot4_tests:/home/jc/turtlebot4_ws/install/turtlebot4_diagnostics /usr/bin/cmake /home/jc/carto_ws/src/cartographer -DCMAKE_INSTALL_PREFIX=/home/jc/carto_ws/src/install/cartographer
[1.690s] Invoking command in '/home/jc/carto_ws/src/build/cartographer': CMAKE_PREFIX_PATH=${CMAKE_PREFIX_PATH}:/home/jc/turtlebot3/install/turtlebot3_teleop:/home/jc/turtlebot3/install/turtlebot3_example:/home/jc/turtlebot3/install/nav2_gazebo_spawner:/home/jc/nav2_ws/install/nav2_gazebo_spawner:/opt/ros/foxy:/home/jc/turtlebot4_ws/install/turtlebot4_tests:/home/jc/turtlebot4_ws/install/turtlebot4_diagnostics /usr/bin/cmake --build /home/jc/carto_ws/src/build/cartographer -- -j16 -l16
[1.756s] [35m[1mScanning dependencies of target gtest[0m
[1.759s] [35m[1mScanning dependencies of target cartographer_detect_changes[0m
[1.760s] [  0%] [34m[1mRunning C++ protocol buffer compiler on /home/jc/carto_ws/src/cartographer/cartographer/ground_truth/proto/relations.proto[0m
[1.761s] [  1%] [34m[1mRunning C++ protocol buffer compiler on /home/jc/carto_ws/src/cartographer/cartographer/mapping/proto/2d/grid_2d_options.proto[0m
[1.761s] [  1%] [34m[1mRunning C++ protocol buffer compiler on /home/jc/carto_ws/src/cartographer/cartographer/transform/proto/transform.proto[0m
[1.761s] [  2%] [34m[1mRunning C++ protocol buffer compiler on /home/jc/carto_ws/src/cartographer/cartographer/mapping/proto/2d/local_trajectory_builder_options_2d.proto[0m
[1.762s] [  2%] [34m[1mRunning C++ protocol buffer compiler on /home/jc/carto_ws/src/cartographer/cartographer/mapping/proto/3d/hybrid_grid.proto[0m
[1.763s] [  2%] [34m[1mRunning C++ protocol buffer compiler on /home/jc/carto_ws/src/cartographer/cartographer/mapping/proto/2d/probability_grid.proto[0m
[1.764s] [  3%] [34m[1mRunning C++ protocol buffer compiler on /home/jc/carto_ws/src/cartographer/cartographer/mapping/proto/2d/cell_limits.proto[0m
[1.764s] [  3%] [34m[1mRunning C++ protocol buffer compiler on /home/jc/carto_ws/src/cartographer/cartographer/mapping/proto/2d/probability_grid_range_data_inserter_options_2d.proto[0m
[1.766s] [35m[1mScanning dependencies of target build_doc[0m
[1.766s] [  3%] [34m[1mRunning C++ protocol buffer compiler on /home/jc/carto_ws/src/cartographer/cartographer/mapping/proto/2d/map_limits.proto[0m
[1.768s] [  4%] [34m[1mRunning C++ protocol buffer compiler on /home/jc/carto_ws/src/cartographer/cartographer/mapping/proto/2d/submaps_options_2d.proto[0m
[1.769s] [  4%] [34m[1mRunning C++ protocol buffer compiler on /home/jc/carto_ws/src/cartographer/cartographer/mapping/proto/2d/grid_2d.proto[0m
[1.769s] [  4%] [34m[1mRunning C++ protocol buffer compiler on /home/jc/carto_ws/src/cartographer/cartographer/common/proto/ceres_solver_options.proto[0m
[1.787s] [  4%] [34m[1mRunning C++ protocol buffer compiler on /home/jc/carto_ws/src/cartographer/cartographer/mapping/proto/3d/local_trajectory_builder_options_3d.proto[0m
[1.813s] [  4%] [34m[1mRunning C++ protocol buffer compiler on /home/jc/carto_ws/src/cartographer/cartographer/mapping/proto/3d/submaps_options_3d.proto[0m
[1.814s] [  4%] [34m[1mBuilding documentation.[0m
[1.814s] [  4%] [34m[1mRunning C++ protocol buffer compiler on /home/jc/carto_ws/src/cartographer/cartographer/mapping/proto/connected_components.proto[0m
[1.820s] [  4%] [34m[1mRunning C++ protocol buffer compiler on /home/jc/carto_ws/src/cartographer/cartographer/mapping/proto/internal/legacy_serialized_data.proto[0m
[1.826s] [  5%] [34m[1mRunning C++ protocol buffer compiler on /home/jc/carto_ws/src/cartographer/cartographer/mapping/proto/3d/range_data_inserter_options_3d.proto[0m
[1.852s] [  6%] [34m[1mRunning C++ protocol buffer compiler on /home/jc/carto_ws/src/cartographer/cartographer/mapping/proto/map_builder_options.proto[0m
[1.865s] [  6%] Built target cartographer_detect_changes
[1.876s] [  6%] [34m[1mRunning C++ protocol buffer compiler on /home/jc/carto_ws/src/cartographer/cartographer/mapping/proto/pose_graph/optimization_problem_options.proto[0m
[1.877s] [  6%] [34m[1mRunning C++ protocol buffer compiler on /home/jc/carto_ws/src/cartographer/cartographer/mapping/proto/scan_matching/ceres_scan_matcher_options_2d.proto[0m
[1.878s] [  6%] [34m[1mRunning C++ protocol buffer compiler on /home/jc/carto_ws/src/cartographer/cartographer/mapping/proto/pose_graph.proto[0m
[1.878s] [  6%] [34m[1mRunning C++ protocol buffer compiler on /home/jc/carto_ws/src/cartographer/cartographer/mapping/proto/pose_graph_options.proto[0m
[1.878s] [  7%] [34m[1mRunning C++ protocol buffer compiler on /home/jc/carto_ws/src/cartographer/cartographer/mapping/proto/range_data_inserter_options.proto[0m
[1.878s] [  7%] [34m[1mRunning C++ protocol buffer compiler on /home/jc/carto_ws/src/cartographer/cartographer/mapping/proto/motion_filter_options.proto[0m
[1.879s] [  8%] [34m[1mRunning C++ protocol buffer compiler on /home/jc/carto_ws/src/cartographer/cartographer/mapping/proto/scan_matching/fast_correlative_scan_matcher_options_3d.proto[0m
[1.880s] [  8%] [34m[1mRunning C++ protocol buffer compiler on /home/jc/carto_ws/src/cartographer/cartographer/mapping/proto/scan_matching/real_time_correlative_scan_matcher_options.proto[0m
[1.881s] [  8%] [34m[1mRunning C++ protocol buffer compiler on /home/jc/carto_ws/src/cartographer/cartographer/mapping/proto/scan_matching/ceres_scan_matcher_options_3d.proto[0m
[1.881s] [  8%] [34m[1mRunning C++ protocol buffer compiler on /home/jc/carto_ws/src/cartographer/cartographer/mapping/proto/serialization.proto[0m
[1.885s] [  9%] [34m[1mRunning C++ protocol buffer compiler on /home/jc/carto_ws/src/cartographer/cartographer/mapping/proto/pose_graph/constraint_builder_options.proto[0m
[1.886s] [ 10%] [34m[1mRunning C++ protocol buffer compiler on /home/jc/carto_ws/src/cartographer/cartographer/mapping/proto/submap.proto[0m
[1.930s] [ 10%] [34m[1mRunning C++ protocol buffer compiler on /home/jc/carto_ws/src/cartographer/cartographer/mapping/proto/scan_matching/fast_correlative_scan_matcher_options_2d.proto[0m
[1.930s] [ 10%] [34m[1mRunning C++ protocol buffer compiler on /home/jc/carto_ws/src/cartographer/cartographer/mapping/proto/trajectory_builder_options.proto[0m
[1.958s] [ 10%] [34m[1mRunning C++ protocol buffer compiler on /home/jc/carto_ws/src/cartographer/cartographer/mapping/proto/submap_visualization.proto[0m
[1.958s] [ 10%] [34m[1mRunning C++ protocol buffer compiler on /home/jc/carto_ws/src/cartographer/cartographer/mapping/proto/trajectory.proto[0m
[1.958s] [ 10%] [34m[1mRunning C++ protocol buffer compiler on /home/jc/carto_ws/src/cartographer/cartographer/sensor/proto/sensor.proto[0m
[1.959s] [ 10%] [34m[1mRunning C++ protocol buffer compiler on /home/jc/carto_ws/src/cartographer/cartographer/sensor/proto/adaptive_voxel_filter_options.proto[0m
[1.959s] [ 11%] [34m[1mRunning C++ protocol buffer compiler on /home/jc/carto_ws/src/cartographer/cartographer/mapping/proto/trajectory_node_data.proto[0m
[1.959s] [ 12%] [32mBuilding CXX object googletest/CMakeFiles/gtest.dir/src/gtest-all.cc.o[0m
[2.109s] [35m[1mScanning dependencies of target cartographer[0m
[2.444s] [01mRunning Sphinx v5.1.1[39;49;00m
[2.758s] [01mmaking output directory... [39;49;00mdone
[2.768s] [01mbuilding [mo]: [39;49;00mtargets for 0 po files that are out of date
[2.769s] [01mbuilding [html]: [39;49;00mtargets for 5 source files that are out of date
[2.770s] [01mupdating environment: [39;49;00m[new config] 5 added, 0 changed, 0 removed
[2.853s] [01mreading sources... [39;49;00m[ 20%] [35mconfiguration[39;49;00m                                        
[2.853s] [ 12%] [32mBuilding CXX object CMakeFiles/cartographer.dir/cartographer/common/thread_pool.cc.o[0m
[2.853s] [ 12%] [32mBuilding CXX object CMakeFiles/cartographer.dir/cartographer/io/color.cc.o[0m
[2.853s] [ 12%] [32mBuilding CXX object CMakeFiles/cartographer.dir/cartographer/common/configuration_file_resolver.cc.o[0m
[2.853s] [ 13%] [32mBuilding CXX object CMakeFiles/cartographer.dir/cartographer/common/fixed_ratio_sampler.cc.o[0m
[2.854s] [ 13%] [32mBuilding CXX object CMakeFiles/cartographer.dir/cartographer/io/coloring_points_processor.cc.o[0m
[2.854s] [ 13%] [32mBuilding CXX object CMakeFiles/cartographer.dir/cartographer/common/ceres_solver_options.cc.o[0m
[2.854s] [ 13%] [32mBuilding CXX object CMakeFiles/cartographer.dir/cartographer/common/histogram.cc.o[0m
[2.854s] [ 13%] [32mBuilding CXX object CMakeFiles/cartographer.dir/cartographer/common/time.cc.o[0m
[2.854s] [ 13%] [32mBuilding CXX object CMakeFiles/cartographer.dir/cartographer/common/lua_parameter_dictionary.cc.o[0m
[2.855s] [ 14%] [32mBuilding CXX object CMakeFiles/cartographer.dir/cartographer/ground_truth/relations_text_file.cc.o[0m
[2.855s] [ 15%] [32mBuilding CXX object CMakeFiles/cartographer.dir/cartographer/common/task.cc.o[0m
[2.876s] [ 15%] [32mBuilding CXX object CMakeFiles/cartographer.dir/cartographer/common/internal/testing/thread_pool_for_testing.cc.o[0m
[2.886s] [ 16%] [32mBuilding CXX object CMakeFiles/cartographer.dir/cartographer/io/draw_trajectories.cc.o[0m
[2.893s] [ 16%] [32mBuilding CXX object CMakeFiles/cartographer.dir/cartographer/io/counting_points_processor.cc.o[0m
[3.018s] [01mreading sources... [39;49;00m[ 40%] [35mcost_functions[39;49;00m                                       
[3.104s] [01mreading sources... [39;49;00m[ 60%] [35mevaluation[39;49;00m                                           
[3.259s] [01mreading sources... [39;49;00m[ 80%] [35mindex[39;49;00m                                                
[3.267s] [01mreading sources... [39;49;00m[100%] [35mterminology[39;49;00m                                          
[3.267s] 
[3.268s] [01mlooking for now-outdated files... [39;49;00mnone found
[3.270s] [01mpickling environment... [39;49;00mdone
[3.270s] [01mchecking consistency... [39;49;00mdone
[3.286s] [01mpreparing documents... [39;49;00mdone
[3.487s] [01mwriting output... [39;49;00m[ 20%] [32mconfiguration[39;49;00m                                         
[3.499s] [01mwriting output... [39;49;00m[ 40%] [32mcost_functions[39;49;00m                                        
[3.551s] [01mwriting output... [39;49;00m[ 60%] [32mevaluation[39;49;00m                                            
[3.575s] [01mwriting output... [39;49;00m[ 80%] [32mindex[39;49;00m                                                 
[3.592s] [01mwriting output... [39;49;00m[100%] [32mterminology[39;49;00m                                           
[3.592s] 
[3.611s] [01mgenerating indices... [39;49;00mgenindex done
[3.622s] [01mwriting additional pages... [39;49;00msearch done
[3.623s] [01mcopying images... [39;49;00m[ 50%] [33mautogenerate_groundtruth.png[39;49;00m                          
[3.623s] [01mcopying images... [39;49;00m[100%] [33mhigh_level_system_overview.png[39;49;00m                        
[3.624s] 
[3.723s] [01mcopying static files... [39;49;00mdone
[3.723s] [01mcopying extra files... [39;49;00mdone
[3.725s] [01mdumping search index in English (code: en)... [39;49;00mdone
[3.726s] [01mdumping object inventory... [39;49;00mdone
[3.726s] [01mbuild succeeded.[39;49;00m
[3.726s] 
[3.726s] The HTML pages are in html.
[3.961s] [ 16%] Built target build_doc
[4.082s] [ 16%] [32mBuilding CXX object CMakeFiles/cartographer.dir/cartographer/io/file_writer.cc.o[0m
[14.820s] [ 16%] [32mBuilding CXX object CMakeFiles/cartographer.dir/cartographer/io/fixed_ratio_sampling_points_processor.cc.o[0m
[15.061s] [ 17%] [32mBuilding CXX object CMakeFiles/cartographer.dir/cartographer/io/frame_id_filtering_points_processor.cc.o[0m
[15.188s] [ 17%] [32mBuilding CXX object CMakeFiles/cartographer.dir/cartographer/io/hybrid_grid_points_processor.cc.o[0m
[15.421s] [ 17%] [32mBuilding CXX object CMakeFiles/cartographer.dir/cartographer/io/image.cc.o[0m
[15.662s] [ 18%] [32mBuilding CXX object CMakeFiles/cartographer.dir/cartographer/io/intensity_to_color_points_processor.cc.o[0m
[15.781s] [ 18%] [32mBuilding CXX object CMakeFiles/cartographer.dir/cartographer/io/internal/in_memory_proto_stream.cc.o[0m
[17.121s] [ 18%] [32mBuilding CXX object CMakeFiles/cartographer.dir/cartographer/io/internal/mapping_state_serialization.cc.o[0m
[17.228s] [ 18%] [32mBuilding CXX object CMakeFiles/cartographer.dir/cartographer/io/min_max_range_filtering_points_processor.cc.o[0m
[17.356s] [ 19%] [32mBuilding CXX object CMakeFiles/cartographer.dir/cartographer/io/outlier_removing_points_processor.cc.o[0m
[17.425s] [ 19%] [32mBuilding CXX object CMakeFiles/cartographer.dir/cartographer/io/pcd_writing_points_processor.cc.o[0m
[17.823s] [ 19%] [32mBuilding CXX object CMakeFiles/cartographer.dir/cartographer/io/ply_writing_points_processor.cc.o[0m
[17.843s] [ 20%] [32mBuilding CXX object CMakeFiles/cartographer.dir/cartographer/io/points_batch.cc.o[0m
[18.677s] [ 20%] [32mBuilding CXX object CMakeFiles/cartographer.dir/cartographer/io/points_processor_pipeline_builder.cc.o[0m
[19.983s] [ 20%] [32mBuilding CXX object CMakeFiles/cartographer.dir/cartographer/io/probability_grid_points_processor.cc.o[0m
[20.813s] [ 20%] [32mBuilding CXX object CMakeFiles/cartographer.dir/cartographer/io/proto_stream.cc.o[0m
[22.038s] [ 21%] [32mBuilding CXX object CMakeFiles/cartographer.dir/cartographer/io/proto_stream_deserializer.cc.o[0m
[26.472s] [ 21%] [32mBuilding CXX object CMakeFiles/cartographer.dir/cartographer/io/serialization_format_migration.cc.o[0m
[27.542s] [ 21%] [32mBuilding CXX object CMakeFiles/cartographer.dir/cartographer/io/submap_painter.cc.o[0m
[27.675s] [ 22%] [32mBuilding CXX object CMakeFiles/cartographer.dir/cartographer/io/xray_points_processor.cc.o[0m
[28.366s] [ 22%] [32mBuilding CXX object CMakeFiles/cartographer.dir/cartographer/io/xyz_writing_points_processor.cc.o[0m
[28.839s] [ 22%] [32mBuilding CXX object CMakeFiles/cartographer.dir/cartographer/mapping/2d/grid_2d.cc.o[0m
[29.107s] [ 22%] [32mBuilding CXX object CMakeFiles/cartographer.dir/cartographer/mapping/2d/probability_grid.cc.o[0m
[29.325s] [ 23%] [32mBuilding CXX object CMakeFiles/cartographer.dir/cartographer/mapping/2d/probability_grid_range_data_inserter_2d.cc.o[0m
[29.461s] [ 23%] [32mBuilding CXX object CMakeFiles/cartographer.dir/cartographer/mapping/2d/submap_2d.cc.o[0m
[29.670s] [ 23%] [32mBuilding CXX object CMakeFiles/cartographer.dir/cartographer/mapping/3d/range_data_inserter_3d.cc.o[0m
[32.962s] [ 24%] [32mBuilding CXX object CMakeFiles/cartographer.dir/cartographer/mapping/3d/submap_3d.cc.o[0m
[33.921s] [ 24%] [32mBuilding CXX object CMakeFiles/cartographer.dir/cartographer/mapping/detect_floors.cc.o[0m
[34.280s] [ 24%] [32mBuilding CXX object CMakeFiles/cartographer.dir/cartographer/mapping/imu_tracker.cc.o[0m
[34.759s] [ 25%] [32mBuilding CXX object CMakeFiles/cartographer.dir/cartographer/mapping/internal/2d/local_slam_result_2d.cc.o[0m
[35.215s] [ 25%] [32mBuilding CXX object CMakeFiles/cartographer.dir/cartographer/mapping/internal/2d/local_trajectory_builder_2d.cc.o[0m
[36.069s] [ 25%] [32m[1mLinking CXX static library ../lib/libgtest.a[0m
[36.317s] [ 25%] [32mBuilding CXX object CMakeFiles/cartographer.dir/cartographer/mapping/internal/2d/local_trajectory_builder_options_2d.cc.o[0m
[36.662s] [ 25%] Built target gtest
[36.664s] [ 25%] [32mBuilding CXX object CMakeFiles/cartographer.dir/cartographer/mapping/internal/2d/overlapping_submaps_trimmer_2d.cc.o[0m
[36.683s] [ 26%] [32mBuilding CXX object CMakeFiles/cartographer.dir/cartographer/mapping/internal/2d/pose_graph_2d.cc.o[0m
[39.548s] [ 26%] [32mBuilding CXX object CMakeFiles/cartographer.dir/cartographer/mapping/internal/2d/ray_casting.cc.o[0m
[40.141s] [ 26%] [32mBuilding CXX object CMakeFiles/cartographer.dir/cartographer/mapping/internal/2d/scan_matching/ceres_scan_matcher_2d.cc.o[0m
[41.463s] [ 27%] [32mBuilding CXX object CMakeFiles/cartographer.dir/cartographer/mapping/internal/2d/scan_matching/correlative_scan_matcher_2d.cc.o[0m
[42.198s] [ 27%] [32mBuilding CXX object CMakeFiles/cartographer.dir/cartographer/mapping/internal/2d/scan_matching/fast_correlative_scan_matcher_2d.cc.o[0m
[42.443s] [ 27%] [32mBuilding CXX object CMakeFiles/cartographer.dir/cartographer/mapping/internal/2d/scan_matching/real_time_correlative_scan_matcher_2d.cc.o[0m
[44.821s] [ 27%] [32mBuilding CXX object CMakeFiles/cartographer.dir/cartographer/mapping/internal/3d/local_slam_result_3d.cc.o[0m
[47.114s] [35m[1mScanning dependencies of target gmock[0m
[47.208s] [ 28%] [32mBuilding CXX object CMakeFiles/cartographer.dir/cartographer/mapping/internal/3d/local_trajectory_builder_3d.cc.o[0m
[47.350s] [ 28%] [32mBuilding CXX object gmock/CMakeFiles/gmock.dir/src/gmock-all.cc.o[0m
[48.303s] [ 28%] [32mBuilding CXX object CMakeFiles/cartographer.dir/cartographer/mapping/internal/3d/local_trajectory_builder_options_3d.cc.o[0m
[49.870s] [ 28%] [32mBuilding CXX object CMakeFiles/cartographer.dir/cartographer/mapping/internal/3d/pose_graph_3d.cc.o[0m
[51.879s] [ 29%] [32mBuilding CXX object CMakeFiles/cartographer.dir/cartographer/mapping/internal/3d/scan_matching/ceres_scan_matcher_3d.cc.o[0m
[53.312s] [ 29%] [32mBuilding CXX object CMakeFiles/cartographer.dir/cartographer/mapping/internal/3d/scan_matching/fast_correlative_scan_matcher_3d.cc.o[0m
[54.037s] [ 29%] [32mBuilding CXX object CMakeFiles/cartographer.dir/cartographer/mapping/internal/3d/scan_matching/low_resolution_matcher.cc.o[0m
[54.775s] [ 30%] [32mBuilding CXX object CMakeFiles/cartographer.dir/cartographer/mapping/internal/3d/scan_matching/precomputation_grid_3d.cc.o[0m
[55.001s] [ 30%] [32mBuilding CXX object CMakeFiles/cartographer.dir/cartographer/mapping/internal/3d/scan_matching/real_time_correlative_scan_matcher_3d.cc.o[0m
[56.072s] [ 30%] [32mBuilding CXX object CMakeFiles/cartographer.dir/cartographer/mapping/internal/3d/scan_matching/rotational_scan_matcher.cc.o[0m
[56.282s] [ 30%] [32mBuilding CXX object CMakeFiles/cartographer.dir/cartographer/mapping/internal/collated_trajectory_builder.cc.o[0m
[57.151s] [ 31%] [32mBuilding CXX object CMakeFiles/cartographer.dir/cartographer/mapping/internal/connected_components.cc.o[0m
[58.577s] [ 31%] [32mBuilding CXX object CMakeFiles/cartographer.dir/cartographer/mapping/internal/constraints/constraint_builder.cc.o[0m
[59.204s] [ 32%] [32m[1mLinking CXX static library ../lib/libgmock.a[0m
[59.511s] [ 32%] Built target gmock
[59.672s] [35m[1mScanning dependencies of target gmock_main[0m
[59.717s] [ 32%] [32mBuilding CXX object gmock/CMakeFiles/gmock_main.dir/src/gmock_main.cc.o[0m
[61.095s] [ 32%] [32mBuilding CXX object CMakeFiles/cartographer.dir/cartographer/mapping/internal/constraints/constraint_builder_2d.cc.o[0m
[61.832s] [ 33%] [32mBuilding CXX object CMakeFiles/cartographer.dir/cartographer/mapping/internal/constraints/constraint_builder_3d.cc.o[0m
[64.003s] [ 33%] [32m[1mLinking CXX static library ../lib/libgmock_main.a[0m
[64.353s] [ 33%] Built target gmock_main
[64.480s] [ 33%] [32mBuilding CXX object CMakeFiles/cartographer.dir/cartographer/mapping/internal/global_trajectory_builder.cc.o[0m
[64.753s] [ 33%] [32mBuilding CXX object CMakeFiles/cartographer.dir/cartographer/mapping/internal/motion_filter.cc.o[0m
[66.058s] [ 33%] [32mBuilding CXX object CMakeFiles/cartographer.dir/cartographer/mapping/internal/optimization/ceres_pose.cc.o[0m
[66.992s] [ 34%] [32mBuilding CXX object CMakeFiles/cartographer.dir/cartographer/mapping/internal/optimization/cost_functions/spa_cost_function_2d.cc.o[0m
[68.163s] [ 34%] [32mBuilding CXX object CMakeFiles/cartographer.dir/cartographer/mapping/internal/optimization/optimization_problem_2d.cc.o[0m
[68.737s] [ 34%] [32mBuilding CXX object CMakeFiles/cartographer.dir/cartographer/mapping/internal/optimization/optimization_problem_3d.cc.o[0m
[69.471s] [ 35%] [32mBuilding CXX object CMakeFiles/cartographer.dir/cartographer/mapping/internal/optimization/optimization_problem_options.cc.o[0m
[69.723s] [ 35%] [32mBuilding CXX object CMakeFiles/cartographer.dir/cartographer/mapping/internal/range_data_collator.cc.o[0m
[75.140s] [ 36%] [32mBuilding CXX object CMakeFiles/cartographer.dir/cartographer/mapping/pose_graph.cc.o[0m
[75.140s] [ 36%] [32mBuilding CXX object CMakeFiles/cartographer.dir/cartographer/mapping/pose_graph_trimmer.cc.o[0m
[75.262s] [ 36%] [32mBuilding CXX object CMakeFiles/cartographer.dir/cartographer/mapping/pose_extrapolator.cc.o[0m
[76.342s] [ 36%] [32mBuilding CXX object CMakeFiles/cartographer.dir/cartographer/mapping/probability_values.cc.o[0m
[76.443s] [ 36%] [32mBuilding CXX object CMakeFiles/cartographer.dir/cartographer/mapping/map_builder.cc.o[0m
[76.605s] [ 37%] [32mBuilding CXX object CMakeFiles/cartographer.dir/cartographer/mapping/range_data_inserter_interface.cc.o[0m
[77.546s] [ 37%] [32mBuilding CXX object CMakeFiles/cartographer.dir/cartographer/mapping/trajectory_builder_interface.cc.o[0m
[77.546s] [ 37%] [32mBuilding CXX object CMakeFiles/cartographer.dir/cartographer/mapping/internal/trajectory_connectivity_state.cc.o[0m
[78.081s] [ 38%] [32mBuilding CXX object CMakeFiles/cartographer.dir/cartographer/mapping/internal/submap_controller.cc.o[0m
[78.127s] [ 38%] [32mBuilding CXX object CMakeFiles/cartographer.dir/cartographer/mapping/trajectory_node.cc.o[0m
[78.148s] [ 38%] [32mBuilding CXX object CMakeFiles/cartographer.dir/cartographer/metrics/counter.cc.o[0m
[78.841s] [ 39%] [32mBuilding CXX object CMakeFiles/cartographer.dir/cartographer/metrics/gauge.cc.o[0m
[78.884s] [ 39%] [32mBuilding CXX object CMakeFiles/cartographer.dir/cartographer/metrics/histogram.cc.o[0m
[79.504s] [ 39%] [32mBuilding CXX object CMakeFiles/cartographer.dir/cartographer/mapping/internal/scan_matching/real_time_correlative_scan_matcher.cc.o[0m
[80.163s] [ 39%] [32mBuilding CXX object CMakeFiles/cartographer.dir/cartographer/metrics/register.cc.o[0m
[80.166s] [ 40%] [32mBuilding CXX object CMakeFiles/cartographer.dir/cartographer/sensor/compressed_point_cloud.cc.o[0m
[80.908s] [ 40%] [32mBuilding CXX object CMakeFiles/cartographer.dir/cartographer/sensor/fixed_frame_pose_data.cc.o[0m
[82.075s] [ 40%] [32mBuilding CXX object CMakeFiles/cartographer.dir/cartographer/sensor/imu_data.cc.o[0m
[82.945s] [ 41%] [32mBuilding CXX object CMakeFiles/cartographer.dir/cartographer/sensor/internal/collator.cc.o[0m
[84.623s] [ 41%] [32mBuilding CXX object CMakeFiles/cartographer.dir/cartographer/sensor/internal/ordered_multi_queue.cc.o[0m
[84.723s] [ 41%] [32mBuilding CXX object CMakeFiles/cartographer.dir/cartographer/sensor/internal/trajectory_collator.cc.o[0m
[85.228s] [ 41%] [32mBuilding CXX object CMakeFiles/cartographer.dir/cartographer/sensor/internal/voxel_filter.cc.o[0m
[85.347s] [ 42%] [32mBuilding CXX object CMakeFiles/cartographer.dir/cartographer/sensor/landmark_data.cc.o[0m
[86.173s] [ 42%] [32mBuilding CXX object CMakeFiles/cartographer.dir/cartographer/sensor/odometry_data.cc.o[0m
[86.426s] [ 42%] [32mBuilding CXX object CMakeFiles/cartographer.dir/cartographer/sensor/point_cloud.cc.o[0m
[86.535s] [ 43%] [32mBuilding CXX object CMakeFiles/cartographer.dir/cartographer/sensor/range_data.cc.o[0m
[88.226s] [ 43%] [32mBuilding CXX object CMakeFiles/cartographer.dir/cartographer/sensor/timed_point_cloud_data.cc.o[0m
[88.450s] [ 43%] [32mBuilding CXX object CMakeFiles/cartographer.dir/cartographer/transform/rigid_transform.cc.o[0m
[89.545s] [ 43%] [32mBuilding CXX object CMakeFiles/cartographer.dir/cartographer/transform/timestamped_transform.cc.o[0m
[89.591s] [ 44%] [32mBuilding CXX object CMakeFiles/cartographer.dir/cartographer/transform/transform.cc.o[0m
[91.441s] [ 44%] [32mBuilding CXX object CMakeFiles/cartographer.dir/cartographer/transform/transform_interpolation_buffer.cc.o[0m
[92.116s] [ 44%] [32mBuilding CXX object CMakeFiles/cartographer.dir/cartographer/common/proto/ceres_solver_options.pb.cc.o[0m
[92.668s] [ 45%] [32mBuilding CXX object CMakeFiles/cartographer.dir/cartographer/ground_truth/proto/relations.pb.cc.o[0m
[93.030s] [ 45%] [32mBuilding CXX object CMakeFiles/cartographer.dir/cartographer/mapping/proto/2d/cell_limits.pb.cc.o[0m
[93.265s] [ 45%] [32mBuilding CXX object CMakeFiles/cartographer.dir/cartographer/mapping/proto/2d/grid_2d.pb.cc.o[0m
[94.586s] [ 45%] [32mBuilding CXX object CMakeFiles/cartographer.dir/cartographer/mapping/proto/2d/grid_2d_options.pb.cc.o[0m
[94.802s] [ 46%] [32mBuilding CXX object CMakeFiles/cartographer.dir/cartographer/mapping/proto/2d/local_trajectory_builder_options_2d.pb.cc.o[0m
[94.881s] [ 46%] [32mBuilding CXX object CMakeFiles/cartographer.dir/cartographer/mapping/proto/2d/map_limits.pb.cc.o[0m
[94.944s] [ 47%] [32mBuilding CXX object CMakeFiles/cartographer.dir/cartographer/mapping/proto/2d/probability_grid.pb.cc.o[0m
[94.944s] [ 47%] [32mBuilding CXX object CMakeFiles/cartographer.dir/cartographer/mapping/proto/2d/probability_grid_range_data_inserter_options_2d.pb.cc.o[0m
[95.161s] [ 47%] [32mBuilding CXX object CMakeFiles/cartographer.dir/cartographer/mapping/proto/2d/submaps_options_2d.pb.cc.o[0m
[95.303s] [ 47%] [32mBuilding CXX object CMakeFiles/cartographer.dir/cartographer/mapping/proto/3d/hybrid_grid.pb.cc.o[0m
[95.403s] [ 48%] [32mBuilding CXX object CMakeFiles/cartographer.dir/cartographer/mapping/proto/3d/local_trajectory_builder_options_3d.pb.cc.o[0m
[95.643s] [ 48%] [32mBuilding CXX object CMakeFiles/cartographer.dir/cartographer/mapping/proto/3d/range_data_inserter_options_3d.pb.cc.o[0m
[95.787s] [ 48%] [32mBuilding CXX object CMakeFiles/cartographer.dir/cartographer/mapping/proto/3d/submaps_options_3d.pb.cc.o[0m
[96.002s] [ 48%] [32mBuilding CXX object CMakeFiles/cartographer.dir/cartographer/mapping/proto/connected_components.pb.cc.o[0m
[96.026s] [ 49%] [32mBuilding CXX object CMakeFiles/cartographer.dir/cartographer/mapping/proto/internal/legacy_serialized_data.pb.cc.o[0m
[96.627s] [ 49%] [32mBuilding CXX object CMakeFiles/cartographer.dir/cartographer/mapping/proto/map_builder_options.pb.cc.o[0m
[96.842s] [ 49%] [32mBuilding CXX object CMakeFiles/cartographer.dir/cartographer/mapping/proto/motion_filter_options.pb.cc.o[0m
[97.683s] [ 50%] [32mBuilding CXX object CMakeFiles/cartographer.dir/cartographer/mapping/proto/pose_graph.pb.cc.o[0m
[97.703s] [ 50%] [32mBuilding CXX object CMakeFiles/cartographer.dir/cartographer/mapping/proto/pose_graph/constraint_builder_options.pb.cc.o[0m
[97.922s] [ 50%] [32mBuilding CXX object CMakeFiles/cartographer.dir/cartographer/mapping/proto/pose_graph/optimization_problem_options.pb.cc.o[0m
[98.042s] [ 50%] [32mBuilding CXX object CMakeFiles/cartographer.dir/cartographer/mapping/proto/pose_graph_options.pb.cc.o[0m
[98.127s] [ 51%] [32mBuilding CXX object CMakeFiles/cartographer.dir/cartographer/mapping/proto/range_data_inserter_options.pb.cc.o[0m
[98.410s] [ 51%] [32mBuilding CXX object CMakeFiles/cartographer.dir/cartographer/mapping/proto/scan_matching/ceres_scan_matcher_options_2d.pb.cc.o[0m
[98.419s] [ 51%] [32mBuilding CXX object CMakeFiles/cartographer.dir/cartographer/mapping/proto/scan_matching/ceres_scan_matcher_options_3d.pb.cc.o[0m
[98.546s] [ 52%] [32mBuilding CXX object CMakeFiles/cartographer.dir/cartographer/mapping/proto/scan_matching/fast_correlative_scan_matcher_options_2d.pb.cc.o[0m
[98.741s] [ 52%] [32mBuilding CXX object CMakeFiles/cartographer.dir/cartographer/mapping/proto/scan_matching/fast_correlative_scan_matcher_options_3d.pb.cc.o[0m
[98.921s] [ 52%] [32mBuilding CXX object CMakeFiles/cartographer.dir/cartographer/mapping/proto/scan_matching/real_time_correlative_scan_matcher_options.pb.cc.o[0m
[99.387s] [ 53%] [32mBuilding CXX object CMakeFiles/cartographer.dir/cartographer/mapping/proto/serialization.pb.cc.o[0m
[99.387s] [ 53%] [32mBuilding CXX object CMakeFiles/cartographer.dir/cartographer/mapping/proto/submap.pb.cc.o[0m
[99.599s] [ 53%] [32mBuilding CXX object CMakeFiles/cartographer.dir/cartographer/mapping/proto/submap_visualization.pb.cc.o[0m
[99.733s] [ 53%] [32mBuilding CXX object CMakeFiles/cartographer.dir/cartographer/mapping/proto/trajectory.pb.cc.o[0m
[99.745s] [ 54%] [32mBuilding CXX object CMakeFiles/cartographer.dir/cartographer/mapping/proto/trajectory_builder_options.pb.cc.o[0m
[100.948s] [ 54%] [32mBuilding CXX object CMakeFiles/cartographer.dir/cartographer/mapping/proto/trajectory_node_data.pb.cc.o[0m
[101.068s] [ 54%] [32mBuilding CXX object CMakeFiles/cartographer.dir/cartographer/sensor/proto/adaptive_voxel_filter_options.pb.cc.o[0m
[101.169s] [ 55%] [32mBuilding CXX object CMakeFiles/cartographer.dir/cartographer/sensor/proto/sensor.pb.cc.o[0m
[101.186s] [ 55%] [32mBuilding CXX object CMakeFiles/cartographer.dir/cartographer/transform/proto/transform.pb.cc.o[0m
[104.715s] [ 55%] [32m[1mLinking CXX static library libcartographer.a[0m
[104.847s] [ 55%] Built target cartographer
[104.861s] [35m[1mScanning dependencies of target cartographer_migrate_serialization_format[0m
[104.862s] [35m[1mScanning dependencies of target cartographer_test_library[0m
[104.862s] [35m[1mScanning dependencies of target cartographer_autogenerate_ground_truth[0m
[104.867s] [35m[1mScanning dependencies of target cartographer_compute_relations_metrics[0m
[104.878s] [ 56%] [32mBuilding CXX object CMakeFiles/cartographer_migrate_serialization_format.dir/cartographer/io/migrate_serialization_format_main.cc.o[0m
[104.897s] [ 57%] [32mBuilding CXX object CMakeFiles/cartographer_autogenerate_ground_truth.dir/cartographer/ground_truth/autogenerate_ground_truth_main.cc.o[0m
[104.910s] [ 58%] [32mBuilding CXX object CMakeFiles/cartographer_test_library.dir/cartographer/io/fake_file_writer_test.cc.o[0m
[104.910s] [ 58%] [32mBuilding CXX object CMakeFiles/cartographer_test_library.dir/cartographer/io/fake_file_writer.cc.o[0m
[104.911s] [ 58%] [32mBuilding CXX object CMakeFiles/cartographer_compute_relations_metrics.dir/cartographer/ground_truth/compute_relations_metrics_main.cc.o[0m
[104.917s] [ 58%] [32mBuilding CXX object CMakeFiles/cartographer_test_library.dir/cartographer/mapping/internal/testing/test_helpers.cc.o[0m
[105.728s] [ 58%] [32m[1mLinking CXX executable cartographer_migrate_serialization_format[0m
[105.870s] [ 58%] Built target cartographer_migrate_serialization_format
[106.754s] [ 58%] [32m[1mLinking CXX executable cartographer_autogenerate_ground_truth[0m
[106.822s] [ 58%] [32m[1mLinking CXX executable cartographer_compute_relations_metrics[0m
[106.880s] [ 58%] Built target cartographer_autogenerate_ground_truth
[106.941s] [ 58%] Built target cartographer_compute_relations_metrics
[108.168s] [ 58%] [32m[1mLinking CXX static library libcartographer_test_library.a[0m
[108.207s] [ 58%] Built target cartographer_test_library
[108.221s] [35m[1mScanning dependencies of target cartographer.transform.transform_test[0m
[108.223s] [35m[1mScanning dependencies of target cartographer.mapping.pose_graph_test[0m
[108.224s] [35m[1mScanning dependencies of target cartographer.mapping.3d.range_data_inserter_3d_test[0m
[108.224s] [35m[1mScanning dependencies of target cartographer.sensor.landmark_data_test[0m
[108.225s] [35m[1mScanning dependencies of target cartographer.sensor.range_data_test[0m
[108.230s] [35m[1mScanning dependencies of target cartographer.sensor.internal.voxel_filter_test[0m
[108.231s] [35m[1mScanning dependencies of target cartographer.mapping.2d.probability_grid_test[0m
[108.265s] [ 58%] [32mBuilding CXX object CMakeFiles/cartographer.mapping.3d.range_data_inserter_3d_test.dir/cartographer/mapping/3d/range_data_inserter_3d_test.cc.o[0m
[108.265s] [ 58%] [32mBuilding CXX object CMakeFiles/cartographer.transform.transform_test.dir/cartographer/transform/transform_test.cc.o[0m
[108.265s] [ 59%] [32mBuilding CXX object CMakeFiles/cartographer.mapping.pose_graph_test.dir/cartographer/mapping/pose_graph_test.cc.o[0m
[108.268s] [ 59%] [32mBuilding CXX object CMakeFiles/cartographer.sensor.landmark_data_test.dir/cartographer/sensor/landmark_data_test.cc.o[0m
[108.303s] [ 59%] [32mBuilding CXX object CMakeFiles/cartographer.sensor.internal.voxel_filter_test.dir/cartographer/sensor/internal/voxel_filter_test.cc.o[0m
[108.303s] [ 59%] [32mBuilding CXX object CMakeFiles/cartographer.mapping.2d.probability_grid_test.dir/cartographer/mapping/2d/probability_grid_test.cc.o[0m
[108.318s] [ 59%] [32mBuilding CXX object CMakeFiles/cartographer.sensor.range_data_test.dir/cartographer/sensor/range_data_test.cc.o[0m
[109.312s] [35m[1mScanning dependencies of target cartographer.io.serialization_format_migration_test[0m
[109.312s] [35m[1mScanning dependencies of target cartographer.mapping.3d.submap_3d_test[0m
[109.312s] [35m[1mScanning dependencies of target cartographer.mapping.2d.map_limits_test[0m
[109.316s] [35m[1mScanning dependencies of target cartographer.mapping.trajectory_node_test[0m
[109.316s] [35m[1mScanning dependencies of target cartographer.mapping.submaps_test[0m
[109.435s] [ 59%] [32mBuilding CXX object CMakeFiles/cartographer.mapping.3d.submap_3d_test.dir/cartographer/mapping/3d/submap_3d_test.cc.o[0m
[109.437s] [ 59%] [32mBuilding CXX object CMakeFiles/cartographer.io.serialization_format_migration_test.dir/cartographer/io/serialization_format_migration_test.cc.o[0m
[109.439s] [ 59%] [32mBuilding CXX object CMakeFiles/cartographer.mapping.trajectory_node_test.dir/cartographer/mapping/trajectory_node_test.cc.o[0m
[109.440s] [ 59%] [32mBuilding CXX object CMakeFiles/cartographer.mapping.2d.map_limits_test.dir/cartographer/mapping/2d/map_limits_test.cc.o[0m
[109.470s] [ 59%] [32mBuilding CXX object CMakeFiles/cartographer.mapping.submaps_test.dir/cartographer/mapping/submaps_test.cc.o[0m
[110.517s] [35m[1mScanning dependencies of target cartographer.mapping.3d.hybrid_grid_test[0m
[110.517s] [35m[1mScanning dependencies of target cartographer.common.fixed_ratio_sampler_test[0m
[110.518s] [35m[1mScanning dependencies of target cartographer.io.points_processor_pipeline_builder_test[0m
[110.520s] [35m[1mScanning dependencies of target cartographer.common.rate_timer_test[0m
[110.641s] [ 60%] [32mBuilding CXX object CMakeFiles/cartographer.io.points_processor_pipeline_builder_test.dir/cartographer/io/points_processor_pipeline_builder_test.cc.o[0m
[110.641s] [ 60%] [32mBuilding CXX object CMakeFiles/cartographer.mapping.3d.hybrid_grid_test.dir/cartographer/mapping/3d/hybrid_grid_test.cc.o[0m
[110.642s] [ 61%] [32mBuilding CXX object CMakeFiles/cartographer.common.fixed_ratio_sampler_test.dir/cartographer/common/fixed_ratio_sampler_test.cc.o[0m
[110.649s] [ 62%] [32mBuilding CXX object CMakeFiles/cartographer.common.rate_timer_test.dir/cartographer/common/rate_timer_test.cc.o[0m
[116.379s] [ 62%] [32m[1mLinking CXX executable cartographer.common.fixed_ratio_sampler_test[0m
[116.639s] [ 62%] [32m[1mLinking CXX executable cartographer.mapping.pose_graph_test[0m
[116.776s] [ 62%] Built target cartographer.common.fixed_ratio_sampler_test
[116.852s] [ 62%] [32m[1mLinking CXX executable cartographer.sensor.range_data_test[0m
[116.853s] [35m[1mScanning dependencies of target cartographer.mapping.internal.constraints.constraint_builder_3d_test[0m
[117.093s] [ 63%] [32mBuilding CXX object CMakeFiles/cartographer.mapping.internal.constraints.constraint_builder_3d_test.dir/cartographer/mapping/internal/constraints/constraint_builder_3d_test.cc.o[0m
[117.236s] [ 63%] Built target cartographer.sensor.range_data_test
[117.333s] [35m[1mScanning dependencies of target cartographer.io.proto_stream_deserializer_test[0m
[117.473s] [ 63%] [32mBuilding CXX object CMakeFiles/cartographer.io.proto_stream_deserializer_test.dir/cartographer/io/proto_stream_deserializer_test.cc.o[0m
[117.813s] [ 63%] Built target cartographer.mapping.pose_graph_test
[117.859s] [35m[1mScanning dependencies of target cartographer.common.lockless_queue_test[0m
[117.997s] [ 63%] [32mBuilding CXX object CMakeFiles/cartographer.common.lockless_queue_test.dir/cartographer/common/lockless_queue_test.cc.o[0m
[118.533s] [ 63%] [32m[1mLinking CXX executable cartographer.common.rate_timer_test[0m
[118.676s] [ 64%] [32m[1mLinking CXX executable cartographer.mapping.2d.probability_grid_test[0m
[119.037s] [ 64%] Built target cartographer.common.rate_timer_test
[119.053s] [ 65%] [32m[1mLinking CXX executable cartographer.mapping.submaps_test[0m
[119.132s] [35m[1mScanning dependencies of target cartographer.mapping.2d.range_data_inserter_2d_test[0m
[119.276s] [ 65%] Built target cartographer.mapping.2d.probability_grid_test
[119.277s] [ 65%] [32m[1mLinking CXX executable cartographer.mapping.2d.map_limits_test[0m
[119.327s] [35m[1mScanning dependencies of target cartographer.mapping.internal.2d.scan_matching.ceres_scan_matcher_2d_test[0m
[119.327s] [ 65%] [32mBuilding CXX object CMakeFiles/cartographer.mapping.2d.range_data_inserter_2d_test.dir/cartographer/mapping/2d/range_data_inserter_2d_test.cc.o[0m
[119.610s] [ 65%] [32mBuilding CXX object CMakeFiles/cartographer.mapping.internal.2d.scan_matching.ceres_scan_matcher_2d_test.dir/cartographer/mapping/internal/2d/scan_matching/ceres_scan_matcher_2d_test.cc.o[0m
[119.610s] [ 65%] Built target cartographer.mapping.submaps_test
[119.612s] [ 66%] [32m[1mLinking CXX executable cartographer.mapping.3d.range_data_inserter_3d_test[0m
[119.640s] [35m[1mScanning dependencies of target cartographer.common.blocking_queue_test[0m
[119.732s] [ 67%] [32m[1mLinking CXX executable cartographer.io.points_processor_pipeline_builder_test[0m
[119.745s] [ 67%] [32m[1mLinking CXX executable cartographer.sensor.internal.voxel_filter_test[0m
[119.859s] [ 67%] [32mBuilding CXX object CMakeFiles/cartographer.common.blocking_queue_test.dir/cartographer/common/blocking_queue_test.cc.o[0m
[119.972s] [ 67%] Built target cartographer.mapping.2d.map_limits_test
[119.986s] [35m[1mScanning dependencies of target cartographer.mapping.internal.motion_filter_test[0m
[120.207s] [ 67%] Built target cartographer.mapping.3d.range_data_inserter_3d_test
[120.207s] [ 67%] Built target cartographer.sensor.internal.voxel_filter_test
[120.212s] [ 67%] [32mBuilding CXX object CMakeFiles/cartographer.mapping.internal.motion_filter_test.dir/cartographer/mapping/internal/motion_filter_test.cc.o[0m
[120.235s] [35m[1mScanning dependencies of target cartographer.sensor.point_cloud_test[0m
[120.252s] [35m[1mScanning dependencies of target cartographer.mapping.internal.optimization.cost_functions.spa_cost_function_2d_test[0m
[120.452s] [ 67%] [32mBuilding CXX object CMakeFiles/cartographer.mapping.internal.optimization.cost_functions.spa_cost_function_2d_test.dir/cartographer/mapping/internal/optimization/cost_functions/spa_cost_function_2d_test.cc.o[0m
[120.483s] [ 68%] [32mBuilding CXX object CMakeFiles/cartographer.sensor.point_cloud_test.dir/cartographer/sensor/point_cloud_test.cc.o[0m
[120.582s] [ 68%] Built target cartographer.io.points_processor_pipeline_builder_test
[120.692s] [35m[1mScanning dependencies of target cartographer.io.proto_stream_test[0m
[120.780s] [ 69%] [32mBuilding CXX object CMakeFiles/cartographer.io.proto_stream_test.dir/cartographer/io/proto_stream_test.cc.o[0m
[121.077s] [ 70%] [32m[1mLinking CXX executable cartographer.io.serialization_format_migration_test[0m
[121.319s] [ 71%] [32m[1mLinking CXX executable cartographer.common.lockless_queue_test[0m
[121.653s] [ 71%] [32m[1mLinking CXX executable cartographer.mapping.3d.submap_3d_test[0m
[121.796s] [ 71%] Built target cartographer.io.serialization_format_migration_test
[121.824s] [35m[1mScanning dependencies of target cartographer.transform.transform_interpolation_buffer_test[0m
[121.988s] [ 71%] Built target cartographer.common.lockless_queue_test
[122.015s] [35m[1mScanning dependencies of target cartographer.common.lua_parameter_dictionary_test[0m
[122.133s] [ 71%] [32mBuilding CXX object CMakeFiles/cartographer.transform.transform_interpolation_buffer_test.dir/cartographer/transform/transform_interpolation_buffer_test.cc.o[0m
[122.157s] [ 71%] [32mBuilding CXX object CMakeFiles/cartographer.common.lua_parameter_dictionary_test.dir/cartographer/common/lua_parameter_dictionary_test.cc.o[0m
[122.492s] [ 71%] Built target cartographer.mapping.3d.submap_3d_test
[122.520s] [35m[1mScanning dependencies of target cartographer.io.fake_file_writer_test[0m
[122.641s] [ 71%] [32mBuilding CXX object CMakeFiles/cartographer.io.fake_file_writer_test.dir/cartographer/io/fake_file_writer_test.cc.o[0m
[122.867s] [ 71%] [32m[1mLinking CXX executable cartographer.transform.transform_test[0m
[123.354s] [ 71%] Built target cartographer.transform.transform_test
[123.452s] [35m[1mScanning dependencies of target cartographer.mapping.internal.3d.scan_matching.ceres_scan_matcher_3d_test[0m
[123.693s] [ 71%] [32mBuilding CXX object CMakeFiles/cartographer.mapping.internal.3d.scan_matching.ceres_scan_matcher_3d_test.dir/cartographer/mapping/internal/3d/scan_matching/ceres_scan_matcher_3d_test.cc.o[0m
[124.052s] [ 71%] [32m[1mLinking CXX executable cartographer.mapping.trajectory_node_test[0m
[124.318s] [ 72%] [32m[1mLinking CXX executable cartographer.sensor.landmark_data_test[0m
[124.770s] [ 72%] Built target cartographer.mapping.trajectory_node_test
[124.784s] [35m[1mScanning dependencies of target cartographer.common.math_test[0m
[124.916s] [ 72%] Built target cartographer.sensor.landmark_data_test
[125.012s] [ 72%] [32mBuilding CXX object CMakeFiles/cartographer.common.math_test.dir/cartographer/common/math_test.cc.o[0m
[125.013s] [35m[1mScanning dependencies of target cartographer.io.internal.in_memory_proto_stream_test[0m
[125.133s] [ 72%] [32mBuilding CXX object CMakeFiles/cartographer.io.internal.in_memory_proto_stream_test.dir/cartographer/io/internal/in_memory_proto_stream_test.cc.o[0m
[127.438s] [ 72%] [32m[1mLinking CXX executable cartographer.io.proto_stream_deserializer_test[0m
[128.156s] [ 72%] [32m[1mLinking CXX executable cartographer.io.proto_stream_test[0m
[128.158s] [ 72%] Built target cartographer.io.proto_stream_deserializer_test
[128.253s] [35m[1mScanning dependencies of target cartographer.mapping.internal.3d.scan_matching.fast_correlative_scan_matcher_3d_test[0m
[128.433s] [ 72%] [32mBuilding CXX object CMakeFiles/cartographer.mapping.internal.3d.scan_matching.fast_correlative_scan_matcher_3d_test.dir/cartographer/mapping/internal/3d/scan_matching/fast_correlative_scan_matcher_3d_test.cc.o[0m
[128.877s] [ 72%] [32m[1mLinking CXX executable cartographer.mapping.3d.hybrid_grid_test[0m
[128.899s] [ 72%] Built target cartographer.io.proto_stream_test
[129.003s] [35m[1mScanning dependencies of target cartographer.common.optional_test[0m
[129.225s] [ 72%] [32mBuilding CXX object CMakeFiles/cartographer.common.optional_test.dir/cartographer/common/optional_test.cc.o[0m
[129.335s] [ 73%] [32m[1mLinking CXX executable cartographer.common.blocking_queue_test[0m
[129.454s] [ 73%] Built target cartographer.mapping.3d.hybrid_grid_test
[129.476s] [35m[1mScanning dependencies of target cartographer.mapping.id_test[0m
[129.589s] [ 74%] [32mBuilding CXX object CMakeFiles/cartographer.mapping.id_test.dir/cartographer/mapping/id_test.cc.o[0m
[129.818s] [ 74%] Built target cartographer.common.blocking_queue_test
[129.863s] [ 74%] [32m[1mLinking CXX executable cartographer.sensor.point_cloud_test[0m
[129.863s] [35m[1mScanning dependencies of target cartographer.mapping.2d.submap_2d_test[0m
[130.182s] [ 75%] [32mBuilding CXX object CMakeFiles/cartographer.mapping.2d.submap_2d_test.dir/cartographer/mapping/2d/submap_2d_test.cc.o[0m
[130.413s] [ 75%] Built target cartographer.sensor.point_cloud_test
[130.533s] [35m[1mScanning dependencies of target cartographer.mapping.internal.2d.overlapping_submaps_trimmer_2d_test[0m
[130.674s] [ 76%] [32mBuilding CXX object CMakeFiles/cartographer.mapping.internal.2d.overlapping_submaps_trimmer_2d_test.dir/cartographer/mapping/internal/2d/overlapping_submaps_trimmer_2d_test.cc.o[0m
[130.798s] [ 76%] [32m[1mLinking CXX executable cartographer.mapping.2d.range_data_inserter_2d_test[0m
[130.893s] [ 77%] [32m[1mLinking CXX executable cartographer.io.fake_file_writer_test[0m
[131.025s] [ 78%] [32m[1mLinking CXX executable cartographer.mapping.internal.motion_filter_test[0m
[131.373s] [ 78%] Built target cartographer.io.fake_file_writer_test
[131.387s] [35m[1mScanning dependencies of target cartographer.mapping.internal.optimization.optimization_problem_3d_test[0m
[131.498s] [ 78%] Built target cartographer.mapping.2d.range_data_inserter_2d_test
[131.598s] [ 78%] Built target cartographer.mapping.internal.motion_filter_test
[131.615s] [35m[1mScanning dependencies of target cartographer.common.configuration_files_test[0m
[131.618s] [ 79%] [32mBuilding CXX object CMakeFiles/cartographer.mapping.internal.optimization.optimization_problem_3d_test.dir/cartographer/mapping/internal/optimization/optimization_problem_3d_test.cc.o[0m
[131.640s] [35m[1mScanning dependencies of target cartographer.mapping.internal.2d.scan_matching.correlative_scan_matcher_test[0m
[131.823s] [ 79%] [32mBuilding CXX object CMakeFiles/cartographer.common.configuration_files_test.dir/cartographer/common/configuration_files_test.cc.o[0m
[131.981s] [ 79%] [32mBuilding CXX object CMakeFiles/cartographer.mapping.internal.2d.scan_matching.correlative_scan_matcher_test.dir/cartographer/mapping/internal/2d/scan_matching/correlative_scan_matcher_test.cc.o[0m
[132.339s] [ 79%] [32m[1mLinking CXX executable cartographer.io.internal.in_memory_proto_stream_test[0m
[132.631s] [ 79%] [32m[1mLinking CXX executable cartographer.common.optional_test[0m
[132.940s] [ 80%] [32m[1mLinking CXX executable cartographer.common.math_test[0m
[133.074s] [ 80%] Built target cartographer.common.optional_test
[133.075s] [ 80%] Built target cartographer.io.internal.in_memory_proto_stream_test
[133.137s] [35m[1mScanning dependencies of target cartographer.mapping.internal.2d.pose_graph_2d_test[0m
[133.167s] [35m[1mScanning dependencies of target cartographer.common.thread_pool_test[0m
[133.280s] [ 81%] [32mBuilding CXX object CMakeFiles/cartographer.common.thread_pool_test.dir/cartographer/common/thread_pool_test.cc.o[0m
[133.309s] [ 81%] [32m[1mLinking CXX executable cartographer.common.lua_parameter_dictionary_test[0m
[133.317s] [ 81%] Built target cartographer.common.math_test
[133.415s] [35m[1mScanning dependencies of target cartographer.mapping.internal.3d.pose_graph_3d_test[0m
[133.435s] [ 81%] [32mBuilding CXX object CMakeFiles/cartographer.mapping.internal.2d.pose_graph_2d_test.dir/cartographer/mapping/internal/2d/pose_graph_2d_test.cc.o[0m
[133.617s] [ 81%] [32mBuilding CXX object CMakeFiles/cartographer.mapping.internal.3d.pose_graph_3d_test.dir/cartographer/mapping/internal/3d/pose_graph_3d_test.cc.o[0m
[133.855s] [ 81%] Built target cartographer.common.lua_parameter_dictionary_test
[133.920s] [35m[1mScanning dependencies of target cartographer.mapping.pose_graph_trimmer_test[0m
[134.133s] [ 81%] [32mBuilding CXX object CMakeFiles/cartographer.mapping.pose_graph_trimmer_test.dir/cartographer/mapping/pose_graph_trimmer_test.cc.o[0m
[134.364s] [ 81%] [32m[1mLinking CXX executable cartographer.mapping.internal.2d.scan_matching.ceres_scan_matcher_2d_test[0m
[135.213s] [ 81%] Built target cartographer.mapping.internal.2d.scan_matching.ceres_scan_matcher_2d_test
[135.253s] [35m[1mScanning dependencies of target cartographer.mapping.internal.2d.scan_matching.real_time_correlative_scan_matcher_2d_test[0m
[135.576s] [ 82%] [32mBuilding CXX object CMakeFiles/cartographer.mapping.internal.2d.scan_matching.real_time_correlative_scan_matcher_2d_test.dir/cartographer/mapping/internal/2d/scan_matching/real_time_correlative_scan_matcher_2d_test.cc.o[0m
[136.916s] [ 82%] [32m[1mLinking CXX executable cartographer.mapping.internal.constraints.constraint_builder_3d_test[0m
[137.033s] [ 82%] [32m[1mLinking CXX executable cartographer.mapping.internal.optimization.cost_functions.spa_cost_function_2d_test[0m
[137.613s] [ 82%] Built target cartographer.mapping.internal.optimization.cost_functions.spa_cost_function_2d_test
[137.638s] [35m[1mScanning dependencies of target cartographer.mapping.internal.range_data_collator_test[0m
[137.640s] [ 83%] [32m[1mLinking CXX executable cartographer.transform.transform_interpolation_buffer_test[0m
[137.786s] [ 83%] [32mBuilding CXX object CMakeFiles/cartographer.mapping.internal.range_data_collator_test.dir/cartographer/mapping/internal/range_data_collator_test.cc.o[0m
[138.093s] [ 83%] Built target cartographer.mapping.internal.constraints.constraint_builder_3d_test
[138.118s] [35m[1mScanning dependencies of target cartographer.mapping.internal.3d.local_trajectory_builder_3d_test[0m
[138.223s] [ 83%] Built target cartographer.transform.transform_interpolation_buffer_test
[138.333s] [ 83%] [32mBuilding CXX object CMakeFiles/cartographer.mapping.internal.3d.local_trajectory_builder_3d_test.dir/cartographer/mapping/internal/3d/local_trajectory_builder_3d_test.cc.o[0m
[138.342s] [35m[1mScanning dependencies of target cartographer.mapping.internal.3d.scan_matching.rotation_delta_cost_functor_3d_test[0m
[138.573s] [ 83%] [32mBuilding CXX object CMakeFiles/cartographer.mapping.internal.3d.scan_matching.rotation_delta_cost_functor_3d_test.dir/cartographer/mapping/internal/3d/scan_matching/rotation_delta_cost_functor_3d_test.cc.o[0m
[141.595s] [ 83%] [32m[1mLinking CXX executable cartographer.common.thread_pool_test[0m
[142.049s] [ 83%] Built target cartographer.common.thread_pool_test
[142.064s] [35m[1mScanning dependencies of target cartographer.mapping.internal.3d.scan_matching.interpolated_grid_test[0m
[142.191s] [ 84%] [32mBuilding CXX object CMakeFiles/cartographer.mapping.internal.3d.scan_matching.interpolated_grid_test.dir/cartographer/mapping/internal/3d/scan_matching/interpolated_grid_test.cc.o[0m
[142.652s] [ 84%] [32m[1mLinking CXX executable cartographer.common.configuration_files_test[0m
[143.613s] [ 85%] [32m[1mLinking CXX executable cartographer.mapping.internal.2d.scan_matching.correlative_scan_matcher_test[0m
[143.613s] [ 85%] [32m[1mLinking CXX executable cartographer.mapping.2d.submap_2d_test[0m
[143.734s] [ 85%] [32m[1mLinking CXX executable cartographer.mapping.id_test[0m
[143.864s] [ 85%] Built target cartographer.common.configuration_files_test
[143.974s] [35m[1mScanning dependencies of target cartographer.mapping.internal.3d.scan_matching.real_time_correlative_scan_matcher_3d_test[0m
[144.057s] [ 86%] [32m[1mLinking CXX executable cartographer.mapping.internal.3d.scan_matching.ceres_scan_matcher_3d_test[0m
[144.097s] [ 87%] [32mBuilding CXX object CMakeFiles/cartographer.mapping.internal.3d.scan_matching.real_time_correlative_scan_matcher_3d_test.dir/cartographer/mapping/internal/3d/scan_matching/real_time_correlative_scan_matcher_3d_test.cc.o[0m
[144.215s] [ 87%] Built target cartographer.mapping.internal.2d.scan_matching.correlative_scan_matcher_test
[144.248s] [35m[1mScanning dependencies of target cartographer.sensor.internal.trajectory_collator_test[0m
[144.249s] [ 87%] Built target cartographer.mapping.2d.submap_2d_test
[144.361s] [ 87%] Built target cartographer.mapping.id_test
[144.362s] [35m[1mScanning dependencies of target cartographer.mapping.internal.3d.scan_matching.precomputation_grid_3d_test[0m
[144.472s] [35m[1mScanning dependencies of target cartographer.mapping.probability_values_test[0m
[144.479s] [ 87%] [32mBuilding CXX object CMakeFiles/cartographer.sensor.internal.trajectory_collator_test.dir/cartographer/sensor/internal/trajectory_collator_test.cc.o[0m
[144.661s] [ 88%] [32mBuilding CXX object CMakeFiles/cartographer.mapping.probability_values_test.dir/cartographer/mapping/probability_values_test.cc.o[0m
[144.700s] [ 88%] [32mBuilding CXX object CMakeFiles/cartographer.mapping.internal.3d.scan_matching.precomputation_grid_3d_test.dir/cartographer/mapping/internal/3d/scan_matching/precomputation_grid_3d_test.cc.o[0m
[144.933s] [ 88%] Built target cartographer.mapping.internal.3d.scan_matching.ceres_scan_matcher_3d_test
[144.944s] [35m[1mScanning dependencies of target cartographer.mapping.map_builder_test[0m
[145.173s] [ 88%] [32mBuilding CXX object CMakeFiles/cartographer.mapping.map_builder_test.dir/cartographer/mapping/map_builder_test.cc.o[0m
[145.908s] [ 88%] [32m[1mLinking CXX executable cartographer.mapping.pose_graph_trimmer_test[0m
[146.015s] [ 88%] [32m[1mLinking CXX executable cartographer.mapping.internal.optimization.optimization_problem_3d_test[0m
[146.396s] [ 88%] Built target cartographer.mapping.pose_graph_trimmer_test
[146.505s] [35m[1mScanning dependencies of target cartographer.sensor.map_by_time_test[0m
[146.615s] [ 88%] [32mBuilding CXX object CMakeFiles/cartographer.sensor.map_by_time_test.dir/cartographer/sensor/map_by_time_test.cc.o[0m
[146.789s] [ 88%] Built target cartographer.mapping.internal.optimization.optimization_problem_3d_test
[146.863s] [35m[1mScanning dependencies of target cartographer.sensor.internal.ordered_multi_queue_test[0m
[147.095s] [ 89%] [32mBuilding CXX object CMakeFiles/cartographer.sensor.internal.ordered_multi_queue_test.dir/cartographer/sensor/internal/ordered_multi_queue_test.cc.o[0m
[148.465s] [ 89%] [32m[1mLinking CXX executable cartographer.mapping.internal.2d.scan_matching.real_time_correlative_scan_matcher_2d_test[0m
[148.792s] [ 90%] [32m[1mLinking CXX executable cartographer.mapping.internal.3d.scan_matching.rotation_delta_cost_functor_3d_test[0m
[148.825s] [ 90%] [32m[1mLinking CXX executable cartographer.mapping.internal.2d.overlapping_submaps_trimmer_2d_test[0m
[149.361s] [ 90%] Built target cartographer.mapping.internal.3d.scan_matching.rotation_delta_cost_functor_3d_test
[149.384s] [35m[1mScanning dependencies of target cartographer.mapping.internal.3d.scan_matching.rotational_scan_matcher_test[0m
[149.401s] [ 90%] Built target cartographer.mapping.internal.2d.scan_matching.real_time_correlative_scan_matcher_2d_test
[149.591s] [35m[1mScanning dependencies of target cartographer.sensor.compressed_point_cloud_test[0m
[149.703s] [ 90%] [32mBuilding CXX object CMakeFiles/cartographer.mapping.internal.3d.scan_matching.rotational_scan_matcher_test.dir/cartographer/mapping/internal/3d/scan_matching/rotational_scan_matcher_test.cc.o[0m
[149.843s] [ 90%] [32mBuilding CXX object CMakeFiles/cartographer.sensor.compressed_point_cloud_test.dir/cartographer/sensor/compressed_point_cloud_test.cc.o[0m
[149.944s] [ 90%] Built target cartographer.mapping.internal.2d.overlapping_submaps_trimmer_2d_test
[151.206s] [ 90%] [32m[1mLinking CXX executable cartographer.mapping.internal.range_data_collator_test[0m
[151.646s] [ 90%] [32m[1mLinking CXX executable cartographer.mapping.internal.3d.scan_matching.fast_correlative_scan_matcher_3d_test[0m
[151.650s] [ 90%] Built target cartographer.mapping.internal.range_data_collator_test
[152.247s] [ 90%] Built target cartographer.mapping.internal.3d.scan_matching.fast_correlative_scan_matcher_3d_test
[153.805s] [ 90%] [32m[1mLinking CXX executable cartographer.mapping.probability_values_test[0m
[153.903s] [ 90%] [32m[1mLinking CXX executable cartographer.mapping.internal.3d.pose_graph_3d_test[0m
[154.201s] [ 90%] Built target cartographer.mapping.probability_values_test
[154.916s] [ 90%] Built target cartographer.mapping.internal.3d.pose_graph_3d_test
[155.103s] [ 90%] [32m[1mLinking CXX executable cartographer.mapping.internal.3d.scan_matching.interpolated_grid_test[0m
[155.545s] [ 90%] [32m[1mLinking CXX executable cartographer.sensor.map_by_time_test[0m
[155.546s] [ 90%] Built target cartographer.mapping.internal.3d.scan_matching.interpolated_grid_test
[155.970s] [ 90%] Built target cartographer.sensor.map_by_time_test
[156.927s] [ 90%] [32m[1mLinking CXX executable cartographer.mapping.internal.3d.scan_matching.precomputation_grid_3d_test[0m
[157.375s] [ 90%] Built target cartographer.mapping.internal.3d.scan_matching.precomputation_grid_3d_test
[157.573s] [ 91%] [32m[1mLinking CXX executable cartographer.sensor.internal.trajectory_collator_test[0m
[157.855s] [ 91%] Built target cartographer.sensor.internal.trajectory_collator_test
[158.044s] [ 92%] [32m[1mLinking CXX executable cartographer.mapping.internal.3d.local_trajectory_builder_3d_test[0m
[158.327s] [ 92%] [32m[1mLinking CXX executable cartographer.mapping.internal.3d.scan_matching.rotational_scan_matcher_test[0m
[158.397s] [ 93%] [32m[1mLinking CXX executable cartographer.mapping.internal.2d.pose_graph_2d_test[0m
[158.554s] [ 93%] [32m[1mLinking CXX executable cartographer.sensor.internal.ordered_multi_queue_test[0m
[158.573s] [ 93%] Built target cartographer.mapping.internal.3d.local_trajectory_builder_3d_test
[158.685s] [ 93%] Built target cartographer.mapping.internal.3d.scan_matching.rotational_scan_matcher_test
[158.738s] [ 93%] Built target cartographer.sensor.internal.ordered_multi_queue_test
[158.869s] [ 93%] Built target cartographer.mapping.internal.2d.pose_graph_2d_test
[158.993s] [ 94%] [32m[1mLinking CXX executable cartographer.mapping.map_builder_test[0m
[159.088s] [ 94%] [32m[1mLinking CXX executable cartographer.mapping.internal.3d.scan_matching.real_time_correlative_scan_matcher_3d_test[0m
[159.197s] [ 94%] Built target cartographer.mapping.internal.3d.scan_matching.real_time_correlative_scan_matcher_3d_test
[159.245s] [ 94%] Built target cartographer.mapping.map_builder_test
[159.370s] [ 95%] [32m[1mLinking CXX executable cartographer.sensor.compressed_point_cloud_test[0m
[159.568s] [ 95%] Built target cartographer.sensor.compressed_point_cloud_test
[159.591s] [35m[1mScanning dependencies of target cartographer.mapping.pose_extrapolator_test[0m
[159.654s] [ 95%] [32mBuilding CXX object CMakeFiles/cartographer.mapping.pose_extrapolator_test.dir/cartographer/mapping/pose_extrapolator_test.cc.o[0m
[173.022s] [ 95%] [32m[1mLinking CXX executable cartographer.mapping.pose_extrapolator_test[0m
[173.136s] [ 95%] Built target cartographer.mapping.pose_extrapolator_test
[173.155s] [35m[1mScanning dependencies of target cartographer.mapping.internal.trajectory_connectivity_state_test[0m
[173.155s] [35m[1mScanning dependencies of target cartographer.sensor.internal.collator_test[0m
[173.156s] [35m[1mScanning dependencies of target cartographer.mapping.imu_tracker_test[0m
[173.158s] [35m[1mScanning dependencies of target cartographer.common.task_test[0m
[173.158s] [35m[1mScanning dependencies of target cartographer.mapping.internal.constraints.constraint_builder_2d_test[0m
[173.159s] [35m[1mScanning dependencies of target cartographer.transform.rigid_transform_test[0m
[173.159s] [35m[1mScanning dependencies of target cartographer.mapping.internal.optimization.cost_functions.landmark_cost_function_2d_test[0m
[173.159s] [35m[1mScanning dependencies of target cartographer.mapping.internal.optimization.cost_functions.landmark_cost_function_3d_test[0m
[173.162s] [35m[1mScanning dependencies of target cartographer.mapping.2d.xy_index_test[0m
[173.165s] [35m[1mScanning dependencies of target cartographer.mapping.internal.connected_components_test[0m
[173.165s] [35m[1mScanning dependencies of target cartographer.mapping.internal.2d.scan_matching.fast_correlative_scan_matcher_2d_test[0m
[173.260s] [ 96%] [32mBuilding CXX object CMakeFiles/cartographer.mapping.internal.trajectory_connectivity_state_test.dir/cartographer/mapping/internal/trajectory_connectivity_state_test.cc.o[0m
[173.274s] [ 96%] [32mBuilding CXX object CMakeFiles/cartographer.mapping.2d.xy_index_test.dir/cartographer/mapping/2d/xy_index_test.cc.o[0m
[173.274s] [ 96%] [32mBuilding CXX object CMakeFiles/cartographer.sensor.internal.collator_test.dir/cartographer/sensor/internal/collator_test.cc.o[0m
[173.275s] [ 96%] [32mBuilding CXX object CMakeFiles/cartographer.mapping.internal.optimization.cost_functions.landmark_cost_function_2d_test.dir/cartographer/mapping/internal/optimization/cost_functions/landmark_cost_function_2d_test.cc.o[0m
[173.276s] [ 96%] [32mBuilding CXX object CMakeFiles/cartographer.mapping.imu_tracker_test.dir/cartographer/mapping/imu_tracker_test.cc.o[0m
[173.278s] [ 96%] [32mBuilding CXX object CMakeFiles/cartographer.mapping.internal.optimization.cost_functions.landmark_cost_function_3d_test.dir/cartographer/mapping/internal/optimization/cost_functions/landmark_cost_function_3d_test.cc.o[0m
[173.279s] [ 97%] [32mBuilding CXX object CMakeFiles/cartographer.transform.rigid_transform_test.dir/cartographer/transform/rigid_transform_test.cc.o[0m
[173.280s] [ 97%] [32mBuilding CXX object CMakeFiles/cartographer.mapping.internal.constraints.constraint_builder_2d_test.dir/cartographer/mapping/internal/constraints/constraint_builder_2d_test.cc.o[0m
[173.281s] [ 97%] [32mBuilding CXX object CMakeFiles/cartographer.common.task_test.dir/cartographer/common/task_test.cc.o[0m
[173.366s] [ 98%] [32mBuilding CXX object CMakeFiles/cartographer.mapping.internal.connected_components_test.dir/cartographer/mapping/internal/connected_components_test.cc.o[0m
[173.366s] [ 98%] [32mBuilding CXX object CMakeFiles/cartographer.mapping.internal.2d.scan_matching.fast_correlative_scan_matcher_2d_test.dir/cartographer/mapping/internal/2d/scan_matching/fast_correlative_scan_matcher_2d_test.cc.o[0m
[180.765s] [ 98%] [32m[1mLinking CXX executable cartographer.mapping.2d.xy_index_test[0m
[181.163s] [ 98%] Built target cartographer.mapping.2d.xy_index_test
[181.750s] [ 98%] [32m[1mLinking CXX executable cartographer.mapping.internal.trajectory_connectivity_state_test[0m
[182.034s] [ 98%] [32m[1mLinking CXX executable cartographer.mapping.internal.connected_components_test[0m
[182.152s] [ 98%] Built target cartographer.mapping.internal.trajectory_connectivity_state_test
[182.396s] [ 98%] Built target cartographer.mapping.internal.connected_components_test
[182.958s] [ 98%] [32m[1mLinking CXX executable cartographer.common.task_test[0m
[183.328s] [ 98%] Built target cartographer.common.task_test
[184.524s] [ 98%] [32m[1mLinking CXX executable cartographer.sensor.internal.collator_test[0m
[184.873s] [ 98%] Built target cartographer.sensor.internal.collator_test
[185.808s] [ 98%] [32m[1mLinking CXX executable cartographer.mapping.internal.2d.scan_matching.fast_correlative_scan_matcher_2d_test[0m
[186.016s] [ 98%] [32m[1mLinking CXX executable cartographer.mapping.internal.constraints.constraint_builder_2d_test[0m
[186.107s] [ 98%] Built target cartographer.mapping.internal.2d.scan_matching.fast_correlative_scan_matcher_2d_test
[186.451s] [ 98%] Built target cartographer.mapping.internal.constraints.constraint_builder_2d_test
[187.023s] [ 98%] [32m[1mLinking CXX executable cartographer.mapping.internal.optimization.cost_functions.landmark_cost_function_2d_test[0m
[187.139s] [100%] [32m[1mLinking CXX executable cartographer.mapping.internal.optimization.cost_functions.landmark_cost_function_3d_test[0m
[187.146s] [100%] Built target cartographer.mapping.internal.optimization.cost_functions.landmark_cost_function_2d_test
[187.242s] [100%] Built target cartographer.mapping.internal.optimization.cost_functions.landmark_cost_function_3d_test
[188.779s] [100%] [32m[1mLinking CXX executable cartographer.transform.rigid_transform_test[0m
[188.869s] [100%] Built target cartographer.transform.rigid_transform_test
[190.139s] [100%] [32m[1mLinking CXX executable cartographer.mapping.imu_tracker_test[0m
[190.230s] [100%] Built target cartographer.mapping.imu_tracker_test
[190.246s] Invoked command in '/home/jc/carto_ws/src/build/cartographer' returned '0': CMAKE_PREFIX_PATH=${CMAKE_PREFIX_PATH}:/home/jc/turtlebot3/install/turtlebot3_teleop:/home/jc/turtlebot3/install/turtlebot3_example:/home/jc/turtlebot3/install/nav2_gazebo_spawner:/home/jc/nav2_ws/install/nav2_gazebo_spawner:/opt/ros/foxy:/home/jc/turtlebot4_ws/install/turtlebot4_tests:/home/jc/turtlebot4_ws/install/turtlebot4_diagnostics /usr/bin/cmake --build /home/jc/carto_ws/src/build/cartographer -- -j16 -l16
[191.329s] Invoking command in '/home/jc/carto_ws/src/build/cartographer': CMAKE_PREFIX_PATH=${CMAKE_PREFIX_PATH}:/home/jc/turtlebot3/install/turtlebot3_teleop:/home/jc/turtlebot3/install/turtlebot3_example:/home/jc/turtlebot3/install/nav2_gazebo_spawner:/home/jc/nav2_ws/install/nav2_gazebo_spawner:/opt/ros/foxy:/home/jc/turtlebot4_ws/install/turtlebot4_tests:/home/jc/turtlebot4_ws/install/turtlebot4_diagnostics /usr/bin/cmake --install /home/jc/carto_ws/src/build/cartographer
[191.339s] -- Install configuration: "Release"
[191.339s] -- Installing: /home/jc/carto_ws/src/install/cartographer/share/cartographer/package.xml
[191.339s] -- Installing: /home/jc/carto_ws/src/install/cartographer/share/cartographer//configuration_files
[191.339s] -- Installing: /home/jc/carto_ws/src/install/cartographer/share/cartographer//configuration_files/trajectory_builder_2d.lua
[191.343s] -- Installing: /home/jc/carto_ws/src/install/cartographer/share/cartographer//configuration_files/pose_graph.lua
[191.344s] -- Installing: /home/jc/carto_ws/src/install/cartographer/share/cartographer//configuration_files/map_builder_server.lua
[191.344s] -- Installing: /home/jc/carto_ws/src/install/cartographer/share/cartographer//configuration_files/trajectory_builder_3d.lua
[191.344s] -- Installing: /home/jc/carto_ws/src/install/cartographer/share/cartographer//configuration_files/trajectory_builder.lua
[191.345s] -- Installing: /home/jc/carto_ws/src/install/cartographer/share/cartographer//configuration_files/map_builder.lua
[191.346s] -- Installing: /home/jc/carto_ws/src/install/cartographer/share/cartographer//cmake
[191.346s] -- Installing: /home/jc/carto_ws/src/install/cartographer/share/cartographer//cmake/modules
[191.346s] -- Installing: /home/jc/carto_ws/src/install/cartographer/share/cartographer//cmake/modules/FindLuaGoogle.cmake
[191.346s] -- Installing: /home/jc/carto_ws/src/install/cartographer/share/cartographer//cmake/modules/FindSphinx.cmake
[191.346s] -- Installing: /home/jc/carto_ws/src/install/cartographer/share/cartographer//cmake/modules/FindGMock.cmake
[191.346s] -- Installing: /home/jc/carto_ws/src/install/cartographer/share/cartographer//cmake/functions.cmake
[191.346s] -- Installing: /home/jc/carto_ws/src/install/cartographer/bin/cartographer_autogenerate_ground_truth
[191.347s] -- Installing: /home/jc/carto_ws/src/install/cartographer/bin/cartographer_compute_relations_metrics
[191.349s] -- Installing: /home/jc/carto_ws/src/install/cartographer/bin/cartographer_migrate_serialization_format
[191.351s] -- Installing: /home/jc/carto_ws/src/install/cartographer/lib/libcartographer.a
[191.358s] -- Installing: /home/jc/carto_ws/src/install/cartographer/include/cartographer/common/blocking_queue.h
[191.359s] -- Installing: /home/jc/carto_ws/src/install/cartographer/include/cartographer/common/ceres_solver_options.h
[191.359s] -- Installing: /home/jc/carto_ws/src/install/cartographer/include/cartographer/common/configuration_file_resolver.h
[191.359s] -- Installing: /home/jc/carto_ws/src/install/cartographer/include/cartographer/common/fixed_ratio_sampler.h
[191.359s] -- Installing: /home/jc/carto_ws/src/install/cartographer/include/cartographer/common/histogram.h
[191.360s] -- Installing: /home/jc/carto_ws/src/install/cartographer/include/cartographer/common/lockless_queue.h
[191.360s] -- Installing: /home/jc/carto_ws/src/install/cartographer/include/cartographer/common/lua.h
[191.360s] -- Installing: /home/jc/carto_ws/src/install/cartographer/include/cartographer/common/lua_parameter_dictionary.h
[191.360s] -- Installing: /home/jc/carto_ws/src/install/cartographer/include/cartographer/common/make_unique.h
[191.361s] -- Installing: /home/jc/carto_ws/src/install/cartographer/include/cartographer/common/math.h
[191.361s] -- Installing: /home/jc/carto_ws/src/install/cartographer/include/cartographer/common/mutex.h
[191.361s] -- Installing: /home/jc/carto_ws/src/install/cartographer/include/cartographer/common/optional.h
[191.361s] -- Installing: /home/jc/carto_ws/src/install/cartographer/include/cartographer/common/port.h
[191.361s] -- Installing: /home/jc/carto_ws/src/install/cartographer/include/cartographer/common/rate_timer.h
[191.361s] -- Installing: /home/jc/carto_ws/src/install/cartographer/include/cartographer/common/task.h
[191.361s] -- Installing: /home/jc/carto_ws/src/install/cartographer/include/cartographer/common/thread_pool.h
[191.361s] -- Installing: /home/jc/carto_ws/src/install/cartographer/include/cartographer/common/time.h
[191.361s] -- Installing: /home/jc/carto_ws/src/install/cartographer/include/cartographer/ground_truth/relations_text_file.h
[191.362s] -- Installing: /home/jc/carto_ws/src/install/cartographer/include/cartographer/io/color.h
[191.362s] -- Installing: /home/jc/carto_ws/src/install/cartographer/include/cartographer/io/coloring_points_processor.h
[191.362s] -- Installing: /home/jc/carto_ws/src/install/cartographer/include/cartographer/io/counting_points_processor.h
[191.362s] -- Installing: /home/jc/carto_ws/src/install/cartographer/include/cartographer/io/draw_trajectories.h
[191.362s] -- Installing: /home/jc/carto_ws/src/install/cartographer/include/cartographer/io/file_writer.h
[191.362s] -- Installing: /home/jc/carto_ws/src/install/cartographer/include/cartographer/io/fixed_ratio_sampling_points_processor.h
[191.362s] -- Installing: /home/jc/carto_ws/src/install/cartographer/include/cartographer/io/frame_id_filtering_points_processor.h
[191.362s] -- Installing: /home/jc/carto_ws/src/install/cartographer/include/cartographer/io/hybrid_grid_points_processor.h
[191.362s] -- Installing: /home/jc/carto_ws/src/install/cartographer/include/cartographer/io/image.h
[191.363s] -- Installing: /home/jc/carto_ws/src/install/cartographer/include/cartographer/io/intensity_to_color_points_processor.h
[191.363s] -- Installing: /home/jc/carto_ws/src/install/cartographer/include/cartographer/io/min_max_range_filtering_points_processor.h
[191.363s] -- Installing: /home/jc/carto_ws/src/install/cartographer/include/cartographer/io/null_points_processor.h
[191.363s] -- Installing: /home/jc/carto_ws/src/install/cartographer/include/cartographer/io/outlier_removing_points_processor.h
[191.363s] -- Installing: /home/jc/carto_ws/src/install/cartographer/include/cartographer/io/pcd_writing_points_processor.h
[191.363s] -- Installing: /home/jc/carto_ws/src/install/cartographer/include/cartographer/io/ply_writing_points_processor.h
[191.363s] -- Installing: /home/jc/carto_ws/src/install/cartographer/include/cartographer/io/points_batch.h
[191.363s] -- Installing: /home/jc/carto_ws/src/install/cartographer/include/cartographer/io/points_processor.h
[191.363s] -- Installing: /home/jc/carto_ws/src/install/cartographer/include/cartographer/io/points_processor_pipeline_builder.h
[191.363s] -- Installing: /home/jc/carto_ws/src/install/cartographer/include/cartographer/io/probability_grid_points_processor.h
[191.363s] -- Installing: /home/jc/carto_ws/src/install/cartographer/include/cartographer/io/proto_stream.h
[191.364s] -- Installing: /home/jc/carto_ws/src/install/cartographer/include/cartographer/io/proto_stream_deserializer.h
[191.364s] -- Installing: /home/jc/carto_ws/src/install/cartographer/include/cartographer/io/proto_stream_interface.h
[191.364s] -- Installing: /home/jc/carto_ws/src/install/cartographer/include/cartographer/io/serialization_format_migration.h
[191.364s] -- Installing: /home/jc/carto_ws/src/install/cartographer/include/cartographer/io/submap_painter.h
[191.364s] -- Installing: /home/jc/carto_ws/src/install/cartographer/include/cartographer/io/xray_points_processor.h
[191.364s] -- Installing: /home/jc/carto_ws/src/install/cartographer/include/cartographer/io/xyz_writing_points_processor.h
[191.364s] -- Installing: /home/jc/carto_ws/src/install/cartographer/include/cartographer/mapping/2d/grid_2d.h
[191.364s] -- Installing: /home/jc/carto_ws/src/install/cartographer/include/cartographer/mapping/2d/map_limits.h
[191.364s] -- Installing: /home/jc/carto_ws/src/install/cartographer/include/cartographer/mapping/2d/probability_grid.h
[191.364s] -- Installing: /home/jc/carto_ws/src/install/cartographer/include/cartographer/mapping/2d/probability_grid_range_data_inserter_2d.h
[191.364s] -- Installing: /home/jc/carto_ws/src/install/cartographer/include/cartographer/mapping/2d/submap_2d.h
[191.364s] -- Installing: /home/jc/carto_ws/src/install/cartographer/include/cartographer/mapping/2d/xy_index.h
[191.365s] -- Installing: /home/jc/carto_ws/src/install/cartographer/include/cartographer/mapping/3d/hybrid_grid.h
[191.365s] -- Installing: /home/jc/carto_ws/src/install/cartographer/include/cartographer/mapping/3d/range_data_inserter_3d.h
[191.365s] -- Installing: /home/jc/carto_ws/src/install/cartographer/include/cartographer/mapping/3d/submap_3d.h
[191.365s] -- Installing: /home/jc/carto_ws/src/install/cartographer/include/cartographer/mapping/detect_floors.h
[191.365s] -- Installing: /home/jc/carto_ws/src/install/cartographer/include/cartographer/mapping/grid_interface.h
[191.365s] -- Installing: /home/jc/carto_ws/src/install/cartographer/include/cartographer/mapping/id.h
[191.365s] -- Installing: /home/jc/carto_ws/src/install/cartographer/include/cartographer/mapping/imu_tracker.h
[191.365s] -- Installing: /home/jc/carto_ws/src/install/cartographer/include/cartographer/mapping/local_slam_result_data.h
[191.365s] -- Installing: /home/jc/carto_ws/src/install/cartographer/include/cartographer/mapping/map_builder.h
[191.366s] -- Installing: /home/jc/carto_ws/src/install/cartographer/include/cartographer/mapping/map_builder_interface.h
[191.366s] -- Installing: /home/jc/carto_ws/src/install/cartographer/include/cartographer/mapping/pose_extrapolator.h
[191.366s] -- Installing: /home/jc/carto_ws/src/install/cartographer/include/cartographer/mapping/pose_graph.h
[191.366s] -- Installing: /home/jc/carto_ws/src/install/cartographer/include/cartographer/mapping/pose_graph_interface.h
[191.366s] -- Installing: /home/jc/carto_ws/src/install/cartographer/include/cartographer/mapping/pose_graph_trimmer.h
[191.366s] -- Installing: /home/jc/carto_ws/src/install/cartographer/include/cartographer/mapping/probability_values.h
[191.366s] -- Installing: /home/jc/carto_ws/src/install/cartographer/include/cartographer/mapping/range_data_inserter_interface.h
[191.366s] -- Installing: /home/jc/carto_ws/src/install/cartographer/include/cartographer/mapping/submaps.h
[191.366s] -- Installing: /home/jc/carto_ws/src/install/cartographer/include/cartographer/mapping/trajectory_builder_interface.h
[191.366s] -- Installing: /home/jc/carto_ws/src/install/cartographer/include/cartographer/mapping/trajectory_node.h
[191.366s] -- Installing: /home/jc/carto_ws/src/install/cartographer/include/cartographer/metrics/counter.h
[191.366s] -- Installing: /home/jc/carto_ws/src/install/cartographer/include/cartographer/metrics/family_factory.h
[191.366s] -- Installing: /home/jc/carto_ws/src/install/cartographer/include/cartographer/metrics/gauge.h
[191.367s] -- Installing: /home/jc/carto_ws/src/install/cartographer/include/cartographer/metrics/histogram.h
[191.367s] -- Installing: /home/jc/carto_ws/src/install/cartographer/include/cartographer/metrics/register.h
[191.367s] -- Installing: /home/jc/carto_ws/src/install/cartographer/include/cartographer/sensor/collator_interface.h
[191.367s] -- Installing: /home/jc/carto_ws/src/install/cartographer/include/cartographer/sensor/compressed_point_cloud.h
[191.368s] -- Installing: /home/jc/carto_ws/src/install/cartographer/include/cartographer/sensor/data.h
[191.368s] -- Installing: /home/jc/carto_ws/src/install/cartographer/include/cartographer/sensor/fixed_frame_pose_data.h
[191.369s] -- Installing: /home/jc/carto_ws/src/install/cartographer/include/cartographer/sensor/imu_data.h
[191.369s] -- Installing: /home/jc/carto_ws/src/install/cartographer/include/cartographer/sensor/landmark_data.h
[191.369s] -- Installing: /home/jc/carto_ws/src/install/cartographer/include/cartographer/sensor/map_by_time.h
[191.369s] -- Installing: /home/jc/carto_ws/src/install/cartographer/include/cartographer/sensor/odometry_data.h
[191.369s] -- Installing: /home/jc/carto_ws/src/install/cartographer/include/cartographer/sensor/point_cloud.h
[191.369s] -- Installing: /home/jc/carto_ws/src/install/cartographer/include/cartographer/sensor/range_data.h
[191.370s] -- Installing: /home/jc/carto_ws/src/install/cartographer/include/cartographer/sensor/timed_point_cloud_data.h
[191.370s] -- Installing: /home/jc/carto_ws/src/install/cartographer/include/cartographer/transform/rigid_transform.h
[191.370s] -- Installing: /home/jc/carto_ws/src/install/cartographer/include/cartographer/transform/timestamped_transform.h
[191.370s] -- Installing: /home/jc/carto_ws/src/install/cartographer/include/cartographer/transform/transform.h
[191.370s] -- Installing: /home/jc/carto_ws/src/install/cartographer/include/cartographer/transform/transform_interpolation_buffer.h
[191.370s] -- Installing: /home/jc/carto_ws/src/install/cartographer/include/cartographer/common/lua_parameter_dictionary_test_helpers.h
[191.370s] -- Installing: /home/jc/carto_ws/src/install/cartographer/include/cartographer/io/fake_file_writer.h
[191.371s] -- Installing: /home/jc/carto_ws/src/install/cartographer/include/cartographer/transform/rigid_transform_test_helpers.h
[191.371s] -- Installing: /home/jc/carto_ws/src/install/cartographer/include/cartographer/common/proto/ceres_solver_options.pb.h
[191.371s] -- Installing: /home/jc/carto_ws/src/install/cartographer/include/cartographer/ground_truth/proto/relations.pb.h
[191.371s] -- Installing: /home/jc/carto_ws/src/install/cartographer/include/cartographer/mapping/proto/2d/cell_limits.pb.h
[191.371s] -- Installing: /home/jc/carto_ws/src/install/cartographer/include/cartographer/mapping/proto/2d/grid_2d.pb.h
[191.371s] -- Installing: /home/jc/carto_ws/src/install/cartographer/include/cartographer/mapping/proto/2d/grid_2d_options.pb.h
[191.371s] -- Installing: /home/jc/carto_ws/src/install/cartographer/include/cartographer/mapping/proto/2d/local_trajectory_builder_options_2d.pb.h
[191.371s] -- Installing: /home/jc/carto_ws/src/install/cartographer/include/cartographer/mapping/proto/2d/map_limits.pb.h
[191.371s] -- Installing: /home/jc/carto_ws/src/install/cartographer/include/cartographer/mapping/proto/2d/probability_grid.pb.h
[191.371s] -- Installing: /home/jc/carto_ws/src/install/cartographer/include/cartographer/mapping/proto/2d/probability_grid_range_data_inserter_options_2d.pb.h
[191.371s] -- Installing: /home/jc/carto_ws/src/install/cartographer/include/cartographer/mapping/proto/2d/submaps_options_2d.pb.h
[191.371s] -- Installing: /home/jc/carto_ws/src/install/cartographer/include/cartographer/mapping/proto/3d/hybrid_grid.pb.h
[191.371s] -- Installing: /home/jc/carto_ws/src/install/cartographer/include/cartographer/mapping/proto/3d/local_trajectory_builder_options_3d.pb.h
[191.371s] -- Installing: /home/jc/carto_ws/src/install/cartographer/include/cartographer/mapping/proto/3d/range_data_inserter_options_3d.pb.h
[191.372s] -- Installing: /home/jc/carto_ws/src/install/cartographer/include/cartographer/mapping/proto/3d/submaps_options_3d.pb.h
[191.372s] -- Installing: /home/jc/carto_ws/src/install/cartographer/include/cartographer/mapping/proto/connected_components.pb.h
[191.372s] -- Installing: /home/jc/carto_ws/src/install/cartographer/include/cartographer/mapping/proto/internal/legacy_serialized_data.pb.h
[191.372s] -- Installing: /home/jc/carto_ws/src/install/cartographer/include/cartographer/mapping/proto/map_builder_options.pb.h
[191.372s] -- Installing: /home/jc/carto_ws/src/install/cartographer/include/cartographer/mapping/proto/motion_filter_options.pb.h
[191.372s] -- Installing: /home/jc/carto_ws/src/install/cartographer/include/cartographer/mapping/proto/pose_graph.pb.h
[191.372s] -- Installing: /home/jc/carto_ws/src/install/cartographer/include/cartographer/mapping/proto/pose_graph/constraint_builder_options.pb.h
[191.372s] -- Installing: /home/jc/carto_ws/src/install/cartographer/include/cartographer/mapping/proto/pose_graph/optimization_problem_options.pb.h
[191.372s] -- Installing: /home/jc/carto_ws/src/install/cartographer/include/cartographer/mapping/proto/pose_graph_options.pb.h
[191.372s] -- Installing: /home/jc/carto_ws/src/install/cartographer/include/cartographer/mapping/proto/range_data_inserter_options.pb.h
[191.372s] -- Installing: /home/jc/carto_ws/src/install/cartographer/include/cartographer/mapping/proto/scan_matching/ceres_scan_matcher_options_2d.pb.h
[191.372s] -- Installing: /home/jc/carto_ws/src/install/cartographer/include/cartographer/mapping/proto/scan_matching/ceres_scan_matcher_options_3d.pb.h
[191.372s] -- Installing: /home/jc/carto_ws/src/install/cartographer/include/cartographer/mapping/proto/scan_matching/fast_correlative_scan_matcher_options_2d.pb.h
[191.372s] -- Installing: /home/jc/carto_ws/src/install/cartographer/include/cartographer/mapping/proto/scan_matching/fast_correlative_scan_matcher_options_3d.pb.h
[191.373s] -- Installing: /home/jc/carto_ws/src/install/cartographer/include/cartographer/mapping/proto/scan_matching/real_time_correlative_scan_matcher_options.pb.h
[191.373s] -- Installing: /home/jc/carto_ws/src/install/cartographer/include/cartographer/mapping/proto/serialization.pb.h
[191.373s] -- Installing: /home/jc/carto_ws/src/install/cartographer/include/cartographer/mapping/proto/submap.pb.h
[191.373s] -- Installing: /home/jc/carto_ws/src/install/cartographer/include/cartographer/mapping/proto/submap_visualization.pb.h
[191.373s] -- Installing: /home/jc/carto_ws/src/install/cartographer/include/cartographer/mapping/proto/trajectory.pb.h
[191.373s] -- Installing: /home/jc/carto_ws/src/install/cartographer/include/cartographer/mapping/proto/trajectory_builder_options.pb.h
[191.373s] -- Installing: /home/jc/carto_ws/src/install/cartographer/include/cartographer/mapping/proto/trajectory_node_data.pb.h
[191.373s] -- Installing: /home/jc/carto_ws/src/install/cartographer/include/cartographer/sensor/proto/adaptive_voxel_filter_options.pb.h
[191.373s] -- Installing: /home/jc/carto_ws/src/install/cartographer/include/cartographer/sensor/proto/sensor.pb.h
[191.373s] -- Installing: /home/jc/carto_ws/src/install/cartographer/include/cartographer/transform/proto/transform.pb.h
[191.373s] -- Installing: /home/jc/carto_ws/src/install/cartographer/share/cartographer/cmake/CartographerTargets.cmake
[191.373s] -- Installing: /home/jc/carto_ws/src/install/cartographer/share/cartographer/cmake/CartographerTargets-release.cmake
[191.373s] -- Installing: /home/jc/carto_ws/src/install/cartographer/share/cartographer/cartographer-config.cmake
[191.374s] Invoked command in '/home/jc/carto_ws/src/build/cartographer' returned '0': CMAKE_PREFIX_PATH=${CMAKE_PREFIX_PATH}:/home/jc/turtlebot3/install/turtlebot3_teleop:/home/jc/turtlebot3/install/turtlebot3_example:/home/jc/turtlebot3/install/nav2_gazebo_spawner:/home/jc/nav2_ws/install/nav2_gazebo_spawner:/opt/ros/foxy:/home/jc/turtlebot4_ws/install/turtlebot4_tests:/home/jc/turtlebot4_ws/install/turtlebot4_diagnostics /usr/bin/cmake --install /home/jc/carto_ws/src/build/cartographer
