[0.150s] DEBUG:colcon:Command line arguments: ['/usr/bin/colcon', 'build']
[0.150s] DEBUG:colcon:Parsed command line arguments: Namespace(allow_overriding=[], ament_cmake_args=None, base_paths=['.'], build_base='build', catkin_cmake_args=None, catkin_skip_building_tests=False, cmake_args=None, cmake_clean_cache=False, cmake_clean_first=False, cmake_force_configure=False, cmake_target=None, cmake_target_skip_unavailable=False, continue_on_error=False, event_handlers=None, executor='parallel', ignore_user_meta=False, install_base='install', log_base=None, log_level=None, main=<bound method BuildVerb.main of <colcon_core.verb.build.BuildVerb object at 0x7f1a0a2327c0>>, merge_install=False, metas=['./colcon.meta'], packages_above=None, packages_above_and_dependencies=None, packages_above_depth=None, packages_end=None, packages_ignore=None, packages_ignore_regex=None, packages_select=None, packages_select_build_failed=False, packages_select_by_dep=None, packages_select_regex=None, packages_select_test_failures=False, packages_skip=None, packages_skip_build_finished=False, packages_skip_by_dep=None, packages_skip_regex=None, packages_skip_test_passed=False, packages_skip_up_to=None, packages_start=None, packages_up_to=None, packages_up_to_regex=None, parallel_workers=16, paths=None, symlink_install=False, test_result_base=None, verb_extension=<colcon_core.verb.build.BuildVerb object at 0x7f1a0a2327c0>, verb_name='build', verb_parser=<colcon_defaults.argument_parser.defaults.DefaultArgumentsDecorator object at 0x7f1a0a232d30>)
[0.172s] Level 1:colcon.colcon_core.package_discovery:discover_packages(colcon_meta) check parameters
[0.172s] Level 1:colcon.colcon_core.package_discovery:discover_packages(recursive) check parameters
[0.172s] Level 1:colcon.colcon_core.package_discovery:discover_packages(ignore) check parameters
[0.172s] Level 1:colcon.colcon_core.package_discovery:discover_packages(path) check parameters
[0.172s] Level 1:colcon.colcon_core.package_discovery:discover_packages(colcon_meta) discover
[0.172s] Level 1:colcon.colcon_core.package_discovery:discover_packages(recursive) discover
[0.172s] INFO:colcon.colcon_core.package_discovery:Crawling recursively for packages in '/home/jc/carto_ws/src'
[0.172s] Level 1:colcon.colcon_core.package_identification:_identify(.) by extensions ['ignore', 'ignore_ament_install']
[0.172s] Level 1:colcon.colcon_core.package_identification:_identify(.) by extension 'ignore'
[0.172s] Level 1:colcon.colcon_core.package_identification:_identify(.) by extension 'ignore_ament_install'
[0.172s] Level 1:colcon.colcon_core.package_identification:_identify(.) by extensions ['colcon_pkg']
[0.172s] Level 1:colcon.colcon_core.package_identification:_identify(.) by extension 'colcon_pkg'
[0.172s] Level 1:colcon.colcon_core.package_identification:_identify(.) by extensions ['colcon_meta']
[0.172s] Level 1:colcon.colcon_core.package_identification:_identify(.) by extension 'colcon_meta'
[0.172s] Level 1:colcon.colcon_core.package_identification:_identify(.) by extensions ['ros']
[0.172s] Level 1:colcon.colcon_core.package_identification:_identify(.) by extension 'ros'
[0.181s] Level 1:colcon.colcon_core.package_identification:_identify(.) by extensions ['cmake', 'python']
[0.181s] Level 1:colcon.colcon_core.package_identification:_identify(.) by extension 'cmake'
[0.181s] Level 1:colcon.colcon_core.package_identification:_identify(.) by extension 'python'
[0.181s] Level 1:colcon.colcon_core.package_identification:_identify(.) by extensions ['python_setup_py']
[0.181s] Level 1:colcon.colcon_core.package_identification:_identify(.) by extension 'python_setup_py'
[0.181s] Level 1:colcon.colcon_core.package_identification:_identify(build) by extensions ['ignore', 'ignore_ament_install']
[0.181s] Level 1:colcon.colcon_core.package_identification:_identify(build) by extension 'ignore'
[0.181s] Level 1:colcon.colcon_core.package_identification:_identify(build) ignored
[0.181s] Level 1:colcon.colcon_core.package_identification:_identify(cartographer) by extensions ['ignore', 'ignore_ament_install']
[0.181s] Level 1:colcon.colcon_core.package_identification:_identify(cartographer) by extension 'ignore'
[0.181s] Level 1:colcon.colcon_core.package_identification:_identify(cartographer) by extension 'ignore_ament_install'
[0.181s] Level 1:colcon.colcon_core.package_identification:_identify(cartographer) by extensions ['colcon_pkg']
[0.181s] Level 1:colcon.colcon_core.package_identification:_identify(cartographer) by extension 'colcon_pkg'
[0.181s] Level 1:colcon.colcon_core.package_identification:_identify(cartographer) by extensions ['colcon_meta']
[0.181s] Level 1:colcon.colcon_core.package_identification:_identify(cartographer) by extension 'colcon_meta'
[0.181s] Level 1:colcon.colcon_core.package_identification:_identify(cartographer) by extensions ['ros']
[0.181s] Level 1:colcon.colcon_core.package_identification:_identify(cartographer) by extension 'ros'
[0.185s] DEBUG:colcon.colcon_core.package_identification:Package 'cartographer' with type 'ros.cmake' and name 'cartographer'
[0.185s] Level 1:colcon.colcon_core.package_identification:_identify(cartographer_ros) by extensions ['ignore', 'ignore_ament_install']
[0.185s] Level 1:colcon.colcon_core.package_identification:_identify(cartographer_ros) by extension 'ignore'
[0.185s] Level 1:colcon.colcon_core.package_identification:_identify(cartographer_ros) by extension 'ignore_ament_install'
[0.186s] Level 1:colcon.colcon_core.package_identification:_identify(cartographer_ros) by extensions ['colcon_pkg']
[0.186s] Level 1:colcon.colcon_core.package_identification:_identify(cartographer_ros) by extension 'colcon_pkg'
[0.186s] Level 1:colcon.colcon_core.package_identification:_identify(cartographer_ros) by extensions ['colcon_meta']
[0.186s] Level 1:colcon.colcon_core.package_identification:_identify(cartographer_ros) by extension 'colcon_meta'
[0.186s] Level 1:colcon.colcon_core.package_identification:_identify(cartographer_ros) by extensions ['ros']
[0.186s] Level 1:colcon.colcon_core.package_identification:_identify(cartographer_ros) by extension 'ros'
[0.186s] Level 1:colcon.colcon_core.package_identification:_identify(cartographer_ros) by extensions ['cmake', 'python']
[0.186s] Level 1:colcon.colcon_core.package_identification:_identify(cartographer_ros) by extension 'cmake'
[0.186s] Level 1:colcon.colcon_core.package_identification:_identify(cartographer_ros) by extension 'python'
[0.186s] Level 1:colcon.colcon_core.package_identification:_identify(cartographer_ros) by extensions ['python_setup_py']
[0.186s] Level 1:colcon.colcon_core.package_identification:_identify(cartographer_ros) by extension 'python_setup_py'
[0.186s] Level 1:colcon.colcon_core.package_identification:_identify(cartographer_ros/cartographer_ros) by extensions ['ignore', 'ignore_ament_install']
[0.186s] Level 1:colcon.colcon_core.package_identification:_identify(cartographer_ros/cartographer_ros) by extension 'ignore'
[0.186s] Level 1:colcon.colcon_core.package_identification:_identify(cartographer_ros/cartographer_ros) by extension 'ignore_ament_install'
[0.186s] Level 1:colcon.colcon_core.package_identification:_identify(cartographer_ros/cartographer_ros) by extensions ['colcon_pkg']
[0.186s] Level 1:colcon.colcon_core.package_identification:_identify(cartographer_ros/cartographer_ros) by extension 'colcon_pkg'
[0.186s] Level 1:colcon.colcon_core.package_identification:_identify(cartographer_ros/cartographer_ros) by extensions ['colcon_meta']
[0.186s] Level 1:colcon.colcon_core.package_identification:_identify(cartographer_ros/cartographer_ros) by extension 'colcon_meta'
[0.186s] Level 1:colcon.colcon_core.package_identification:_identify(cartographer_ros/cartographer_ros) by extensions ['ros']
[0.186s] Level 1:colcon.colcon_core.package_identification:_identify(cartographer_ros/cartographer_ros) by extension 'ros'
[0.192s] DEBUG:colcon.colcon_core.package_identification:Package 'cartographer_ros/cartographer_ros' with type 'ros.ament_cmake' and name 'cartographer_ros'
[0.192s] Level 1:colcon.colcon_core.package_identification:_identify(cartographer_ros/cartographer_ros_msgs) by extensions ['ignore', 'ignore_ament_install']
[0.192s] Level 1:colcon.colcon_core.package_identification:_identify(cartographer_ros/cartographer_ros_msgs) by extension 'ignore'
[0.192s] Level 1:colcon.colcon_core.package_identification:_identify(cartographer_ros/cartographer_ros_msgs) by extension 'ignore_ament_install'
[0.192s] Level 1:colcon.colcon_core.package_identification:_identify(cartographer_ros/cartographer_ros_msgs) by extensions ['colcon_pkg']
[0.192s] Level 1:colcon.colcon_core.package_identification:_identify(cartographer_ros/cartographer_ros_msgs) by extension 'colcon_pkg'
[0.192s] Level 1:colcon.colcon_core.package_identification:_identify(cartographer_ros/cartographer_ros_msgs) by extensions ['colcon_meta']
[0.192s] Level 1:colcon.colcon_core.package_identification:_identify(cartographer_ros/cartographer_ros_msgs) by extension 'colcon_meta'
[0.193s] Level 1:colcon.colcon_core.package_identification:_identify(cartographer_ros/cartographer_ros_msgs) by extensions ['ros']
[0.193s] Level 1:colcon.colcon_core.package_identification:_identify(cartographer_ros/cartographer_ros_msgs) by extension 'ros'
[0.194s] DEBUG:colcon.colcon_core.package_identification:Package 'cartographer_ros/cartographer_ros_msgs' with type 'ros.ament_cmake' and name 'cartographer_ros_msgs'
[0.194s] Level 1:colcon.colcon_core.package_identification:_identify(cartographer_ros/cartographer_rviz) by extensions ['ignore', 'ignore_ament_install']
[0.194s] Level 1:colcon.colcon_core.package_identification:_identify(cartographer_ros/cartographer_rviz) by extension 'ignore'
[0.194s] Level 1:colcon.colcon_core.package_identification:_identify(cartographer_ros/cartographer_rviz) ignored
[0.194s] Level 1:colcon.colcon_core.package_identification:_identify(cartographer_ros/docs) by extensions ['ignore', 'ignore_ament_install']
[0.194s] Level 1:colcon.colcon_core.package_identification:_identify(cartographer_ros/docs) by extension 'ignore'
[0.194s] Level 1:colcon.colcon_core.package_identification:_identify(cartographer_ros/docs) ignored
[0.194s] Level 1:colcon.colcon_core.package_identification:_identify(cartographer_ros/jenkins) by extensions ['ignore', 'ignore_ament_install']
[0.194s] Level 1:colcon.colcon_core.package_identification:_identify(cartographer_ros/jenkins) by extension 'ignore'
[0.194s] Level 1:colcon.colcon_core.package_identification:_identify(cartographer_ros/jenkins) by extension 'ignore_ament_install'
[0.194s] Level 1:colcon.colcon_core.package_identification:_identify(cartographer_ros/jenkins) by extensions ['colcon_pkg']
[0.194s] Level 1:colcon.colcon_core.package_identification:_identify(cartographer_ros/jenkins) by extension 'colcon_pkg'
[0.194s] Level 1:colcon.colcon_core.package_identification:_identify(cartographer_ros/jenkins) by extensions ['colcon_meta']
[0.194s] Level 1:colcon.colcon_core.package_identification:_identify(cartographer_ros/jenkins) by extension 'colcon_meta'
[0.194s] Level 1:colcon.colcon_core.package_identification:_identify(cartographer_ros/jenkins) by extensions ['ros']
[0.194s] Level 1:colcon.colcon_core.package_identification:_identify(cartographer_ros/jenkins) by extension 'ros'
[0.194s] Level 1:colcon.colcon_core.package_identification:_identify(cartographer_ros/jenkins) by extensions ['cmake', 'python']
[0.194s] Level 1:colcon.colcon_core.package_identification:_identify(cartographer_ros/jenkins) by extension 'cmake'
[0.194s] Level 1:colcon.colcon_core.package_identification:_identify(cartographer_ros/jenkins) by extension 'python'
[0.194s] Level 1:colcon.colcon_core.package_identification:_identify(cartographer_ros/jenkins) by extensions ['python_setup_py']
[0.194s] Level 1:colcon.colcon_core.package_identification:_identify(cartographer_ros/jenkins) by extension 'python_setup_py'
[0.194s] Level 1:colcon.colcon_core.package_identification:_identify(cartographer_ros/scripts) by extensions ['ignore', 'ignore_ament_install']
[0.194s] Level 1:colcon.colcon_core.package_identification:_identify(cartographer_ros/scripts) by extension 'ignore'
[0.195s] Level 1:colcon.colcon_core.package_identification:_identify(cartographer_ros/scripts) by extension 'ignore_ament_install'
[0.195s] Level 1:colcon.colcon_core.package_identification:_identify(cartographer_ros/scripts) by extensions ['colcon_pkg']
[0.195s] Level 1:colcon.colcon_core.package_identification:_identify(cartographer_ros/scripts) by extension 'colcon_pkg'
[0.195s] Level 1:colcon.colcon_core.package_identification:_identify(cartographer_ros/scripts) by extensions ['colcon_meta']
[0.195s] Level 1:colcon.colcon_core.package_identification:_identify(cartographer_ros/scripts) by extension 'colcon_meta'
[0.195s] Level 1:colcon.colcon_core.package_identification:_identify(cartographer_ros/scripts) by extensions ['ros']
[0.195s] Level 1:colcon.colcon_core.package_identification:_identify(cartographer_ros/scripts) by extension 'ros'
[0.195s] Level 1:colcon.colcon_core.package_identification:_identify(cartographer_ros/scripts) by extensions ['cmake', 'python']
[0.195s] Level 1:colcon.colcon_core.package_identification:_identify(cartographer_ros/scripts) by extension 'cmake'
[0.195s] Level 1:colcon.colcon_core.package_identification:_identify(cartographer_ros/scripts) by extension 'python'
[0.195s] Level 1:colcon.colcon_core.package_identification:_identify(cartographer_ros/scripts) by extensions ['python_setup_py']
[0.195s] Level 1:colcon.colcon_core.package_identification:_identify(cartographer_ros/scripts) by extension 'python_setup_py'
[0.195s] Level 1:colcon.colcon_core.package_identification:_identify(install) by extensions ['ignore', 'ignore_ament_install']
[0.195s] Level 1:colcon.colcon_core.package_identification:_identify(install) by extension 'ignore'
[0.195s] Level 1:colcon.colcon_core.package_identification:_identify(install) ignored
[0.195s] Level 1:colcon.colcon_core.package_identification:_identify(log) by extensions ['ignore', 'ignore_ament_install']
[0.195s] Level 1:colcon.colcon_core.package_identification:_identify(log) by extension 'ignore'
[0.195s] Level 1:colcon.colcon_core.package_identification:_identify(log) ignored
[0.195s] Level 1:colcon.colcon_core.package_discovery:discover_packages(recursive) using defaults
[0.195s] Level 1:colcon.colcon_core.package_discovery:discover_packages(ignore) discover
[0.195s] Level 1:colcon.colcon_core.package_discovery:discover_packages(ignore) using defaults
[0.195s] Level 1:colcon.colcon_core.package_discovery:discover_packages(path) discover
[0.195s] Level 1:colcon.colcon_core.package_discovery:discover_packages(path) using defaults
[0.213s] Level 1:colcon.colcon_core.package_discovery:discover_packages(prefix_path) check parameters
[0.213s] Level 1:colcon.colcon_core.package_discovery:discover_packages(prefix_path) discover
[0.231s] DEBUG:colcon.colcon_installed_package_information.package_discovery:Found 44 installed packages in /home/jc/turtlebot3/install
[0.232s] DEBUG:colcon.colcon_installed_package_information.package_discovery:Found 31 installed packages in /home/jc/nav2_ws/install
[0.234s] DEBUG:colcon.colcon_installed_package_information.package_discovery:Found 3 installed packages in /home/jc/carto_ws/install
[0.235s] DEBUG:colcon.colcon_installed_package_information.package_discovery:Found 22 installed packages in /home/jc/turtlebot4_ws/install
[0.236s] DEBUG:colcon.colcon_installed_package_information.package_discovery:Found 313 installed packages in /opt/ros/foxy
[0.238s] Level 1:colcon.colcon_core.package_discovery:discover_packages(prefix_path) using defaults
[0.472s] WARNING:colcon.colcon_core.package_selection:Some selected packages are already built in one or more underlay workspaces:
	'cartographer_ros' is in: /home/jc/carto_ws/install/cartographer_ros, /opt/ros/foxy
If a package in a merged underlay workspace is overridden and it installs headers, then all packages in the overlay must sort their include directories by workspace order. Failure to do so may result in build failures or undefined behavior at run time.
If the overridden package is used by another package in any underlay, then the overriding package in the overlay must be API and ABI compatible or undefined behavior at run time may occur.

If you understand the risks and want to override a package anyways, add the following to the command line:
	--allow-overriding cartographer_ros

This may be promoted to an error in a future release of colcon-override-check.
[0.474s] Level 5:colcon.colcon_core.verb:set package 'cartographer' build argument 'cmake_args' from command line to 'None'
[0.474s] Level 5:colcon.colcon_core.verb:set package 'cartographer' build argument 'cmake_target' from command line to 'None'
[0.474s] Level 5:colcon.colcon_core.verb:set package 'cartographer' build argument 'cmake_target_skip_unavailable' from command line to 'False'
[0.474s] Level 5:colcon.colcon_core.verb:set package 'cartographer' build argument 'cmake_clean_cache' from command line to 'False'
[0.474s] Level 5:colcon.colcon_core.verb:set package 'cartographer' build argument 'cmake_clean_first' from command line to 'False'
[0.474s] Level 5:colcon.colcon_core.verb:set package 'cartographer' build argument 'cmake_force_configure' from command line to 'False'
[0.474s] Level 5:colcon.colcon_core.verb:set package 'cartographer' build argument 'ament_cmake_args' from command line to 'None'
[0.474s] Level 5:colcon.colcon_core.verb:set package 'cartographer' build argument 'catkin_cmake_args' from command line to 'None'
[0.474s] Level 5:colcon.colcon_core.verb:set package 'cartographer' build argument 'catkin_skip_building_tests' from command line to 'False'
[0.474s] DEBUG:colcon.colcon_core.verb:Building package 'cartographer' with the following arguments: {'ament_cmake_args': None, 'build_base': '/home/jc/carto_ws/src/build/cartographer', 'catkin_cmake_args': None, 'catkin_skip_building_tests': False, 'cmake_args': None, 'cmake_clean_cache': False, 'cmake_clean_first': False, 'cmake_force_configure': False, 'cmake_target': None, 'cmake_target_skip_unavailable': False, 'install_base': '/home/jc/carto_ws/src/install/cartographer', 'merge_install': False, 'path': '/home/jc/carto_ws/src/cartographer', 'symlink_install': False, 'test_result_base': None}
[0.475s] Level 5:colcon.colcon_core.verb:set package 'cartographer_ros_msgs' build argument 'cmake_args' from command line to 'None'
[0.475s] Level 5:colcon.colcon_core.verb:set package 'cartographer_ros_msgs' build argument 'cmake_target' from command line to 'None'
[0.475s] Level 5:colcon.colcon_core.verb:set package 'cartographer_ros_msgs' build argument 'cmake_target_skip_unavailable' from command line to 'False'
[0.475s] Level 5:colcon.colcon_core.verb:set package 'cartographer_ros_msgs' build argument 'cmake_clean_cache' from command line to 'False'
[0.475s] Level 5:colcon.colcon_core.verb:set package 'cartographer_ros_msgs' build argument 'cmake_clean_first' from command line to 'False'
[0.475s] Level 5:colcon.colcon_core.verb:set package 'cartographer_ros_msgs' build argument 'cmake_force_configure' from command line to 'False'
[0.475s] Level 5:colcon.colcon_core.verb:set package 'cartographer_ros_msgs' build argument 'ament_cmake_args' from command line to 'None'
[0.475s] Level 5:colcon.colcon_core.verb:set package 'cartographer_ros_msgs' build argument 'catkin_cmake_args' from command line to 'None'
[0.475s] Level 5:colcon.colcon_core.verb:set package 'cartographer_ros_msgs' build argument 'catkin_skip_building_tests' from command line to 'False'
[0.475s] DEBUG:colcon.colcon_core.verb:Building package 'cartographer_ros_msgs' with the following arguments: {'ament_cmake_args': None, 'build_base': '/home/jc/carto_ws/src/build/cartographer_ros_msgs', 'catkin_cmake_args': None, 'catkin_skip_building_tests': False, 'cmake_args': None, 'cmake_clean_cache': False, 'cmake_clean_first': False, 'cmake_force_configure': False, 'cmake_target': None, 'cmake_target_skip_unavailable': False, 'install_base': '/home/jc/carto_ws/src/install/cartographer_ros_msgs', 'merge_install': False, 'path': '/home/jc/carto_ws/src/cartographer_ros/cartographer_ros_msgs', 'symlink_install': False, 'test_result_base': None}
[0.476s] Level 5:colcon.colcon_core.verb:set package 'cartographer_ros' build argument 'cmake_args' from command line to 'None'
[0.476s] Level 5:colcon.colcon_core.verb:set package 'cartographer_ros' build argument 'cmake_target' from command line to 'None'
[0.476s] Level 5:colcon.colcon_core.verb:set package 'cartographer_ros' build argument 'cmake_target_skip_unavailable' from command line to 'False'
[0.476s] Level 5:colcon.colcon_core.verb:set package 'cartographer_ros' build argument 'cmake_clean_cache' from command line to 'False'
[0.476s] Level 5:colcon.colcon_core.verb:set package 'cartographer_ros' build argument 'cmake_clean_first' from command line to 'False'
[0.476s] Level 5:colcon.colcon_core.verb:set package 'cartographer_ros' build argument 'cmake_force_configure' from command line to 'False'
[0.476s] Level 5:colcon.colcon_core.verb:set package 'cartographer_ros' build argument 'ament_cmake_args' from command line to 'None'
[0.476s] Level 5:colcon.colcon_core.verb:set package 'cartographer_ros' build argument 'catkin_cmake_args' from command line to 'None'
[0.476s] Level 5:colcon.colcon_core.verb:set package 'cartographer_ros' build argument 'catkin_skip_building_tests' from command line to 'False'
[0.476s] DEBUG:colcon.colcon_core.verb:Building package 'cartographer_ros' with the following arguments: {'ament_cmake_args': None, 'build_base': '/home/jc/carto_ws/src/build/cartographer_ros', 'catkin_cmake_args': None, 'catkin_skip_building_tests': False, 'cmake_args': None, 'cmake_clean_cache': False, 'cmake_clean_first': False, 'cmake_force_configure': False, 'cmake_target': None, 'cmake_target_skip_unavailable': False, 'install_base': '/home/jc/carto_ws/src/install/cartographer_ros', 'merge_install': False, 'path': '/home/jc/carto_ws/src/cartographer_ros/cartographer_ros', 'symlink_install': False, 'test_result_base': None}
[0.477s] INFO:colcon.colcon_core.executor:Executing jobs using 'parallel' executor
[0.480s] DEBUG:colcon.colcon_parallel_executor.executor.parallel:run_until_complete
[0.480s] INFO:colcon.colcon_ros.task.cmake.build:Building ROS package in '/home/jc/carto_ws/src/cartographer' with build type 'cmake'
[0.480s] INFO:colcon.colcon_cmake.task.cmake.build:Building CMake package in '/home/jc/carto_ws/src/cartographer'
[0.490s] INFO:colcon.colcon_core.plugin_system:Skipping extension 'colcon_core.shell.bat': Not used on non-Windows systems
[0.490s] INFO:colcon.colcon_core.shell:Skip shell extension 'powershell' for command environment: Not usable outside of PowerShell
[0.490s] DEBUG:colcon.colcon_core.shell:Skip shell extension 'dsv' for command environment
[0.500s] INFO:colcon.colcon_ros.task.ament_cmake.build:Building ROS package in '/home/jc/carto_ws/src/cartographer_ros/cartographer_ros_msgs' with build type 'ament_cmake'
[0.501s] INFO:colcon.colcon_cmake.task.cmake.build:Building CMake package in '/home/jc/carto_ws/src/cartographer_ros/cartographer_ros_msgs'
[0.502s] INFO:colcon.colcon_core.shell:Skip shell extension 'powershell' for command environment: Not usable outside of PowerShell
[0.502s] DEBUG:colcon.colcon_core.shell:Skip shell extension 'dsv' for command environment
[0.516s] DEBUG:colcon.colcon_core.event_handler.log_command:Invoking command in '/home/jc/carto_ws/src/build/cartographer': CMAKE_PREFIX_PATH=${CMAKE_PREFIX_PATH}:/home/jc/turtlebot3/install/turtlebot3_teleop:/home/jc/turtlebot3/install/turtlebot3_example:/home/jc/turtlebot3/install/nav2_gazebo_spawner:/home/jc/nav2_ws/install/nav2_gazebo_spawner:/opt/ros/foxy:/home/jc/turtlebot4_ws/install/turtlebot4_tests:/home/jc/turtlebot4_ws/install/turtlebot4_diagnostics /usr/bin/cmake /home/jc/carto_ws/src/cartographer -DCMAKE_INSTALL_PREFIX=/home/jc/carto_ws/src/install/cartographer
[0.527s] DEBUG:colcon.colcon_core.event_handler.log_command:Invoking command in '/home/jc/carto_ws/src/build/cartographer_ros_msgs': CMAKE_PREFIX_PATH=${CMAKE_PREFIX_PATH}:/home/jc/turtlebot3/install/turtlebot3_teleop:/home/jc/turtlebot3/install/turtlebot3_example:/home/jc/turtlebot3/install/nav2_gazebo_spawner:/home/jc/nav2_ws/install/nav2_gazebo_spawner:/opt/ros/foxy:/home/jc/turtlebot4_ws/install/turtlebot4_tests:/home/jc/turtlebot4_ws/install/turtlebot4_diagnostics /usr/bin/cmake /home/jc/carto_ws/src/cartographer_ros/cartographer_ros_msgs -DCMAKE_INSTALL_PREFIX=/home/jc/carto_ws/src/install/cartographer_ros_msgs
[2.168s] DEBUG:colcon.colcon_core.event_handler.log_command:Invoked command in '/home/jc/carto_ws/src/build/cartographer' returned '0': CMAKE_PREFIX_PATH=${CMAKE_PREFIX_PATH}:/home/jc/turtlebot3/install/turtlebot3_teleop:/home/jc/turtlebot3/install/turtlebot3_example:/home/jc/turtlebot3/install/nav2_gazebo_spawner:/home/jc/nav2_ws/install/nav2_gazebo_spawner:/opt/ros/foxy:/home/jc/turtlebot4_ws/install/turtlebot4_tests:/home/jc/turtlebot4_ws/install/turtlebot4_diagnostics /usr/bin/cmake /home/jc/carto_ws/src/cartographer -DCMAKE_INSTALL_PREFIX=/home/jc/carto_ws/src/install/cartographer
[2.171s] DEBUG:colcon.colcon_core.event_handler.log_command:Invoking command in '/home/jc/carto_ws/src/build/cartographer': CMAKE_PREFIX_PATH=${CMAKE_PREFIX_PATH}:/home/jc/turtlebot3/install/turtlebot3_teleop:/home/jc/turtlebot3/install/turtlebot3_example:/home/jc/turtlebot3/install/nav2_gazebo_spawner:/home/jc/nav2_ws/install/nav2_gazebo_spawner:/opt/ros/foxy:/home/jc/turtlebot4_ws/install/turtlebot4_tests:/home/jc/turtlebot4_ws/install/turtlebot4_diagnostics /usr/bin/cmake --build /home/jc/carto_ws/src/build/cartographer -- -j16 -l16
[5.174s] DEBUG:colcon.colcon_core.event_handler.log_command:Invoked command in '/home/jc/carto_ws/src/build/cartographer_ros_msgs' returned '0': CMAKE_PREFIX_PATH=${CMAKE_PREFIX_PATH}:/home/jc/turtlebot3/install/turtlebot3_teleop:/home/jc/turtlebot3/install/turtlebot3_example:/home/jc/turtlebot3/install/nav2_gazebo_spawner:/home/jc/nav2_ws/install/nav2_gazebo_spawner:/opt/ros/foxy:/home/jc/turtlebot4_ws/install/turtlebot4_tests:/home/jc/turtlebot4_ws/install/turtlebot4_diagnostics /usr/bin/cmake /home/jc/carto_ws/src/cartographer_ros/cartographer_ros_msgs -DCMAKE_INSTALL_PREFIX=/home/jc/carto_ws/src/install/cartographer_ros_msgs
[5.178s] DEBUG:colcon.colcon_core.event_handler.log_command:Invoking command in '/home/jc/carto_ws/src/build/cartographer_ros_msgs': CMAKE_PREFIX_PATH=${CMAKE_PREFIX_PATH}:/home/jc/turtlebot3/install/turtlebot3_teleop:/home/jc/turtlebot3/install/turtlebot3_example:/home/jc/turtlebot3/install/nav2_gazebo_spawner:/home/jc/nav2_ws/install/nav2_gazebo_spawner:/opt/ros/foxy:/home/jc/turtlebot4_ws/install/turtlebot4_tests:/home/jc/turtlebot4_ws/install/turtlebot4_diagnostics /usr/bin/cmake --build /home/jc/carto_ws/src/build/cartographer_ros_msgs -- -j16 -l16
[54.761s] DEBUG:colcon.colcon_core.event_handler.log_command:Invoked command in '/home/jc/carto_ws/src/build/cartographer_ros_msgs' returned '0': CMAKE_PREFIX_PATH=${CMAKE_PREFIX_PATH}:/home/jc/turtlebot3/install/turtlebot3_teleop:/home/jc/turtlebot3/install/turtlebot3_example:/home/jc/turtlebot3/install/nav2_gazebo_spawner:/home/jc/nav2_ws/install/nav2_gazebo_spawner:/opt/ros/foxy:/home/jc/turtlebot4_ws/install/turtlebot4_tests:/home/jc/turtlebot4_ws/install/turtlebot4_diagnostics /usr/bin/cmake --build /home/jc/carto_ws/src/build/cartographer_ros_msgs -- -j16 -l16
[66.396s] DEBUG:colcon.colcon_core.event_handler.log_command:Invoking command in '/home/jc/carto_ws/src/build/cartographer_ros_msgs': CMAKE_PREFIX_PATH=${CMAKE_PREFIX_PATH}:/home/jc/turtlebot3/install/turtlebot3_teleop:/home/jc/turtlebot3/install/turtlebot3_example:/home/jc/turtlebot3/install/nav2_gazebo_spawner:/home/jc/nav2_ws/install/nav2_gazebo_spawner:/opt/ros/foxy:/home/jc/turtlebot4_ws/install/turtlebot4_tests:/home/jc/turtlebot4_ws/install/turtlebot4_diagnostics /usr/bin/cmake --install /home/jc/carto_ws/src/build/cartographer_ros_msgs
[66.875s] Level 1:colcon.colcon_core.environment:create_environment_scripts_only(cartographer_ros_msgs)
[66.957s] DEBUG:colcon.colcon_core.event_handler.log_command:Invoked command in '/home/jc/carto_ws/src/build/cartographer_ros_msgs' returned '0': CMAKE_PREFIX_PATH=${CMAKE_PREFIX_PATH}:/home/jc/turtlebot3/install/turtlebot3_teleop:/home/jc/turtlebot3/install/turtlebot3_example:/home/jc/turtlebot3/install/nav2_gazebo_spawner:/home/jc/nav2_ws/install/nav2_gazebo_spawner:/opt/ros/foxy:/home/jc/turtlebot4_ws/install/turtlebot4_tests:/home/jc/turtlebot4_ws/install/turtlebot4_diagnostics /usr/bin/cmake --install /home/jc/carto_ws/src/build/cartographer_ros_msgs
[67.014s] Level 1:colcon.colcon_core.environment:checking '/home/jc/carto_ws/src/install/cartographer_ros_msgs' for CMake module files
[67.015s] Level 1:colcon.colcon_core.environment:checking '/home/jc/carto_ws/src/install/cartographer_ros_msgs' for CMake config files
[67.015s] Level 1:colcon.colcon_core.shell:create_environment_hook('cartographer_ros_msgs', 'cmake_prefix_path')
[67.017s] INFO:colcon.colcon_core.shell:Creating environment hook '/home/jc/carto_ws/src/install/cartographer_ros_msgs/share/cartographer_ros_msgs/hook/cmake_prefix_path.ps1'
[67.020s] INFO:colcon.colcon_core.shell:Creating environment descriptor '/home/jc/carto_ws/src/install/cartographer_ros_msgs/share/cartographer_ros_msgs/hook/cmake_prefix_path.dsv'
[67.022s] INFO:colcon.colcon_core.shell:Creating environment hook '/home/jc/carto_ws/src/install/cartographer_ros_msgs/share/cartographer_ros_msgs/hook/cmake_prefix_path.sh'
[67.030s] Level 1:colcon.colcon_core.environment:checking '/home/jc/carto_ws/src/install/cartographer_ros_msgs/lib'
[67.030s] Level 1:colcon.colcon_core.shell:create_environment_hook('cartographer_ros_msgs', 'ld_library_path_lib')
[67.032s] INFO:colcon.colcon_core.shell:Creating environment hook '/home/jc/carto_ws/src/install/cartographer_ros_msgs/share/cartographer_ros_msgs/hook/ld_library_path_lib.ps1'
[67.033s] INFO:colcon.colcon_core.shell:Creating environment descriptor '/home/jc/carto_ws/src/install/cartographer_ros_msgs/share/cartographer_ros_msgs/hook/ld_library_path_lib.dsv'
[67.033s] INFO:colcon.colcon_core.shell:Creating environment hook '/home/jc/carto_ws/src/install/cartographer_ros_msgs/share/cartographer_ros_msgs/hook/ld_library_path_lib.sh'
[67.033s] Level 1:colcon.colcon_core.environment:checking '/home/jc/carto_ws/src/install/cartographer_ros_msgs/bin'
[67.034s] Level 1:colcon.colcon_core.environment:checking '/home/jc/carto_ws/src/install/cartographer_ros_msgs/lib/pkgconfig/cartographer_ros_msgs.pc'
[67.034s] Level 1:colcon.colcon_core.environment:checking '/home/jc/carto_ws/src/install/cartographer_ros_msgs/lib/python3.8/site-packages'
[67.034s] Level 1:colcon.colcon_core.shell:create_environment_hook('cartographer_ros_msgs', 'pythonpath')
[67.036s] INFO:colcon.colcon_core.shell:Creating environment hook '/home/jc/carto_ws/src/install/cartographer_ros_msgs/share/cartographer_ros_msgs/hook/pythonpath.ps1'
[67.037s] INFO:colcon.colcon_core.shell:Creating environment descriptor '/home/jc/carto_ws/src/install/cartographer_ros_msgs/share/cartographer_ros_msgs/hook/pythonpath.dsv'
[67.037s] INFO:colcon.colcon_core.shell:Creating environment hook '/home/jc/carto_ws/src/install/cartographer_ros_msgs/share/cartographer_ros_msgs/hook/pythonpath.sh'
[67.038s] Level 1:colcon.colcon_core.environment:checking '/home/jc/carto_ws/src/install/cartographer_ros_msgs/bin'
[67.040s] INFO:colcon.colcon_core.shell:Creating package script '/home/jc/carto_ws/src/install/cartographer_ros_msgs/share/cartographer_ros_msgs/package.ps1'
[67.115s] INFO:colcon.colcon_core.shell:Creating package descriptor '/home/jc/carto_ws/src/install/cartographer_ros_msgs/share/cartographer_ros_msgs/package.dsv'
[67.118s] INFO:colcon.colcon_core.shell:Creating package script '/home/jc/carto_ws/src/install/cartographer_ros_msgs/share/cartographer_ros_msgs/package.sh'
[67.123s] INFO:colcon.colcon_core.shell:Creating package script '/home/jc/carto_ws/src/install/cartographer_ros_msgs/share/cartographer_ros_msgs/package.bash'
[67.125s] INFO:colcon.colcon_core.shell:Creating package script '/home/jc/carto_ws/src/install/cartographer_ros_msgs/share/cartographer_ros_msgs/package.zsh'
[67.127s] Level 1:colcon.colcon_core.environment:create_file_with_runtime_dependencies(/home/jc/carto_ws/src/install/cartographer_ros_msgs/share/colcon-core/packages/cartographer_ros_msgs)
[73.218s] Level 1:colcon.colcon_core.environment:create_environment_scripts_only(cartographer_ros_msgs)
[73.220s] Level 1:colcon.colcon_core.environment:checking '/home/jc/carto_ws/src/install/cartographer_ros_msgs' for CMake module files
[73.221s] Level 1:colcon.colcon_core.environment:checking '/home/jc/carto_ws/src/install/cartographer_ros_msgs' for CMake config files
[73.222s] Level 1:colcon.colcon_core.shell:create_environment_hook('cartographer_ros_msgs', 'cmake_prefix_path')
[73.223s] INFO:colcon.colcon_core.shell:Creating environment hook '/home/jc/carto_ws/src/install/cartographer_ros_msgs/share/cartographer_ros_msgs/hook/cmake_prefix_path.ps1'
[73.224s] INFO:colcon.colcon_core.shell:Creating environment descriptor '/home/jc/carto_ws/src/install/cartographer_ros_msgs/share/cartographer_ros_msgs/hook/cmake_prefix_path.dsv'
[73.224s] INFO:colcon.colcon_core.shell:Creating environment hook '/home/jc/carto_ws/src/install/cartographer_ros_msgs/share/cartographer_ros_msgs/hook/cmake_prefix_path.sh'
[73.225s] Level 1:colcon.colcon_core.environment:checking '/home/jc/carto_ws/src/install/cartographer_ros_msgs/lib'
[73.225s] Level 1:colcon.colcon_core.shell:create_environment_hook('cartographer_ros_msgs', 'ld_library_path_lib')
[73.227s] INFO:colcon.colcon_core.shell:Creating environment hook '/home/jc/carto_ws/src/install/cartographer_ros_msgs/share/cartographer_ros_msgs/hook/ld_library_path_lib.ps1'
[73.227s] INFO:colcon.colcon_core.shell:Creating environment descriptor '/home/jc/carto_ws/src/install/cartographer_ros_msgs/share/cartographer_ros_msgs/hook/ld_library_path_lib.dsv'
[73.228s] INFO:colcon.colcon_core.shell:Creating environment hook '/home/jc/carto_ws/src/install/cartographer_ros_msgs/share/cartographer_ros_msgs/hook/ld_library_path_lib.sh'
[73.229s] Level 1:colcon.colcon_core.environment:checking '/home/jc/carto_ws/src/install/cartographer_ros_msgs/bin'
[73.229s] Level 1:colcon.colcon_core.environment:checking '/home/jc/carto_ws/src/install/cartographer_ros_msgs/lib/pkgconfig/cartographer_ros_msgs.pc'
[73.229s] Level 1:colcon.colcon_core.environment:checking '/home/jc/carto_ws/src/install/cartographer_ros_msgs/lib/python3.8/site-packages'
[73.229s] Level 1:colcon.colcon_core.shell:create_environment_hook('cartographer_ros_msgs', 'pythonpath')
[73.231s] INFO:colcon.colcon_core.shell:Creating environment hook '/home/jc/carto_ws/src/install/cartographer_ros_msgs/share/cartographer_ros_msgs/hook/pythonpath.ps1'
[73.232s] INFO:colcon.colcon_core.shell:Creating environment descriptor '/home/jc/carto_ws/src/install/cartographer_ros_msgs/share/cartographer_ros_msgs/hook/pythonpath.dsv'
[73.238s] INFO:colcon.colcon_core.shell:Creating environment hook '/home/jc/carto_ws/src/install/cartographer_ros_msgs/share/cartographer_ros_msgs/hook/pythonpath.sh'
[73.239s] Level 1:colcon.colcon_core.environment:checking '/home/jc/carto_ws/src/install/cartographer_ros_msgs/bin'
[73.242s] INFO:colcon.colcon_core.shell:Creating package script '/home/jc/carto_ws/src/install/cartographer_ros_msgs/share/cartographer_ros_msgs/package.ps1'
[73.243s] INFO:colcon.colcon_core.shell:Creating package descriptor '/home/jc/carto_ws/src/install/cartographer_ros_msgs/share/cartographer_ros_msgs/package.dsv'
[73.244s] INFO:colcon.colcon_core.shell:Creating package script '/home/jc/carto_ws/src/install/cartographer_ros_msgs/share/cartographer_ros_msgs/package.sh'
[73.244s] INFO:colcon.colcon_core.shell:Creating package script '/home/jc/carto_ws/src/install/cartographer_ros_msgs/share/cartographer_ros_msgs/package.bash'
[73.245s] INFO:colcon.colcon_core.shell:Creating package script '/home/jc/carto_ws/src/install/cartographer_ros_msgs/share/cartographer_ros_msgs/package.zsh'
[73.246s] Level 1:colcon.colcon_core.environment:create_file_with_runtime_dependencies(/home/jc/carto_ws/src/install/cartographer_ros_msgs/share/colcon-core/packages/cartographer_ros_msgs)
[190.726s] DEBUG:colcon.colcon_core.event_handler.log_command:Invoked command in '/home/jc/carto_ws/src/build/cartographer' returned '0': CMAKE_PREFIX_PATH=${CMAKE_PREFIX_PATH}:/home/jc/turtlebot3/install/turtlebot3_teleop:/home/jc/turtlebot3/install/turtlebot3_example:/home/jc/turtlebot3/install/nav2_gazebo_spawner:/home/jc/nav2_ws/install/nav2_gazebo_spawner:/opt/ros/foxy:/home/jc/turtlebot4_ws/install/turtlebot4_tests:/home/jc/turtlebot4_ws/install/turtlebot4_diagnostics /usr/bin/cmake --build /home/jc/carto_ws/src/build/cartographer -- -j16 -l16
[191.810s] DEBUG:colcon.colcon_core.event_handler.log_command:Invoking command in '/home/jc/carto_ws/src/build/cartographer': CMAKE_PREFIX_PATH=${CMAKE_PREFIX_PATH}:/home/jc/turtlebot3/install/turtlebot3_teleop:/home/jc/turtlebot3/install/turtlebot3_example:/home/jc/turtlebot3/install/nav2_gazebo_spawner:/home/jc/nav2_ws/install/nav2_gazebo_spawner:/opt/ros/foxy:/home/jc/turtlebot4_ws/install/turtlebot4_tests:/home/jc/turtlebot4_ws/install/turtlebot4_diagnostics /usr/bin/cmake --install /home/jc/carto_ws/src/build/cartographer
[191.855s] DEBUG:colcon.colcon_core.event_handler.log_command:Invoked command in '/home/jc/carto_ws/src/build/cartographer' returned '0': CMAKE_PREFIX_PATH=${CMAKE_PREFIX_PATH}:/home/jc/turtlebot3/install/turtlebot3_teleop:/home/jc/turtlebot3/install/turtlebot3_example:/home/jc/turtlebot3/install/nav2_gazebo_spawner:/home/jc/nav2_ws/install/nav2_gazebo_spawner:/opt/ros/foxy:/home/jc/turtlebot4_ws/install/turtlebot4_tests:/home/jc/turtlebot4_ws/install/turtlebot4_diagnostics /usr/bin/cmake --install /home/jc/carto_ws/src/build/cartographer
[192.967s] Level 1:colcon.colcon_core.shell:create_environment_hook('cartographer', 'pkg_config_path')
[192.968s] INFO:colcon.colcon_core.shell:Creating environment hook '/home/jc/carto_ws/src/install/cartographer/share/cartographer/hook/pkg_config_path.ps1'
[192.969s] INFO:colcon.colcon_core.shell:Creating environment descriptor '/home/jc/carto_ws/src/install/cartographer/share/cartographer/hook/pkg_config_path.dsv'
[192.969s] INFO:colcon.colcon_core.shell:Creating environment hook '/home/jc/carto_ws/src/install/cartographer/share/cartographer/hook/pkg_config_path.sh'
[192.972s] Level 1:colcon.colcon_core.shell:create_environment_hook('cartographer', 'pkg_config_path_multiarch')
[192.973s] INFO:colcon.colcon_core.shell:Creating environment hook '/home/jc/carto_ws/src/install/cartographer/share/cartographer/hook/pkg_config_path_multiarch.ps1'
[192.974s] INFO:colcon.colcon_core.shell:Creating environment descriptor '/home/jc/carto_ws/src/install/cartographer/share/cartographer/hook/pkg_config_path_multiarch.dsv'
[192.974s] INFO:colcon.colcon_core.shell:Creating environment hook '/home/jc/carto_ws/src/install/cartographer/share/cartographer/hook/pkg_config_path_multiarch.sh'
[192.974s] Level 1:colcon.colcon_core.environment:create_environment_scripts_only(cartographer)
[192.976s] Level 1:colcon.colcon_core.environment:checking '/home/jc/carto_ws/src/install/cartographer' for CMake module files
[192.976s] Level 1:colcon.colcon_core.environment:checking '/home/jc/carto_ws/src/install/cartographer' for CMake config files
[192.976s] Level 1:colcon.colcon_core.shell:create_environment_hook('cartographer', 'cmake_prefix_path')
[192.977s] INFO:colcon.colcon_core.shell:Creating environment hook '/home/jc/carto_ws/src/install/cartographer/share/cartographer/hook/cmake_prefix_path.ps1'
[192.977s] INFO:colcon.colcon_core.shell:Creating environment descriptor '/home/jc/carto_ws/src/install/cartographer/share/cartographer/hook/cmake_prefix_path.dsv'
[192.977s] INFO:colcon.colcon_core.shell:Creating environment hook '/home/jc/carto_ws/src/install/cartographer/share/cartographer/hook/cmake_prefix_path.sh'
[192.978s] Level 1:colcon.colcon_core.environment:checking '/home/jc/carto_ws/src/install/cartographer/lib'
[192.978s] Level 1:colcon.colcon_core.environment:checking '/home/jc/carto_ws/src/install/cartographer/bin'
[192.978s] Level 1:colcon.colcon_core.shell:create_environment_hook('cartographer', 'path')
[192.978s] INFO:colcon.colcon_core.shell:Creating environment hook '/home/jc/carto_ws/src/install/cartographer/share/cartographer/hook/path.ps1'
[192.979s] INFO:colcon.colcon_core.shell:Creating environment descriptor '/home/jc/carto_ws/src/install/cartographer/share/cartographer/hook/path.dsv'
[192.979s] INFO:colcon.colcon_core.shell:Creating environment hook '/home/jc/carto_ws/src/install/cartographer/share/cartographer/hook/path.sh'
[192.979s] Level 1:colcon.colcon_core.environment:checking '/home/jc/carto_ws/src/install/cartographer/lib/pkgconfig/cartographer.pc'
[192.979s] Level 1:colcon.colcon_core.environment:checking '/home/jc/carto_ws/src/install/cartographer/lib/python3.8/site-packages'
[192.979s] Level 1:colcon.colcon_core.environment:checking '/home/jc/carto_ws/src/install/cartographer/bin'
[192.979s] Level 1:colcon.colcon_core.shell:create_environment_hook('cartographer', 'pythonscriptspath')
[192.980s] INFO:colcon.colcon_core.shell:Creating environment hook '/home/jc/carto_ws/src/install/cartographer/share/cartographer/hook/pythonscriptspath.ps1'
[192.980s] INFO:colcon.colcon_core.shell:Creating environment descriptor '/home/jc/carto_ws/src/install/cartographer/share/cartographer/hook/pythonscriptspath.dsv'
[192.980s] INFO:colcon.colcon_core.shell:Creating environment hook '/home/jc/carto_ws/src/install/cartographer/share/cartographer/hook/pythonscriptspath.sh'
[192.982s] INFO:colcon.colcon_core.shell:Creating package script '/home/jc/carto_ws/src/install/cartographer/share/cartographer/package.ps1'
[192.985s] INFO:colcon.colcon_core.shell:Creating package descriptor '/home/jc/carto_ws/src/install/cartographer/share/cartographer/package.dsv'
[192.986s] INFO:colcon.colcon_core.shell:Creating package script '/home/jc/carto_ws/src/install/cartographer/share/cartographer/package.sh'
[192.987s] INFO:colcon.colcon_core.shell:Creating package script '/home/jc/carto_ws/src/install/cartographer/share/cartographer/package.bash'
[192.987s] INFO:colcon.colcon_core.shell:Creating package script '/home/jc/carto_ws/src/install/cartographer/share/cartographer/package.zsh'
[192.987s] Level 1:colcon.colcon_core.environment:create_file_with_runtime_dependencies(/home/jc/carto_ws/src/install/cartographer/share/colcon-core/packages/cartographer)
[192.987s] INFO:colcon.colcon_ros.task.ament_cmake.build:Building ROS package in '/home/jc/carto_ws/src/cartographer_ros/cartographer_ros' with build type 'ament_cmake'
[192.987s] INFO:colcon.colcon_cmake.task.cmake.build:Building CMake package in '/home/jc/carto_ws/src/cartographer_ros/cartographer_ros'
[192.989s] INFO:colcon.colcon_core.shell:Skip shell extension 'powershell' for command environment: Not usable outside of PowerShell
[192.989s] DEBUG:colcon.colcon_core.shell:Skip shell extension 'dsv' for command environment
[193.011s] DEBUG:colcon.colcon_core.event_handler.log_command:Invoking command in '/home/jc/carto_ws/src/build/cartographer_ros': AMENT_PREFIX_PATH=/home/jc/carto_ws/src/install/cartographer_ros_msgs:${AMENT_PREFIX_PATH} CMAKE_PREFIX_PATH=/home/jc/carto_ws/src/install/cartographer_ros_msgs:/home/jc/carto_ws/src/install/cartographer:/home/jc/turtlebot3/install/turtlebot3:/home/jc/turtlebot3/install/turtlebot3_simulations:/home/jc/turtlebot3/install/turtlebot3_bringup:/home/jc/turtlebot3/install/turtlebot3_node:/home/jc/turtlebot3/install/turtlebot3_navigation2:/home/jc/turtlebot3/install/turtlebot3_fake_node:/home/jc/turtlebot3/install/turtlebot3_msgs:/home/jc/turtlebot3/install/turtlebot3_gazebo:/home/jc/turtlebot3/install/turtlebot3_description:/home/jc/turtlebot3/install/turtlebot3_cartographer:/home/jc/turtlebot3/install/test:/home/jc/turtlebot3/install/nav2_system_tests:/home/jc/turtlebot3/install/nav2_bringup:/home/jc/turtlebot3/install/navigation2:/home/jc/turtlebot3/install/smac_planner:/home/jc/turtlebot3/install/nav2_dwb_controller:/home/jc/turtlebot3/install/nav2_controller:/home/jc/turtlebot3/install/dwb_plugins:/home/jc/turtlebot3/install/dwb_critics:/home/jc/turtlebot3/install/dwb_core:/home/jc/turtlebot3/install/nav_2d_utils:/home/jc/turtlebot3/install/dwb_msgs:/home/jc/turtlebot3/install/nav_2d_msgs:/home/jc/turtlebot3/install/nav2_waypoint_follower:/home/jc/turtlebot3/install/nav2_regulated_pure_pursuit_controller:/home/jc/turtlebot3/install/nav2_recoveries:/home/jc/turtlebot3/install/nav2_planner:/home/jc/turtlebot3/install/nav2_navfn_planner:/home/jc/turtlebot3/install/nav2_core:/home/jc/turtlebot3/install/costmap_queue:/home/jc/turtlebot3/install/nav2_costmap_2d:/home/jc/turtlebot3/install/nav2_voxel_grid:/home/jc/turtlebot3/install/nav2_rviz_plugins:/home/jc/turtlebot3/install/nav2_map_server:/home/jc/turtlebot3/install/nav2_lifecycle_manager:/home/jc/turtlebot3/install/nav2_bt_navigator:/home/jc/turtlebot3/install/nav2_behavior_tree:/home/jc/turtlebot3/install/nav2_amcl:/home/jc/turtlebot3/install/nav2_util:/home/jc/turtlebot3/install/nav2_msgs:/home/jc/turtlebot3/install/nav2_common:/home/jc/nav2_ws/install/nav2_system_tests:/home/jc/nav2_ws/install/nav2_bringup:/home/jc/nav2_ws/install/navigation2:/home/jc/nav2_ws/install/smac_planner:/home/jc/nav2_ws/install/nav2_dwb_controller:/home/jc/nav2_ws/install/nav2_controller:/home/jc/nav2_ws/install/dwb_plugins:/home/jc/nav2_ws/install/dwb_critics:/home/jc/nav2_ws/install/dwb_core:/home/jc/nav2_ws/install/nav_2d_utils:/home/jc/nav2_ws/install/dwb_msgs:/home/jc/nav2_ws/install/nav_2d_msgs:/home/jc/nav2_ws/install/nav2_waypoint_follower:/home/jc/nav2_ws/install/nav2_regulated_pure_pursuit_controller:/home/jc/nav2_ws/install/nav2_recoveries:/home/jc/nav2_ws/install/nav2_planner:/home/jc/nav2_ws/install/nav2_navfn_planner:/home/jc/nav2_ws/install/nav2_core:/home/jc/nav2_ws/install/costmap_queue:/home/jc/nav2_ws/install/nav2_costmap_2d:/home/jc/nav2_ws/install/nav2_voxel_grid:/home/jc/nav2_ws/install/nav2_rviz_plugins:/home/jc/nav2_ws/install/nav2_map_server:/home/jc/nav2_ws/install/nav2_lifecycle_manager:/home/jc/nav2_ws/install/nav2_bt_navigator:/home/jc/nav2_ws/install/nav2_behavior_tree:/home/jc/nav2_ws/install/nav2_amcl:/home/jc/nav2_ws/install/nav2_util:/home/jc/nav2_ws/install/nav2_msgs:/home/jc/nav2_ws/install/nav2_common:/home/jc/carto_ws/install/cartographer_ros:/home/jc/carto_ws/install/cartographer_ros_msgs:/home/jc/carto_ws/install/cartographer:/home/jc/turtlebot4_ws/install/turtlebot4_simulator:/home/jc/turtlebot4_ws/install/turtlebot4_ignition_bringup:/home/jc/turtlebot4_ws/install/turtlebot4_desktop:/home/jc/turtlebot4_ws/install/turtlebot4_viz:/home/jc/turtlebot4_ws/install/turtlebot4_robot:/home/jc/turtlebot4_ws/install/turtlebot4_bringup:/home/jc/turtlebot4_ws/install/turtlebot4_base:/home/jc/turtlebot4_ws/install/turtlebot4_node:/home/jc/turtlebot4_ws/install/turtlebot4_navigation:/home/jc/turtlebot4_ws/install/turtlebot4_ignition_toolbox:/home/jc/turtlebot4_ws/install/turtlebot4_msgs:/home/jc/turtlebot4_ws/install/turtlebot4_ignition_gui_plugins:/home/jc/turtlebot4_ws/install/turtlebot4_description:/home/jc/turtlebot4_ws/install/irobot_create_toolbox:/home/jc/turtlebot4_ws/install/irobot_create_msgs:/home/jc/turtlebot4_ws/install/irobot_create_ignition_plugins:/home/jc/turtlebot4_ws/install/irobot_create_description:/home/jc/turtlebot4_ws/install/irobot_create_control:/home/jc/turtlebot3/install/turtlebot3_teleop:/home/jc/turtlebot3/install/turtlebot3_example:/home/jc/turtlebot3/install/nav2_gazebo_spawner:/home/jc/nav2_ws/install/nav2_gazebo_spawner:/opt/ros/foxy:/home/jc/turtlebot4_ws/install/turtlebot4_tests:/home/jc/turtlebot4_ws/install/turtlebot4_diagnostics LD_LIBRARY_PATH=/home/jc/carto_ws/src/install/cartographer_ros_msgs/lib:${LD_LIBRARY_PATH} PATH=/home/jc/carto_ws/src/install/cartographer/bin:${PATH} PKG_CONFIG_PATH=/home/jc/carto_ws/src/install/cartographer/lib/x86_64-linux-gnu/pkgconfig:/home/jc/carto_ws/src/install/cartographer/lib/pkgconfig:${PKG_CONFIG_PATH} PYTHONPATH=/home/jc/carto_ws/src/install/cartographer_ros_msgs/lib/python3.8/site-packages:${PYTHONPATH} /usr/bin/cmake /home/jc/carto_ws/src/cartographer_ros/cartographer_ros -DCMAKE_INSTALL_PREFIX=/home/jc/carto_ws/src/install/cartographer_ros
[196.065s] DEBUG:colcon.colcon_core.event_handler.log_command:Invoked command in '/home/jc/carto_ws/src/build/cartographer_ros' returned '0': AMENT_PREFIX_PATH=/home/jc/carto_ws/src/install/cartographer_ros_msgs:${AMENT_PREFIX_PATH} CMAKE_PREFIX_PATH=/home/jc/carto_ws/src/install/cartographer_ros_msgs:/home/jc/carto_ws/src/install/cartographer:/home/jc/turtlebot3/install/turtlebot3:/home/jc/turtlebot3/install/turtlebot3_simulations:/home/jc/turtlebot3/install/turtlebot3_bringup:/home/jc/turtlebot3/install/turtlebot3_node:/home/jc/turtlebot3/install/turtlebot3_navigation2:/home/jc/turtlebot3/install/turtlebot3_fake_node:/home/jc/turtlebot3/install/turtlebot3_msgs:/home/jc/turtlebot3/install/turtlebot3_gazebo:/home/jc/turtlebot3/install/turtlebot3_description:/home/jc/turtlebot3/install/turtlebot3_cartographer:/home/jc/turtlebot3/install/test:/home/jc/turtlebot3/install/nav2_system_tests:/home/jc/turtlebot3/install/nav2_bringup:/home/jc/turtlebot3/install/navigation2:/home/jc/turtlebot3/install/smac_planner:/home/jc/turtlebot3/install/nav2_dwb_controller:/home/jc/turtlebot3/install/nav2_controller:/home/jc/turtlebot3/install/dwb_plugins:/home/jc/turtlebot3/install/dwb_critics:/home/jc/turtlebot3/install/dwb_core:/home/jc/turtlebot3/install/nav_2d_utils:/home/jc/turtlebot3/install/dwb_msgs:/home/jc/turtlebot3/install/nav_2d_msgs:/home/jc/turtlebot3/install/nav2_waypoint_follower:/home/jc/turtlebot3/install/nav2_regulated_pure_pursuit_controller:/home/jc/turtlebot3/install/nav2_recoveries:/home/jc/turtlebot3/install/nav2_planner:/home/jc/turtlebot3/install/nav2_navfn_planner:/home/jc/turtlebot3/install/nav2_core:/home/jc/turtlebot3/install/costmap_queue:/home/jc/turtlebot3/install/nav2_costmap_2d:/home/jc/turtlebot3/install/nav2_voxel_grid:/home/jc/turtlebot3/install/nav2_rviz_plugins:/home/jc/turtlebot3/install/nav2_map_server:/home/jc/turtlebot3/install/nav2_lifecycle_manager:/home/jc/turtlebot3/install/nav2_bt_navigator:/home/jc/turtlebot3/install/nav2_behavior_tree:/home/jc/turtlebot3/install/nav2_amcl:/home/jc/turtlebot3/install/nav2_util:/home/jc/turtlebot3/install/nav2_msgs:/home/jc/turtlebot3/install/nav2_common:/home/jc/nav2_ws/install/nav2_system_tests:/home/jc/nav2_ws/install/nav2_bringup:/home/jc/nav2_ws/install/navigation2:/home/jc/nav2_ws/install/smac_planner:/home/jc/nav2_ws/install/nav2_dwb_controller:/home/jc/nav2_ws/install/nav2_controller:/home/jc/nav2_ws/install/dwb_plugins:/home/jc/nav2_ws/install/dwb_critics:/home/jc/nav2_ws/install/dwb_core:/home/jc/nav2_ws/install/nav_2d_utils:/home/jc/nav2_ws/install/dwb_msgs:/home/jc/nav2_ws/install/nav_2d_msgs:/home/jc/nav2_ws/install/nav2_waypoint_follower:/home/jc/nav2_ws/install/nav2_regulated_pure_pursuit_controller:/home/jc/nav2_ws/install/nav2_recoveries:/home/jc/nav2_ws/install/nav2_planner:/home/jc/nav2_ws/install/nav2_navfn_planner:/home/jc/nav2_ws/install/nav2_core:/home/jc/nav2_ws/install/costmap_queue:/home/jc/nav2_ws/install/nav2_costmap_2d:/home/jc/nav2_ws/install/nav2_voxel_grid:/home/jc/nav2_ws/install/nav2_rviz_plugins:/home/jc/nav2_ws/install/nav2_map_server:/home/jc/nav2_ws/install/nav2_lifecycle_manager:/home/jc/nav2_ws/install/nav2_bt_navigator:/home/jc/nav2_ws/install/nav2_behavior_tree:/home/jc/nav2_ws/install/nav2_amcl:/home/jc/nav2_ws/install/nav2_util:/home/jc/nav2_ws/install/nav2_msgs:/home/jc/nav2_ws/install/nav2_common:/home/jc/carto_ws/install/cartographer_ros:/home/jc/carto_ws/install/cartographer_ros_msgs:/home/jc/carto_ws/install/cartographer:/home/jc/turtlebot4_ws/install/turtlebot4_simulator:/home/jc/turtlebot4_ws/install/turtlebot4_ignition_bringup:/home/jc/turtlebot4_ws/install/turtlebot4_desktop:/home/jc/turtlebot4_ws/install/turtlebot4_viz:/home/jc/turtlebot4_ws/install/turtlebot4_robot:/home/jc/turtlebot4_ws/install/turtlebot4_bringup:/home/jc/turtlebot4_ws/install/turtlebot4_base:/home/jc/turtlebot4_ws/install/turtlebot4_node:/home/jc/turtlebot4_ws/install/turtlebot4_navigation:/home/jc/turtlebot4_ws/install/turtlebot4_ignition_toolbox:/home/jc/turtlebot4_ws/install/turtlebot4_msgs:/home/jc/turtlebot4_ws/install/turtlebot4_ignition_gui_plugins:/home/jc/turtlebot4_ws/install/turtlebot4_description:/home/jc/turtlebot4_ws/install/irobot_create_toolbox:/home/jc/turtlebot4_ws/install/irobot_create_msgs:/home/jc/turtlebot4_ws/install/irobot_create_ignition_plugins:/home/jc/turtlebot4_ws/install/irobot_create_description:/home/jc/turtlebot4_ws/install/irobot_create_control:/home/jc/turtlebot3/install/turtlebot3_teleop:/home/jc/turtlebot3/install/turtlebot3_example:/home/jc/turtlebot3/install/nav2_gazebo_spawner:/home/jc/nav2_ws/install/nav2_gazebo_spawner:/opt/ros/foxy:/home/jc/turtlebot4_ws/install/turtlebot4_tests:/home/jc/turtlebot4_ws/install/turtlebot4_diagnostics LD_LIBRARY_PATH=/home/jc/carto_ws/src/install/cartographer_ros_msgs/lib:${LD_LIBRARY_PATH} PATH=/home/jc/carto_ws/src/install/cartographer/bin:${PATH} PKG_CONFIG_PATH=/home/jc/carto_ws/src/install/cartographer/lib/x86_64-linux-gnu/pkgconfig:/home/jc/carto_ws/src/install/cartographer/lib/pkgconfig:${PKG_CONFIG_PATH} PYTHONPATH=/home/jc/carto_ws/src/install/cartographer_ros_msgs/lib/python3.8/site-packages:${PYTHONPATH} /usr/bin/cmake /home/jc/carto_ws/src/cartographer_ros/cartographer_ros -DCMAKE_INSTALL_PREFIX=/home/jc/carto_ws/src/install/cartographer_ros
[196.068s] DEBUG:colcon.colcon_core.event_handler.log_command:Invoking command in '/home/jc/carto_ws/src/build/cartographer_ros': AMENT_PREFIX_PATH=/home/jc/carto_ws/src/install/cartographer_ros_msgs:${AMENT_PREFIX_PATH} CMAKE_PREFIX_PATH=/home/jc/carto_ws/src/install/cartographer_ros_msgs:/home/jc/carto_ws/src/install/cartographer:/home/jc/turtlebot3/install/turtlebot3:/home/jc/turtlebot3/install/turtlebot3_simulations:/home/jc/turtlebot3/install/turtlebot3_bringup:/home/jc/turtlebot3/install/turtlebot3_node:/home/jc/turtlebot3/install/turtlebot3_navigation2:/home/jc/turtlebot3/install/turtlebot3_fake_node:/home/jc/turtlebot3/install/turtlebot3_msgs:/home/jc/turtlebot3/install/turtlebot3_gazebo:/home/jc/turtlebot3/install/turtlebot3_description:/home/jc/turtlebot3/install/turtlebot3_cartographer:/home/jc/turtlebot3/install/test:/home/jc/turtlebot3/install/nav2_system_tests:/home/jc/turtlebot3/install/nav2_bringup:/home/jc/turtlebot3/install/navigation2:/home/jc/turtlebot3/install/smac_planner:/home/jc/turtlebot3/install/nav2_dwb_controller:/home/jc/turtlebot3/install/nav2_controller:/home/jc/turtlebot3/install/dwb_plugins:/home/jc/turtlebot3/install/dwb_critics:/home/jc/turtlebot3/install/dwb_core:/home/jc/turtlebot3/install/nav_2d_utils:/home/jc/turtlebot3/install/dwb_msgs:/home/jc/turtlebot3/install/nav_2d_msgs:/home/jc/turtlebot3/install/nav2_waypoint_follower:/home/jc/turtlebot3/install/nav2_regulated_pure_pursuit_controller:/home/jc/turtlebot3/install/nav2_recoveries:/home/jc/turtlebot3/install/nav2_planner:/home/jc/turtlebot3/install/nav2_navfn_planner:/home/jc/turtlebot3/install/nav2_core:/home/jc/turtlebot3/install/costmap_queue:/home/jc/turtlebot3/install/nav2_costmap_2d:/home/jc/turtlebot3/install/nav2_voxel_grid:/home/jc/turtlebot3/install/nav2_rviz_plugins:/home/jc/turtlebot3/install/nav2_map_server:/home/jc/turtlebot3/install/nav2_lifecycle_manager:/home/jc/turtlebot3/install/nav2_bt_navigator:/home/jc/turtlebot3/install/nav2_behavior_tree:/home/jc/turtlebot3/install/nav2_amcl:/home/jc/turtlebot3/install/nav2_util:/home/jc/turtlebot3/install/nav2_msgs:/home/jc/turtlebot3/install/nav2_common:/home/jc/nav2_ws/install/nav2_system_tests:/home/jc/nav2_ws/install/nav2_bringup:/home/jc/nav2_ws/install/navigation2:/home/jc/nav2_ws/install/smac_planner:/home/jc/nav2_ws/install/nav2_dwb_controller:/home/jc/nav2_ws/install/nav2_controller:/home/jc/nav2_ws/install/dwb_plugins:/home/jc/nav2_ws/install/dwb_critics:/home/jc/nav2_ws/install/dwb_core:/home/jc/nav2_ws/install/nav_2d_utils:/home/jc/nav2_ws/install/dwb_msgs:/home/jc/nav2_ws/install/nav_2d_msgs:/home/jc/nav2_ws/install/nav2_waypoint_follower:/home/jc/nav2_ws/install/nav2_regulated_pure_pursuit_controller:/home/jc/nav2_ws/install/nav2_recoveries:/home/jc/nav2_ws/install/nav2_planner:/home/jc/nav2_ws/install/nav2_navfn_planner:/home/jc/nav2_ws/install/nav2_core:/home/jc/nav2_ws/install/costmap_queue:/home/jc/nav2_ws/install/nav2_costmap_2d:/home/jc/nav2_ws/install/nav2_voxel_grid:/home/jc/nav2_ws/install/nav2_rviz_plugins:/home/jc/nav2_ws/install/nav2_map_server:/home/jc/nav2_ws/install/nav2_lifecycle_manager:/home/jc/nav2_ws/install/nav2_bt_navigator:/home/jc/nav2_ws/install/nav2_behavior_tree:/home/jc/nav2_ws/install/nav2_amcl:/home/jc/nav2_ws/install/nav2_util:/home/jc/nav2_ws/install/nav2_msgs:/home/jc/nav2_ws/install/nav2_common:/home/jc/carto_ws/install/cartographer_ros:/home/jc/carto_ws/install/cartographer_ros_msgs:/home/jc/carto_ws/install/cartographer:/home/jc/turtlebot4_ws/install/turtlebot4_simulator:/home/jc/turtlebot4_ws/install/turtlebot4_ignition_bringup:/home/jc/turtlebot4_ws/install/turtlebot4_desktop:/home/jc/turtlebot4_ws/install/turtlebot4_viz:/home/jc/turtlebot4_ws/install/turtlebot4_robot:/home/jc/turtlebot4_ws/install/turtlebot4_bringup:/home/jc/turtlebot4_ws/install/turtlebot4_base:/home/jc/turtlebot4_ws/install/turtlebot4_node:/home/jc/turtlebot4_ws/install/turtlebot4_navigation:/home/jc/turtlebot4_ws/install/turtlebot4_ignition_toolbox:/home/jc/turtlebot4_ws/install/turtlebot4_msgs:/home/jc/turtlebot4_ws/install/turtlebot4_ignition_gui_plugins:/home/jc/turtlebot4_ws/install/turtlebot4_description:/home/jc/turtlebot4_ws/install/irobot_create_toolbox:/home/jc/turtlebot4_ws/install/irobot_create_msgs:/home/jc/turtlebot4_ws/install/irobot_create_ignition_plugins:/home/jc/turtlebot4_ws/install/irobot_create_description:/home/jc/turtlebot4_ws/install/irobot_create_control:/home/jc/turtlebot3/install/turtlebot3_teleop:/home/jc/turtlebot3/install/turtlebot3_example:/home/jc/turtlebot3/install/nav2_gazebo_spawner:/home/jc/nav2_ws/install/nav2_gazebo_spawner:/opt/ros/foxy:/home/jc/turtlebot4_ws/install/turtlebot4_tests:/home/jc/turtlebot4_ws/install/turtlebot4_diagnostics LD_LIBRARY_PATH=/home/jc/carto_ws/src/install/cartographer_ros_msgs/lib:${LD_LIBRARY_PATH} PATH=/home/jc/carto_ws/src/install/cartographer/bin:${PATH} PKG_CONFIG_PATH=/home/jc/carto_ws/src/install/cartographer/lib/x86_64-linux-gnu/pkgconfig:/home/jc/carto_ws/src/install/cartographer/lib/pkgconfig:${PKG_CONFIG_PATH} PYTHONPATH=/home/jc/carto_ws/src/install/cartographer_ros_msgs/lib/python3.8/site-packages:${PYTHONPATH} /usr/bin/cmake --build /home/jc/carto_ws/src/build/cartographer_ros -- -j16 -l16
[249.678s] DEBUG:colcon.colcon_core.event_handler.log_command:Invoked command in '/home/jc/carto_ws/src/build/cartographer_ros' returned '0': AMENT_PREFIX_PATH=/home/jc/carto_ws/src/install/cartographer_ros_msgs:${AMENT_PREFIX_PATH} CMAKE_PREFIX_PATH=/home/jc/carto_ws/src/install/cartographer_ros_msgs:/home/jc/carto_ws/src/install/cartographer:/home/jc/turtlebot3/install/turtlebot3:/home/jc/turtlebot3/install/turtlebot3_simulations:/home/jc/turtlebot3/install/turtlebot3_bringup:/home/jc/turtlebot3/install/turtlebot3_node:/home/jc/turtlebot3/install/turtlebot3_navigation2:/home/jc/turtlebot3/install/turtlebot3_fake_node:/home/jc/turtlebot3/install/turtlebot3_msgs:/home/jc/turtlebot3/install/turtlebot3_gazebo:/home/jc/turtlebot3/install/turtlebot3_description:/home/jc/turtlebot3/install/turtlebot3_cartographer:/home/jc/turtlebot3/install/test:/home/jc/turtlebot3/install/nav2_system_tests:/home/jc/turtlebot3/install/nav2_bringup:/home/jc/turtlebot3/install/navigation2:/home/jc/turtlebot3/install/smac_planner:/home/jc/turtlebot3/install/nav2_dwb_controller:/home/jc/turtlebot3/install/nav2_controller:/home/jc/turtlebot3/install/dwb_plugins:/home/jc/turtlebot3/install/dwb_critics:/home/jc/turtlebot3/install/dwb_core:/home/jc/turtlebot3/install/nav_2d_utils:/home/jc/turtlebot3/install/dwb_msgs:/home/jc/turtlebot3/install/nav_2d_msgs:/home/jc/turtlebot3/install/nav2_waypoint_follower:/home/jc/turtlebot3/install/nav2_regulated_pure_pursuit_controller:/home/jc/turtlebot3/install/nav2_recoveries:/home/jc/turtlebot3/install/nav2_planner:/home/jc/turtlebot3/install/nav2_navfn_planner:/home/jc/turtlebot3/install/nav2_core:/home/jc/turtlebot3/install/costmap_queue:/home/jc/turtlebot3/install/nav2_costmap_2d:/home/jc/turtlebot3/install/nav2_voxel_grid:/home/jc/turtlebot3/install/nav2_rviz_plugins:/home/jc/turtlebot3/install/nav2_map_server:/home/jc/turtlebot3/install/nav2_lifecycle_manager:/home/jc/turtlebot3/install/nav2_bt_navigator:/home/jc/turtlebot3/install/nav2_behavior_tree:/home/jc/turtlebot3/install/nav2_amcl:/home/jc/turtlebot3/install/nav2_util:/home/jc/turtlebot3/install/nav2_msgs:/home/jc/turtlebot3/install/nav2_common:/home/jc/nav2_ws/install/nav2_system_tests:/home/jc/nav2_ws/install/nav2_bringup:/home/jc/nav2_ws/install/navigation2:/home/jc/nav2_ws/install/smac_planner:/home/jc/nav2_ws/install/nav2_dwb_controller:/home/jc/nav2_ws/install/nav2_controller:/home/jc/nav2_ws/install/dwb_plugins:/home/jc/nav2_ws/install/dwb_critics:/home/jc/nav2_ws/install/dwb_core:/home/jc/nav2_ws/install/nav_2d_utils:/home/jc/nav2_ws/install/dwb_msgs:/home/jc/nav2_ws/install/nav_2d_msgs:/home/jc/nav2_ws/install/nav2_waypoint_follower:/home/jc/nav2_ws/install/nav2_regulated_pure_pursuit_controller:/home/jc/nav2_ws/install/nav2_recoveries:/home/jc/nav2_ws/install/nav2_planner:/home/jc/nav2_ws/install/nav2_navfn_planner:/home/jc/nav2_ws/install/nav2_core:/home/jc/nav2_ws/install/costmap_queue:/home/jc/nav2_ws/install/nav2_costmap_2d:/home/jc/nav2_ws/install/nav2_voxel_grid:/home/jc/nav2_ws/install/nav2_rviz_plugins:/home/jc/nav2_ws/install/nav2_map_server:/home/jc/nav2_ws/install/nav2_lifecycle_manager:/home/jc/nav2_ws/install/nav2_bt_navigator:/home/jc/nav2_ws/install/nav2_behavior_tree:/home/jc/nav2_ws/install/nav2_amcl:/home/jc/nav2_ws/install/nav2_util:/home/jc/nav2_ws/install/nav2_msgs:/home/jc/nav2_ws/install/nav2_common:/home/jc/carto_ws/install/cartographer_ros:/home/jc/carto_ws/install/cartographer_ros_msgs:/home/jc/carto_ws/install/cartographer:/home/jc/turtlebot4_ws/install/turtlebot4_simulator:/home/jc/turtlebot4_ws/install/turtlebot4_ignition_bringup:/home/jc/turtlebot4_ws/install/turtlebot4_desktop:/home/jc/turtlebot4_ws/install/turtlebot4_viz:/home/jc/turtlebot4_ws/install/turtlebot4_robot:/home/jc/turtlebot4_ws/install/turtlebot4_bringup:/home/jc/turtlebot4_ws/install/turtlebot4_base:/home/jc/turtlebot4_ws/install/turtlebot4_node:/home/jc/turtlebot4_ws/install/turtlebot4_navigation:/home/jc/turtlebot4_ws/install/turtlebot4_ignition_toolbox:/home/jc/turtlebot4_ws/install/turtlebot4_msgs:/home/jc/turtlebot4_ws/install/turtlebot4_ignition_gui_plugins:/home/jc/turtlebot4_ws/install/turtlebot4_description:/home/jc/turtlebot4_ws/install/irobot_create_toolbox:/home/jc/turtlebot4_ws/install/irobot_create_msgs:/home/jc/turtlebot4_ws/install/irobot_create_ignition_plugins:/home/jc/turtlebot4_ws/install/irobot_create_description:/home/jc/turtlebot4_ws/install/irobot_create_control:/home/jc/turtlebot3/install/turtlebot3_teleop:/home/jc/turtlebot3/install/turtlebot3_example:/home/jc/turtlebot3/install/nav2_gazebo_spawner:/home/jc/nav2_ws/install/nav2_gazebo_spawner:/opt/ros/foxy:/home/jc/turtlebot4_ws/install/turtlebot4_tests:/home/jc/turtlebot4_ws/install/turtlebot4_diagnostics LD_LIBRARY_PATH=/home/jc/carto_ws/src/install/cartographer_ros_msgs/lib:${LD_LIBRARY_PATH} PATH=/home/jc/carto_ws/src/install/cartographer/bin:${PATH} PKG_CONFIG_PATH=/home/jc/carto_ws/src/install/cartographer/lib/x86_64-linux-gnu/pkgconfig:/home/jc/carto_ws/src/install/cartographer/lib/pkgconfig:${PKG_CONFIG_PATH} PYTHONPATH=/home/jc/carto_ws/src/install/cartographer_ros_msgs/lib/python3.8/site-packages:${PYTHONPATH} /usr/bin/cmake --build /home/jc/carto_ws/src/build/cartographer_ros -- -j16 -l16
[249.777s] DEBUG:colcon.colcon_core.event_handler.log_command:Invoking command in '/home/jc/carto_ws/src/build/cartographer_ros': AMENT_PREFIX_PATH=/home/jc/carto_ws/src/install/cartographer_ros_msgs:${AMENT_PREFIX_PATH} CMAKE_PREFIX_PATH=/home/jc/carto_ws/src/install/cartographer_ros_msgs:/home/jc/carto_ws/src/install/cartographer:/home/jc/turtlebot3/install/turtlebot3:/home/jc/turtlebot3/install/turtlebot3_simulations:/home/jc/turtlebot3/install/turtlebot3_bringup:/home/jc/turtlebot3/install/turtlebot3_node:/home/jc/turtlebot3/install/turtlebot3_navigation2:/home/jc/turtlebot3/install/turtlebot3_fake_node:/home/jc/turtlebot3/install/turtlebot3_msgs:/home/jc/turtlebot3/install/turtlebot3_gazebo:/home/jc/turtlebot3/install/turtlebot3_description:/home/jc/turtlebot3/install/turtlebot3_cartographer:/home/jc/turtlebot3/install/test:/home/jc/turtlebot3/install/nav2_system_tests:/home/jc/turtlebot3/install/nav2_bringup:/home/jc/turtlebot3/install/navigation2:/home/jc/turtlebot3/install/smac_planner:/home/jc/turtlebot3/install/nav2_dwb_controller:/home/jc/turtlebot3/install/nav2_controller:/home/jc/turtlebot3/install/dwb_plugins:/home/jc/turtlebot3/install/dwb_critics:/home/jc/turtlebot3/install/dwb_core:/home/jc/turtlebot3/install/nav_2d_utils:/home/jc/turtlebot3/install/dwb_msgs:/home/jc/turtlebot3/install/nav_2d_msgs:/home/jc/turtlebot3/install/nav2_waypoint_follower:/home/jc/turtlebot3/install/nav2_regulated_pure_pursuit_controller:/home/jc/turtlebot3/install/nav2_recoveries:/home/jc/turtlebot3/install/nav2_planner:/home/jc/turtlebot3/install/nav2_navfn_planner:/home/jc/turtlebot3/install/nav2_core:/home/jc/turtlebot3/install/costmap_queue:/home/jc/turtlebot3/install/nav2_costmap_2d:/home/jc/turtlebot3/install/nav2_voxel_grid:/home/jc/turtlebot3/install/nav2_rviz_plugins:/home/jc/turtlebot3/install/nav2_map_server:/home/jc/turtlebot3/install/nav2_lifecycle_manager:/home/jc/turtlebot3/install/nav2_bt_navigator:/home/jc/turtlebot3/install/nav2_behavior_tree:/home/jc/turtlebot3/install/nav2_amcl:/home/jc/turtlebot3/install/nav2_util:/home/jc/turtlebot3/install/nav2_msgs:/home/jc/turtlebot3/install/nav2_common:/home/jc/nav2_ws/install/nav2_system_tests:/home/jc/nav2_ws/install/nav2_bringup:/home/jc/nav2_ws/install/navigation2:/home/jc/nav2_ws/install/smac_planner:/home/jc/nav2_ws/install/nav2_dwb_controller:/home/jc/nav2_ws/install/nav2_controller:/home/jc/nav2_ws/install/dwb_plugins:/home/jc/nav2_ws/install/dwb_critics:/home/jc/nav2_ws/install/dwb_core:/home/jc/nav2_ws/install/nav_2d_utils:/home/jc/nav2_ws/install/dwb_msgs:/home/jc/nav2_ws/install/nav_2d_msgs:/home/jc/nav2_ws/install/nav2_waypoint_follower:/home/jc/nav2_ws/install/nav2_regulated_pure_pursuit_controller:/home/jc/nav2_ws/install/nav2_recoveries:/home/jc/nav2_ws/install/nav2_planner:/home/jc/nav2_ws/install/nav2_navfn_planner:/home/jc/nav2_ws/install/nav2_core:/home/jc/nav2_ws/install/costmap_queue:/home/jc/nav2_ws/install/nav2_costmap_2d:/home/jc/nav2_ws/install/nav2_voxel_grid:/home/jc/nav2_ws/install/nav2_rviz_plugins:/home/jc/nav2_ws/install/nav2_map_server:/home/jc/nav2_ws/install/nav2_lifecycle_manager:/home/jc/nav2_ws/install/nav2_bt_navigator:/home/jc/nav2_ws/install/nav2_behavior_tree:/home/jc/nav2_ws/install/nav2_amcl:/home/jc/nav2_ws/install/nav2_util:/home/jc/nav2_ws/install/nav2_msgs:/home/jc/nav2_ws/install/nav2_common:/home/jc/carto_ws/install/cartographer_ros:/home/jc/carto_ws/install/cartographer_ros_msgs:/home/jc/carto_ws/install/cartographer:/home/jc/turtlebot4_ws/install/turtlebot4_simulator:/home/jc/turtlebot4_ws/install/turtlebot4_ignition_bringup:/home/jc/turtlebot4_ws/install/turtlebot4_desktop:/home/jc/turtlebot4_ws/install/turtlebot4_viz:/home/jc/turtlebot4_ws/install/turtlebot4_robot:/home/jc/turtlebot4_ws/install/turtlebot4_bringup:/home/jc/turtlebot4_ws/install/turtlebot4_base:/home/jc/turtlebot4_ws/install/turtlebot4_node:/home/jc/turtlebot4_ws/install/turtlebot4_navigation:/home/jc/turtlebot4_ws/install/turtlebot4_ignition_toolbox:/home/jc/turtlebot4_ws/install/turtlebot4_msgs:/home/jc/turtlebot4_ws/install/turtlebot4_ignition_gui_plugins:/home/jc/turtlebot4_ws/install/turtlebot4_description:/home/jc/turtlebot4_ws/install/irobot_create_toolbox:/home/jc/turtlebot4_ws/install/irobot_create_msgs:/home/jc/turtlebot4_ws/install/irobot_create_ignition_plugins:/home/jc/turtlebot4_ws/install/irobot_create_description:/home/jc/turtlebot4_ws/install/irobot_create_control:/home/jc/turtlebot3/install/turtlebot3_teleop:/home/jc/turtlebot3/install/turtlebot3_example:/home/jc/turtlebot3/install/nav2_gazebo_spawner:/home/jc/nav2_ws/install/nav2_gazebo_spawner:/opt/ros/foxy:/home/jc/turtlebot4_ws/install/turtlebot4_tests:/home/jc/turtlebot4_ws/install/turtlebot4_diagnostics LD_LIBRARY_PATH=/home/jc/carto_ws/src/install/cartographer_ros_msgs/lib:${LD_LIBRARY_PATH} PATH=/home/jc/carto_ws/src/install/cartographer/bin:${PATH} PKG_CONFIG_PATH=/home/jc/carto_ws/src/install/cartographer/lib/x86_64-linux-gnu/pkgconfig:/home/jc/carto_ws/src/install/cartographer/lib/pkgconfig:${PKG_CONFIG_PATH} PYTHONPATH=/home/jc/carto_ws/src/install/cartographer_ros_msgs/lib/python3.8/site-packages:${PYTHONPATH} /usr/bin/cmake --install /home/jc/carto_ws/src/build/cartographer_ros
[249.815s] Level 1:colcon.colcon_core.environment:create_environment_scripts_only(cartographer_ros)
[249.816s] Level 1:colcon.colcon_core.environment:checking '/home/jc/carto_ws/src/install/cartographer_ros' for CMake module files
[249.817s] DEBUG:colcon.colcon_core.event_handler.log_command:Invoked command in '/home/jc/carto_ws/src/build/cartographer_ros' returned '0': AMENT_PREFIX_PATH=/home/jc/carto_ws/src/install/cartographer_ros_msgs:${AMENT_PREFIX_PATH} CMAKE_PREFIX_PATH=/home/jc/carto_ws/src/install/cartographer_ros_msgs:/home/jc/carto_ws/src/install/cartographer:/home/jc/turtlebot3/install/turtlebot3:/home/jc/turtlebot3/install/turtlebot3_simulations:/home/jc/turtlebot3/install/turtlebot3_bringup:/home/jc/turtlebot3/install/turtlebot3_node:/home/jc/turtlebot3/install/turtlebot3_navigation2:/home/jc/turtlebot3/install/turtlebot3_fake_node:/home/jc/turtlebot3/install/turtlebot3_msgs:/home/jc/turtlebot3/install/turtlebot3_gazebo:/home/jc/turtlebot3/install/turtlebot3_description:/home/jc/turtlebot3/install/turtlebot3_cartographer:/home/jc/turtlebot3/install/test:/home/jc/turtlebot3/install/nav2_system_tests:/home/jc/turtlebot3/install/nav2_bringup:/home/jc/turtlebot3/install/navigation2:/home/jc/turtlebot3/install/smac_planner:/home/jc/turtlebot3/install/nav2_dwb_controller:/home/jc/turtlebot3/install/nav2_controller:/home/jc/turtlebot3/install/dwb_plugins:/home/jc/turtlebot3/install/dwb_critics:/home/jc/turtlebot3/install/dwb_core:/home/jc/turtlebot3/install/nav_2d_utils:/home/jc/turtlebot3/install/dwb_msgs:/home/jc/turtlebot3/install/nav_2d_msgs:/home/jc/turtlebot3/install/nav2_waypoint_follower:/home/jc/turtlebot3/install/nav2_regulated_pure_pursuit_controller:/home/jc/turtlebot3/install/nav2_recoveries:/home/jc/turtlebot3/install/nav2_planner:/home/jc/turtlebot3/install/nav2_navfn_planner:/home/jc/turtlebot3/install/nav2_core:/home/jc/turtlebot3/install/costmap_queue:/home/jc/turtlebot3/install/nav2_costmap_2d:/home/jc/turtlebot3/install/nav2_voxel_grid:/home/jc/turtlebot3/install/nav2_rviz_plugins:/home/jc/turtlebot3/install/nav2_map_server:/home/jc/turtlebot3/install/nav2_lifecycle_manager:/home/jc/turtlebot3/install/nav2_bt_navigator:/home/jc/turtlebot3/install/nav2_behavior_tree:/home/jc/turtlebot3/install/nav2_amcl:/home/jc/turtlebot3/install/nav2_util:/home/jc/turtlebot3/install/nav2_msgs:/home/jc/turtlebot3/install/nav2_common:/home/jc/nav2_ws/install/nav2_system_tests:/home/jc/nav2_ws/install/nav2_bringup:/home/jc/nav2_ws/install/navigation2:/home/jc/nav2_ws/install/smac_planner:/home/jc/nav2_ws/install/nav2_dwb_controller:/home/jc/nav2_ws/install/nav2_controller:/home/jc/nav2_ws/install/dwb_plugins:/home/jc/nav2_ws/install/dwb_critics:/home/jc/nav2_ws/install/dwb_core:/home/jc/nav2_ws/install/nav_2d_utils:/home/jc/nav2_ws/install/dwb_msgs:/home/jc/nav2_ws/install/nav_2d_msgs:/home/jc/nav2_ws/install/nav2_waypoint_follower:/home/jc/nav2_ws/install/nav2_regulated_pure_pursuit_controller:/home/jc/nav2_ws/install/nav2_recoveries:/home/jc/nav2_ws/install/nav2_planner:/home/jc/nav2_ws/install/nav2_navfn_planner:/home/jc/nav2_ws/install/nav2_core:/home/jc/nav2_ws/install/costmap_queue:/home/jc/nav2_ws/install/nav2_costmap_2d:/home/jc/nav2_ws/install/nav2_voxel_grid:/home/jc/nav2_ws/install/nav2_rviz_plugins:/home/jc/nav2_ws/install/nav2_map_server:/home/jc/nav2_ws/install/nav2_lifecycle_manager:/home/jc/nav2_ws/install/nav2_bt_navigator:/home/jc/nav2_ws/install/nav2_behavior_tree:/home/jc/nav2_ws/install/nav2_amcl:/home/jc/nav2_ws/install/nav2_util:/home/jc/nav2_ws/install/nav2_msgs:/home/jc/nav2_ws/install/nav2_common:/home/jc/carto_ws/install/cartographer_ros:/home/jc/carto_ws/install/cartographer_ros_msgs:/home/jc/carto_ws/install/cartographer:/home/jc/turtlebot4_ws/install/turtlebot4_simulator:/home/jc/turtlebot4_ws/install/turtlebot4_ignition_bringup:/home/jc/turtlebot4_ws/install/turtlebot4_desktop:/home/jc/turtlebot4_ws/install/turtlebot4_viz:/home/jc/turtlebot4_ws/install/turtlebot4_robot:/home/jc/turtlebot4_ws/install/turtlebot4_bringup:/home/jc/turtlebot4_ws/install/turtlebot4_base:/home/jc/turtlebot4_ws/install/turtlebot4_node:/home/jc/turtlebot4_ws/install/turtlebot4_navigation:/home/jc/turtlebot4_ws/install/turtlebot4_ignition_toolbox:/home/jc/turtlebot4_ws/install/turtlebot4_msgs:/home/jc/turtlebot4_ws/install/turtlebot4_ignition_gui_plugins:/home/jc/turtlebot4_ws/install/turtlebot4_description:/home/jc/turtlebot4_ws/install/irobot_create_toolbox:/home/jc/turtlebot4_ws/install/irobot_create_msgs:/home/jc/turtlebot4_ws/install/irobot_create_ignition_plugins:/home/jc/turtlebot4_ws/install/irobot_create_description:/home/jc/turtlebot4_ws/install/irobot_create_control:/home/jc/turtlebot3/install/turtlebot3_teleop:/home/jc/turtlebot3/install/turtlebot3_example:/home/jc/turtlebot3/install/nav2_gazebo_spawner:/home/jc/nav2_ws/install/nav2_gazebo_spawner:/opt/ros/foxy:/home/jc/turtlebot4_ws/install/turtlebot4_tests:/home/jc/turtlebot4_ws/install/turtlebot4_diagnostics LD_LIBRARY_PATH=/home/jc/carto_ws/src/install/cartographer_ros_msgs/lib:${LD_LIBRARY_PATH} PATH=/home/jc/carto_ws/src/install/cartographer/bin:${PATH} PKG_CONFIG_PATH=/home/jc/carto_ws/src/install/cartographer/lib/x86_64-linux-gnu/pkgconfig:/home/jc/carto_ws/src/install/cartographer/lib/pkgconfig:${PKG_CONFIG_PATH} PYTHONPATH=/home/jc/carto_ws/src/install/cartographer_ros_msgs/lib/python3.8/site-packages:${PYTHONPATH} /usr/bin/cmake --install /home/jc/carto_ws/src/build/cartographer_ros
[249.817s] Level 1:colcon.colcon_core.environment:checking '/home/jc/carto_ws/src/install/cartographer_ros' for CMake config files
[249.818s] Level 1:colcon.colcon_core.shell:create_environment_hook('cartographer_ros', 'cmake_prefix_path')
[249.819s] INFO:colcon.colcon_core.shell:Creating environment hook '/home/jc/carto_ws/src/install/cartographer_ros/share/cartographer_ros/hook/cmake_prefix_path.ps1'
[249.820s] INFO:colcon.colcon_core.shell:Creating environment descriptor '/home/jc/carto_ws/src/install/cartographer_ros/share/cartographer_ros/hook/cmake_prefix_path.dsv'
[249.820s] INFO:colcon.colcon_core.shell:Creating environment hook '/home/jc/carto_ws/src/install/cartographer_ros/share/cartographer_ros/hook/cmake_prefix_path.sh'
[249.820s] Level 1:colcon.colcon_core.environment:checking '/home/jc/carto_ws/src/install/cartographer_ros/lib'
[249.820s] Level 1:colcon.colcon_core.environment:checking '/home/jc/carto_ws/src/install/cartographer_ros/bin'
[249.820s] Level 1:colcon.colcon_core.environment:checking '/home/jc/carto_ws/src/install/cartographer_ros/lib/pkgconfig/cartographer_ros.pc'
[249.821s] Level 1:colcon.colcon_core.environment:checking '/home/jc/carto_ws/src/install/cartographer_ros/lib/python3.8/site-packages'
[249.821s] Level 1:colcon.colcon_core.environment:checking '/home/jc/carto_ws/src/install/cartographer_ros/bin'
[249.821s] INFO:colcon.colcon_core.shell:Creating package script '/home/jc/carto_ws/src/install/cartographer_ros/share/cartographer_ros/package.ps1'
[249.822s] INFO:colcon.colcon_core.shell:Creating package descriptor '/home/jc/carto_ws/src/install/cartographer_ros/share/cartographer_ros/package.dsv'
[249.822s] INFO:colcon.colcon_core.shell:Creating package script '/home/jc/carto_ws/src/install/cartographer_ros/share/cartographer_ros/package.sh'
[249.822s] INFO:colcon.colcon_core.shell:Creating package script '/home/jc/carto_ws/src/install/cartographer_ros/share/cartographer_ros/package.bash'
[249.822s] INFO:colcon.colcon_core.shell:Creating package script '/home/jc/carto_ws/src/install/cartographer_ros/share/cartographer_ros/package.zsh'
[249.822s] Level 1:colcon.colcon_core.environment:create_file_with_runtime_dependencies(/home/jc/carto_ws/src/install/cartographer_ros/share/colcon-core/packages/cartographer_ros)
[249.923s] Level 1:colcon.colcon_core.environment:create_environment_scripts_only(cartographer_ros)
[249.924s] Level 1:colcon.colcon_core.environment:checking '/home/jc/carto_ws/src/install/cartographer_ros' for CMake module files
[249.925s] Level 1:colcon.colcon_core.environment:checking '/home/jc/carto_ws/src/install/cartographer_ros' for CMake config files
[249.925s] Level 1:colcon.colcon_core.shell:create_environment_hook('cartographer_ros', 'cmake_prefix_path')
[249.926s] INFO:colcon.colcon_core.shell:Creating environment hook '/home/jc/carto_ws/src/install/cartographer_ros/share/cartographer_ros/hook/cmake_prefix_path.ps1'
[249.926s] INFO:colcon.colcon_core.shell:Creating environment descriptor '/home/jc/carto_ws/src/install/cartographer_ros/share/cartographer_ros/hook/cmake_prefix_path.dsv'
[249.926s] INFO:colcon.colcon_core.shell:Creating environment hook '/home/jc/carto_ws/src/install/cartographer_ros/share/cartographer_ros/hook/cmake_prefix_path.sh'
[249.927s] Level 1:colcon.colcon_core.environment:checking '/home/jc/carto_ws/src/install/cartographer_ros/lib'
[249.927s] Level 1:colcon.colcon_core.environment:checking '/home/jc/carto_ws/src/install/cartographer_ros/bin'
[249.927s] Level 1:colcon.colcon_core.environment:checking '/home/jc/carto_ws/src/install/cartographer_ros/lib/pkgconfig/cartographer_ros.pc'
[249.927s] Level 1:colcon.colcon_core.environment:checking '/home/jc/carto_ws/src/install/cartographer_ros/lib/python3.8/site-packages'
[249.927s] Level 1:colcon.colcon_core.environment:checking '/home/jc/carto_ws/src/install/cartographer_ros/bin'
[249.928s] INFO:colcon.colcon_core.shell:Creating package script '/home/jc/carto_ws/src/install/cartographer_ros/share/cartographer_ros/package.ps1'
[249.928s] INFO:colcon.colcon_core.shell:Creating package descriptor '/home/jc/carto_ws/src/install/cartographer_ros/share/cartographer_ros/package.dsv'
[249.929s] INFO:colcon.colcon_core.shell:Creating package script '/home/jc/carto_ws/src/install/cartographer_ros/share/cartographer_ros/package.sh'
[249.929s] INFO:colcon.colcon_core.shell:Creating package script '/home/jc/carto_ws/src/install/cartographer_ros/share/cartographer_ros/package.bash'
[249.930s] INFO:colcon.colcon_core.shell:Creating package script '/home/jc/carto_ws/src/install/cartographer_ros/share/cartographer_ros/package.zsh'
[249.930s] Level 1:colcon.colcon_core.environment:create_file_with_runtime_dependencies(/home/jc/carto_ws/src/install/cartographer_ros/share/colcon-core/packages/cartographer_ros)
[249.930s] DEBUG:colcon.colcon_parallel_executor.executor.parallel:closing loop
[249.931s] DEBUG:colcon.colcon_parallel_executor.executor.parallel:loop closed
[249.931s] DEBUG:colcon.colcon_parallel_executor.executor.parallel:run_until_complete finished with '0'
[249.931s] DEBUG:colcon.colcon_core.event_reactor:joining thread
[249.943s] INFO:colcon.colcon_core.plugin_system:Skipping extension 'colcon_notification.desktop_notification.terminal_notifier': Not used on non-Darwin systems
[249.943s] INFO:colcon.colcon_core.plugin_system:Skipping extension 'colcon_notification.desktop_notification.win32': Not used on non-Windows systems
[249.943s] INFO:colcon.colcon_notification.desktop_notification:Sending desktop notification using 'notify2'
[249.960s] DEBUG:colcon.colcon_core.event_reactor:joined thread
[249.961s] INFO:colcon.colcon_core.shell:Creating prefix script '/home/jc/carto_ws/src/install/local_setup.ps1'
[249.963s] INFO:colcon.colcon_core.shell:Creating prefix util module '/home/jc/carto_ws/src/install/_local_setup_util_ps1.py'
[249.964s] INFO:colcon.colcon_core.shell:Creating prefix chain script '/home/jc/carto_ws/src/install/setup.ps1'
[249.969s] INFO:colcon.colcon_core.shell:Creating prefix script '/home/jc/carto_ws/src/install/local_setup.sh'
[249.971s] INFO:colcon.colcon_core.shell:Creating prefix util module '/home/jc/carto_ws/src/install/_local_setup_util_sh.py'
[249.971s] INFO:colcon.colcon_core.shell:Creating prefix chain script '/home/jc/carto_ws/src/install/setup.sh'
[249.975s] INFO:colcon.colcon_core.shell:Creating prefix script '/home/jc/carto_ws/src/install/local_setup.bash'
[249.976s] INFO:colcon.colcon_core.shell:Creating prefix chain script '/home/jc/carto_ws/src/install/setup.bash'
[249.979s] INFO:colcon.colcon_core.shell:Creating prefix script '/home/jc/carto_ws/src/install/local_setup.zsh'
[249.980s] INFO:colcon.colcon_core.shell:Creating prefix chain script '/home/jc/carto_ws/src/install/setup.zsh'
